[ 2016-12-16T19:14:54+08:00 ] 101.226.89.119 /weiphp30/index.php?s%3D/addon/WeiSite/WeiSite/index/publicid/1.html%26publicid%3D1%26%26code%3D0010Mi4Q1RsNh61EhP3Q1zHx4Q10Mi4j%26state%3Dweiphp
INFO: [ app_init ] --START--
INFO: Run Behavior\BuildLiteBehavior [ RunTime:0.000009s ]
INFO: Run Common\Behavior\InitHookBehavior [ RunTime:0.000809s ]
INFO: [ app_init ] --END-- [ RunTime:0.001032s ]
INFO: [ app_begin ] --START--
INFO: Run Behavior\ReadHtmlCacheBehavior [ RunTime:0.000281s ]
INFO: [ app_begin ] --END-- [ RunTime:0.000307s ]
SQL: SELECT `value` FROM `wp_config` WHERE ( name="FOLLOW_YOUKE_UID" ) LIMIT 1   [ RunTime:0.0003s ]
SQL: UPDATE `wp_config` SET `value`='-2858' WHERE ( name="FOLLOW_YOUKE_UID" ) [ RunTime:0.0002s ]
NOTIC: [8] Undefined index: uid /home/weiphp30/ThinkPHP/Library/Think/Controller.class.php 第 526 行.
SQL: SHOW COLUMNS FROM `wp_auth_group_access` [ RunTime:0.0005s ]
SQL: SELECT a.uid,a.group_id,g.title,g.rules FROM wp_auth_group_access a INNER JOIN wp_auth_group g on a.group_id=g.id  WHERE ( a.uid='-2858' and g.status='1' )  [ RunTime:0.0003s ]
SQL: SELECT `id`,`token` FROM `wp_public`  [ RunTime:0.0002s ]
NOTIC: [8] Undefined offset: -1 /home/weiphp30/Application/Common/Model/PublicModel.class.php 第 38 行.
NOTIC: [8] Undefined index: addon_status /home/weiphp30/Application/Common/Model/AddonStatusModel.class.php 第 47 行.
NOTIC: [8] Undefined index: group_id /home/weiphp30/Application/Common/Model/AddonStatusModel.class.php 第 50 行.
NOTIC: [8] Undefined variable: addons /home/weiphp30/Application/Common/Common/function.php 第 501 行.
NOTIC: [8] Undefined variable: addons /home/weiphp30/Application/Common/Common/function.php 第 501 行.
NOTIC: [8] Undefined variable: addons /home/weiphp30/Application/Common/Common/function.php 第 501 行.
NOTIC: [8] Undefined variable: addons /home/weiphp30/Application/Common/Common/function.php 第 501 行.
NOTIC: [8] Undefined variable: addons /home/weiphp30/Application/Common/Common/function.php 第 501 行.
NOTIC: [8] Undefined variable: addons /home/weiphp30/Application/Common/Common/function.php 第 501 行.
NOTIC: [8] Undefined variable: addons /home/weiphp30/Application/Common/Common/function.php 第 501 行.
NOTIC: [8] Undefined variable: addons /home/weiphp30/Application/Common/Common/function.php 第 501 行.
NOTIC: [8] Undefined variable: addons /home/weiphp30/Application/Common/Common/function.php 第 501 行.
NOTIC: [8] Undefined variable: addons /home/weiphp30/Application/Common/Common/function.php 第 501 行.
NOTIC: [8] Undefined variable: addons /home/weiphp30/Application/Common/Common/function.php 第 501 行.
NOTIC: [8] Undefined variable: addons /home/weiphp30/Application/Common/Common/function.php 第 501 行.
NOTIC: [8] Undefined variable: addons /home/weiphp30/Application/Common/Common/function.php 第 501 行.
NOTIC: [8] Undefined variable: addons /home/weiphp30/Application/Common/Common/function.php 第 501 行.
NOTIC: [8] Undefined variable: addons /home/weiphp30/Application/Common/Common/function.php 第 501 行.
NOTIC: [8] Undefined variable: addons /home/weiphp30/Application/Common/Common/function.php 第 501 行.
NOTIC: [8] Undefined variable: addons /home/weiphp30/Application/Common/Common/function.php 第 501 行.
NOTIC: [8] Undefined variable: addons /home/weiphp30/Application/Common/Common/function.php 第 501 行.
NOTIC: [8] Undefined variable: addons /home/weiphp30/Application/Common/Common/function.php 第 501 行.
NOTIC: [8] Undefined variable: addons /home/weiphp30/Application/Common/Common/function.php 第 501 行.
NOTIC: [8] Undefined variable: addons /home/weiphp30/Application/Common/Common/function.php 第 501 行.
NOTIC: [8] Undefined variable: addons /home/weiphp30/Application/Common/Common/function.php 第 501 行.
NOTIC: [8] Undefined variable: addons /home/weiphp30/Application/Common/Common/function.php 第 501 行.
NOTIC: [8] Undefined variable: addons /home/weiphp30/Application/Common/Common/function.php 第 501 行.
NOTIC: [8] Undefined variable: addons /home/weiphp30/Application/Common/Common/function.php 第 501 行.
NOTIC: [8] Undefined variable: addons /home/weiphp30/Application/Common/Common/function.php 第 501 行.
NOTIC: [8] Undefined variable: addons /home/weiphp30/Application/Common/Common/function.php 第 501 行.
NOTIC: [8] Undefined variable: addons /home/weiphp30/Application/Common/Common/function.php 第 501 行.
NOTIC: [8] Undefined variable: addons /home/weiphp30/Application/Common/Common/function.php 第 501 行.
NOTIC: [8] Undefined variable: addons /home/weiphp30/Application/Common/Common/function.php 第 501 行.
NOTIC: [8] Undefined variable: addons /home/weiphp30/Application/Common/Common/function.php 第 501 行.
NOTIC: [8] Undefined variable: addons /home/weiphp30/Application/Common/Common/function.php 第 501 行.
NOTIC: [8] Undefined variable: addons /home/weiphp30/Application/Common/Common/function.php 第 501 行.
NOTIC: [8] Undefined variable: addons /home/weiphp30/Application/Common/Common/function.php 第 501 行.
NOTIC: [8] Undefined variable: addons /home/weiphp30/Application/Common/Common/function.php 第 501 行.
NOTIC: [8] Undefined variable: addons /home/weiphp30/Application/Common/Common/function.php 第 501 行.
NOTIC: [8] Undefined variable: addons /home/weiphp30/Application/Common/Common/function.php 第 501 行.
NOTIC: [8] Undefined variable: addons /home/weiphp30/Application/Common/Common/function.php 第 501 行.
NOTIC: [8] Undefined variable: addons /home/weiphp30/Application/Common/Common/function.php 第 501 行.
NOTIC: [8] Undefined variable: addons /home/weiphp30/Application/Common/Common/function.php 第 501 行.
NOTIC: [8] Undefined variable: addons /home/weiphp30/Application/Common/Common/function.php 第 501 行.
SQL: SELECT * FROM `wp_manager_menu` WHERE `uid` = 0 AND `is_hide` = 0 ORDER BY sort asc, id asc  [ RunTime:0.0002s ]
SQL: SELECT * FROM `wp_manager_menu` WHERE `uid` = 1 AND `is_hide` = 0 ORDER BY sort asc, id asc  [ RunTime:0.0004s ]
NOTIC: [8] Undefined variable: addons /home/weiphp30/Application/Common/Common/function.php 第 501 行.
NOTIC: [8] Undefined variable: addons /home/weiphp30/Application/Common/Common/function.php 第 501 行.
NOTIC: [8] Undefined variable: addons /home/weiphp30/Application/Common/Common/function.php 第 501 行.
NOTIC: [8] Undefined variable: addons /home/weiphp30/Application/Common/Common/function.php 第 501 行.
NOTIC: [8] Undefined variable: addons /home/weiphp30/Application/Common/Common/function.php 第 501 行.
NOTIC: [8] Undefined variable: addons /home/weiphp30/Application/Common/Common/function.php 第 501 行.
NOTIC: [8] Undefined variable: addons /home/weiphp30/Application/Common/Common/function.php 第 501 行.
NOTIC: [8] Undefined variable: addons /home/weiphp30/Application/Common/Common/function.php 第 501 行.
NOTIC: [8] Undefined variable: addons /home/weiphp30/Application/Common/Common/function.php 第 501 行.
NOTIC: [8] Undefined variable: addons /home/weiphp30/Application/Common/Common/function.php 第 501 行.
NOTIC: [8] Undefined offset: 14 /home/weiphp30/Application/Common/Model/ManagerMenuModel.class.php 第 106 行.
NOTIC: [8] Undefined offset: 14 /home/weiphp30/Application/Common/Model/ManagerMenuModel.class.php 第 116 行.
NOTIC: [8] Undefined offset: 60 /home/weiphp30/Application/Common/Model/ManagerMenuModel.class.php 第 106 行.
NOTIC: [8] Undefined offset: 60 /home/weiphp30/Application/Common/Model/ManagerMenuModel.class.php 第 116 行.
NOTIC: [8] Undefined index: HTTP_REFERER /home/weiphp30/Application/Common/Model/ManagerMenuModel.class.php 第 139 行.
NOTIC: [8] Undefined index: side /home/weiphp30/Application/Common/Model/ManagerMenuModel.class.php 第 179 行.
NOTIC: [8] Undefined index: side /home/weiphp30/Application/Common/Model/ManagerMenuModel.class.php 第 179 行.
NOTIC: [8] Undefined index: side /home/weiphp30/Application/Common/Model/ManagerMenuModel.class.php 第 179 行.
NOTIC: [8] Undefined index: side /home/weiphp30/Application/Common/Model/ManagerMenuModel.class.php 第 179 行.
NOTIC: [8] Undefined index: side /home/weiphp30/Application/Common/Model/ManagerMenuModel.class.php 第 179 行.
NOTIC: [8] Undefined index: side /home/weiphp30/Application/Common/Model/ManagerMenuModel.class.php 第 179 行.
NOTIC: [8] Undefined index: side /home/weiphp30/Application/Common/Model/ManagerMenuModel.class.php 第 179 行.
NOTIC: [8] Undefined index: side /home/weiphp30/Application/Common/Model/ManagerMenuModel.class.php 第 179 行.
NOTIC: [8] Undefined index: side /home/weiphp30/Application/Common/Model/ManagerMenuModel.class.php 第 179 行.
NOTIC: [8] Undefined index: side /home/weiphp30/Application/Common/Model/ManagerMenuModel.class.php 第 179 行.
NOTIC: [8] Undefined index: side /home/weiphp30/Application/Common/Model/ManagerMenuModel.class.php 第 179 行.
NOTIC: [8] Undefined index: side /home/weiphp30/Application/Common/Model/ManagerMenuModel.class.php 第 179 行.
NOTIC: [8] Undefined index: side /home/weiphp30/Application/Common/Model/ManagerMenuModel.class.php 第 179 行.
NOTIC: [8] Undefined index: side /home/weiphp30/Application/Common/Model/ManagerMenuModel.class.php 第 179 行.
NOTIC: [8] Undefined index: side /home/weiphp30/Application/Common/Model/ManagerMenuModel.class.php 第 179 行.
NOTIC: [8] Undefined index: side /home/weiphp30/Application/Common/Model/ManagerMenuModel.class.php 第 179 行.
NOTIC: [8] Undefined index: side /home/weiphp30/Application/Common/Model/ManagerMenuModel.class.php 第 179 行.
NOTIC: [8] Undefined index: side /home/weiphp30/Application/Common/Model/ManagerMenuModel.class.php 第 179 行.
NOTIC: [8] Undefined index: side /home/weiphp30/Application/Common/Model/ManagerMenuModel.class.php 第 179 行.
NOTIC: [8] Undefined index: side /home/weiphp30/Application/Common/Model/ManagerMenuModel.class.php 第 179 行.
NOTIC: [8] Undefined index: side /home/weiphp30/Application/Common/Model/ManagerMenuModel.class.php 第 179 行.
NOTIC: [8] Undefined index: side /home/weiphp30/Application/Common/Model/ManagerMenuModel.class.php 第 179 行.
NOTIC: [8] Undefined index: side /home/weiphp30/Application/Common/Model/ManagerMenuModel.class.php 第 179 行.
NOTIC: [8] Undefined index: side /home/weiphp30/Application/Common/Model/ManagerMenuModel.class.php 第 179 行.
NOTIC: [8] Undefined index: side /home/weiphp30/Application/Common/Model/ManagerMenuModel.class.php 第 179 行.
NOTIC: [8] Undefined index: side /home/weiphp30/Application/Common/Model/ManagerMenuModel.class.php 第 179 行.
NOTIC: [8] Undefined index: side /home/weiphp30/Application/Common/Model/ManagerMenuModel.class.php 第 179 行.
NOTIC: [8] Undefined index: side /home/weiphp30/Application/Common/Model/ManagerMenuModel.class.php 第 179 行.
NOTIC: [8] Undefined index: side /home/weiphp30/Application/Common/Model/ManagerMenuModel.class.php 第 179 行.
NOTIC: [8] Undefined index: side /home/weiphp30/Application/Common/Model/ManagerMenuModel.class.php 第 179 行.
NOTIC: [8] Undefined index: side /home/weiphp30/Application/Common/Model/ManagerMenuModel.class.php 第 179 行.
NOTIC: [8] Undefined index: side /home/weiphp30/Application/Common/Model/ManagerMenuModel.class.php 第 179 行.
NOTIC: [8] Undefined index: side /home/weiphp30/Application/Common/Model/ManagerMenuModel.class.php 第 179 行.
NOTIC: [8] Undefined index: side /home/weiphp30/Application/Common/Model/ManagerMenuModel.class.php 第 179 行.
NOTIC: [8] Undefined index: side /home/weiphp30/Application/Common/Model/ManagerMenuModel.class.php 第 179 行.
NOTIC: [8] Undefined index: side /home/weiphp30/Application/Common/Model/ManagerMenuModel.class.php 第 179 行.
NOTIC: [8] Undefined index: side /home/weiphp30/Application/Common/Model/ManagerMenuModel.class.php 第 179 行.
NOTIC: [8] Undefined index: side /home/weiphp30/Application/Common/Model/ManagerMenuModel.class.php 第 179 行.
NOTIC: [8] Undefined index: side /home/weiphp30/Application/Common/Model/ManagerMenuModel.class.php 第 179 行.
NOTIC: [8] Undefined index: side /home/weiphp30/Application/Common/Model/ManagerMenuModel.class.php 第 179 行.
NOTIC: [8] Undefined index: side /home/weiphp30/Application/Common/Model/ManagerMenuModel.class.php 第 179 行.
NOTIC: [8] Undefined index: side /home/weiphp30/Application/Common/Model/ManagerMenuModel.class.php 第 179 行.
NOTIC: [8] Undefined index: side /home/weiphp30/Application/Common/Model/ManagerMenuModel.class.php 第 179 行.
NOTIC: [8] Undefined index: side /home/weiphp30/Application/Common/Model/ManagerMenuModel.class.php 第 179 行.
NOTIC: [8] Undefined index: side /home/weiphp30/Application/Common/Model/ManagerMenuModel.class.php 第 179 行.
NOTIC: [8] Undefined index: side /home/weiphp30/Application/Common/Model/ManagerMenuModel.class.php 第 179 行.
NOTIC: [8] Undefined index: side /home/weiphp30/Application/Common/Model/ManagerMenuModel.class.php 第 179 行.
NOTIC: [8] Undefined offset: 14 /home/weiphp30/Application/Common/Model/ManagerMenuModel.class.php 第 185 行.
SQL: SELECT * FROM `wp_public_link` WHERE `uid` = 0  [ RunTime:0.0002s ]
NOTIC: [2] Invalid argument supplied for foreach() /home/weiphp30/Application/Common/Model/PublicModel.class.php 第 48 行.
NOTIC: [8] Undefined variable: res /home/weiphp30/Application/Common/Model/PublicModel.class.php 第 52 行.

[ 2016-12-16T19:14:55+08:00 ] 101.226.89.119 /weiphp30/index.php?s=/Home/Public/User/login/from/1.html
INFO: [ app_init ] --START--
INFO: Run Behavior\BuildLiteBehavior [ RunTime:0.000008s ]
INFO: Run Common\Behavior\InitHookBehavior [ RunTime:0.000847s ]
INFO: [ app_init ] --END-- [ RunTime:0.001079s ]
INFO: [ app_begin ] --START--
INFO: Run Behavior\ReadHtmlCacheBehavior [ RunTime:0.000271s ]
INFO: [ app_begin ] --END-- [ RunTime:0.000297s ]
NOTIC: [8] Undefined index: uid /home/weiphp30/ThinkPHP/Library/Think/Controller.class.php 第 526 行.
SQL: SHOW COLUMNS FROM `wp_auth_group_access` [ RunTime:0.0006s ]
SQL: SELECT a.uid,a.group_id,g.title,g.rules FROM wp_auth_group_access a INNER JOIN wp_auth_group g on a.group_id=g.id  WHERE ( a.uid='-2858' and g.status='1' )  [ RunTime:0.0003s ]

[ 2016-12-16T19:14:55+08:00 ] 101.226.89.119 /weiphp30/index.php?s=/home/user/login/from/6.html
INFO: [ app_init ] --START--
INFO: Run Behavior\BuildLiteBehavior [ RunTime:0.000009s ]
INFO: Run Common\Behavior\InitHookBehavior [ RunTime:0.000892s ]
INFO: [ app_init ] --END-- [ RunTime:0.001146s ]
INFO: [ app_begin ] --START--
INFO: Run Behavior\ReadHtmlCacheBehavior [ RunTime:0.000284s ]
INFO: [ app_begin ] --END-- [ RunTime:0.000312s ]
NOTIC: [8] Undefined index: uid /home/weiphp30/ThinkPHP/Library/Think/Controller.class.php 第 526 行.
SQL: SHOW COLUMNS FROM `wp_auth_group_access` [ RunTime:0.0007s ]
SQL: SELECT a.uid,a.group_id,g.title,g.rules FROM wp_auth_group_access a INNER JOIN wp_auth_group g on a.group_id=g.id  WHERE ( a.uid='-2858' and g.status='1' )  [ RunTime:0.0003s ]
SQL: SELECT `id`,`token` FROM `wp_public`  [ RunTime:0.0002s ]
NOTIC: [8] Undefined offset: -1 /home/weiphp30/Application/Common/Model/PublicModel.class.php 第 38 行.
NOTIC: [8] Undefined index: addon_status /home/weiphp30/Application/Common/Model/AddonStatusModel.class.php 第 47 行.
NOTIC: [8] Undefined index: group_id /home/weiphp30/Application/Common/Model/AddonStatusModel.class.php 第 50 行.
NOTIC: [8] Undefined variable: addons /home/weiphp30/Application/Common/Common/function.php 第 501 行.
NOTIC: [8] Undefined variable: addons /home/weiphp30/Application/Common/Common/function.php 第 501 行.
NOTIC: [8] Undefined variable: addons /home/weiphp30/Application/Common/Common/function.php 第 501 行.
NOTIC: [8] Undefined variable: addons /home/weiphp30/Application/Common/Common/function.php 第 501 行.
NOTIC: [8] Undefined variable: addons /home/weiphp30/Application/Common/Common/function.php 第 501 行.
NOTIC: [8] Undefined variable: addons /home/weiphp30/Application/Common/Common/function.php 第 501 行.
NOTIC: [8] Undefined variable: addons /home/weiphp30/Application/Common/Common/function.php 第 501 行.
NOTIC: [8] Undefined variable: addons /home/weiphp30/Application/Common/Common/function.php 第 501 行.
NOTIC: [8] Undefined variable: addons /home/weiphp30/Application/Common/Common/function.php 第 501 行.
NOTIC: [8] Undefined variable: addons /home/weiphp30/Application/Common/Common/function.php 第 501 行.
NOTIC: [8] Undefined variable: addons /home/weiphp30/Application/Common/Common/function.php 第 501 行.
NOTIC: [8] Undefined variable: addons /home/weiphp30/Application/Common/Common/function.php 第 501 行.
NOTIC: [8] Undefined variable: addons /home/weiphp30/Application/Common/Common/function.php 第 501 行.
NOTIC: [8] Undefined variable: addons /home/weiphp30/Application/Common/Common/function.php 第 501 行.
NOTIC: [8] Undefined variable: addons /home/weiphp30/Application/Common/Common/function.php 第 501 行.
NOTIC: [8] Undefined variable: addons /home/weiphp30/Application/Common/Common/function.php 第 501 行.
NOTIC: [8] Undefined variable: addons /home/weiphp30/Application/Common/Common/function.php 第 501 行.
NOTIC: [8] Undefined variable: addons /home/weiphp30/Application/Common/Common/function.php 第 501 行.
NOTIC: [8] Undefined variable: addons /home/weiphp30/Application/Common/Common/function.php 第 501 行.
NOTIC: [8] Undefined variable: addons /home/weiphp30/Application/Common/Common/function.php 第 501 行.
NOTIC: [8] Undefined variable: addons /home/weiphp30/Application/Common/Common/function.php 第 501 行.
NOTIC: [8] Undefined variable: addons /home/weiphp30/Application/Common/Common/function.php 第 501 行.
NOTIC: [8] Undefined variable: addons /home/weiphp30/Application/Common/Common/function.php 第 501 行.
NOTIC: [8] Undefined variable: addons /home/weiphp30/Application/Common/Common/function.php 第 501 行.
NOTIC: [8] Undefined variable: addons /home/weiphp30/Application/Common/Common/function.php 第 501 行.
NOTIC: [8] Undefined variable: addons /home/weiphp30/Application/Common/Common/function.php 第 501 行.
NOTIC: [8] Undefined variable: addons /home/weiphp30/Application/Common/Common/function.php 第 501 行.
NOTIC: [8] Undefined variable: addons /home/weiphp30/Application/Common/Common/function.php 第 501 行.
NOTIC: [8] Undefined variable: addons /home/weiphp30/Application/Common/Common/function.php 第 501 行.
NOTIC: [8] Undefined variable: addons /home/weiphp30/Application/Common/Common/function.php 第 501 行.
NOTIC: [8] Undefined variable: addons /home/weiphp30/Application/Common/Common/function.php 第 501 行.
NOTIC: [8] Undefined variable: addons /home/weiphp30/Application/Common/Common/function.php 第 501 行.
NOTIC: [8] Undefined variable: addons /home/weiphp30/Application/Common/Common/function.php 第 501 行.
NOTIC: [8] Undefined variable: addons /home/weiphp30/Application/Common/Common/function.php 第 501 行.
NOTIC: [8] Undefined variable: addons /home/weiphp30/Application/Common/Common/function.php 第 501 行.
NOTIC: [8] Undefined variable: addons /home/weiphp30/Application/Common/Common/function.php 第 501 行.
NOTIC: [8] Undefined variable: addons /home/weiphp30/Application/Common/Common/function.php 第 501 行.
NOTIC: [8] Undefined variable: addons /home/weiphp30/Application/Common/Common/function.php 第 501 行.
NOTIC: [8] Undefined variable: addons /home/weiphp30/Application/Common/Common/function.php 第 501 行.
NOTIC: [8] Undefined variable: addons /home/weiphp30/Application/Common/Common/function.php 第 501 行.
NOTIC: [8] Undefined variable: addons /home/weiphp30/Application/Common/Common/function.php 第 501 行.
SQL: SELECT * FROM `wp_manager_menu` WHERE `uid` = -2858 AND `is_hide` = 0 ORDER BY sort asc, id asc  [ RunTime:0.0003s ]
SQL: SELECT * FROM `wp_manager_menu` WHERE `uid` = 1 AND `is_hide` = 0 ORDER BY sort asc, id asc  [ RunTime:0.0007s ]
NOTIC: [8] Undefined variable: addons /home/weiphp30/Application/Common/Common/function.php 第 501 行.
NOTIC: [8] Undefined variable: addons /home/weiphp30/Application/Common/Common/function.php 第 501 行.
NOTIC: [8] Undefined variable: addons /home/weiphp30/Application/Common/Common/function.php 第 501 行.
NOTIC: [8] Undefined variable: addons /home/weiphp30/Application/Common/Common/function.php 第 501 行.
NOTIC: [8] Undefined variable: addons /home/weiphp30/Application/Common/Common/function.php 第 501 行.
NOTIC: [8] Undefined variable: addons /home/weiphp30/Application/Common/Common/function.php 第 501 行.
NOTIC: [8] Undefined variable: addons /home/weiphp30/Application/Common/Common/function.php 第 501 行.
NOTIC: [8] Undefined variable: addons /home/weiphp30/Application/Common/Common/function.php 第 501 行.
NOTIC: [8] Undefined variable: addons /home/weiphp30/Application/Common/Common/function.php 第 501 行.
NOTIC: [8] Undefined variable: addons /home/weiphp30/Application/Common/Common/function.php 第 501 行.
NOTIC: [8] Undefined offset: 14 /home/weiphp30/Application/Common/Model/ManagerMenuModel.class.php 第 106 行.
NOTIC: [8] Undefined offset: 14 /home/weiphp30/Application/Common/Model/ManagerMenuModel.class.php 第 116 行.
NOTIC: [8] Undefined offset: 60 /home/weiphp30/Application/Common/Model/ManagerMenuModel.class.php 第 106 行.
NOTIC: [8] Undefined offset: 60 /home/weiphp30/Application/Common/Model/ManagerMenuModel.class.php 第 116 行.
NOTIC: [8] Undefined index: side /home/weiphp30/Application/Common/Model/ManagerMenuModel.class.php 第 179 行.
NOTIC: [8] Undefined index: side /home/weiphp30/Application/Common/Model/ManagerMenuModel.class.php 第 179 行.
NOTIC: [8] Undefined index: side /home/weiphp30/Application/Common/Model/ManagerMenuModel.class.php 第 179 行.
NOTIC: [8] Undefined index: side /home/weiphp30/Application/Common/Model/ManagerMenuModel.class.php 第 179 行.
NOTIC: [8] Undefined index: side /home/weiphp30/Application/Common/Model/ManagerMenuModel.class.php 第 179 行.
NOTIC: [8] Undefined index: side /home/weiphp30/Application/Common/Model/ManagerMenuModel.class.php 第 179 行.
NOTIC: [8] Undefined index: side /home/weiphp30/Application/Common/Model/ManagerMenuModel.class.php 第 179 行.
NOTIC: [8] Undefined index: side /home/weiphp30/Application/Common/Model/ManagerMenuModel.class.php 第 179 行.
NOTIC: [8] Undefined index: side /home/weiphp30/Application/Common/Model/ManagerMenuModel.class.php 第 179 行.
NOTIC: [8] Undefined index: side /home/weiphp30/Application/Common/Model/ManagerMenuModel.class.php 第 179 行.
NOTIC: [8] Undefined index: side /home/weiphp30/Application/Common/Model/ManagerMenuModel.class.php 第 179 行.
NOTIC: [8] Undefined index: side /home/weiphp30/Application/Common/Model/ManagerMenuModel.class.php 第 179 行.
NOTIC: [8] Undefined index: side /home/weiphp30/Application/Common/Model/ManagerMenuModel.class.php 第 179 行.
NOTIC: [8] Undefined index: side /home/weiphp30/Application/Common/Model/ManagerMenuModel.class.php 第 179 行.
NOTIC: [8] Undefined index: side /home/weiphp30/Application/Common/Model/ManagerMenuModel.class.php 第 179 行.
NOTIC: [8] Undefined index: side /home/weiphp30/Application/Common/Model/ManagerMenuModel.class.php 第 179 行.
NOTIC: [8] Undefined index: side /home/weiphp30/Application/Common/Model/ManagerMenuModel.class.php 第 179 行.
NOTIC: [8] Undefined index: side /home/weiphp30/Application/Common/Model/ManagerMenuModel.class.php 第 179 行.
NOTIC: [8] Undefined index: side /home/weiphp30/Application/Common/Model/ManagerMenuModel.class.php 第 179 行.
NOTIC: [8] Undefined index: side /home/weiphp30/Application/Common/Model/ManagerMenuModel.class.php 第 179 行.
NOTIC: [8] Undefined index: side /home/weiphp30/Application/Common/Model/ManagerMenuModel.class.php 第 179 行.
NOTIC: [8] Undefined index: side /home/weiphp30/Application/Common/Model/ManagerMenuModel.class.php 第 179 行.
NOTIC: [8] Undefined index: side /home/weiphp30/Application/Common/Model/ManagerMenuModel.class.php 第 179 行.
NOTIC: [8] Undefined index: side /home/weiphp30/Application/Common/Model/ManagerMenuModel.class.php 第 179 行.
NOTIC: [8] Undefined index: side /home/weiphp30/Application/Common/Model/ManagerMenuModel.class.php 第 179 行.
NOTIC: [8] Undefined index: side /home/weiphp30/Application/Common/Model/ManagerMenuModel.class.php 第 179 行.
NOTIC: [8] Undefined index: side /home/weiphp30/Application/Common/Model/ManagerMenuModel.class.php 第 179 行.
NOTIC: [8] Undefined index: side /home/weiphp30/Application/Common/Model/ManagerMenuModel.class.php 第 179 行.
NOTIC: [8] Undefined index: side /home/weiphp30/Application/Common/Model/ManagerMenuModel.class.php 第 179 行.
NOTIC: [8] Undefined index: side /home/weiphp30/Application/Common/Model/ManagerMenuModel.class.php 第 179 行.
NOTIC: [8] Undefined index: side /home/weiphp30/Application/Common/Model/ManagerMenuModel.class.php 第 179 行.
NOTIC: [8] Undefined index: side /home/weiphp30/Application/Common/Model/ManagerMenuModel.class.php 第 179 行.
NOTIC: [8] Undefined index: side /home/weiphp30/Application/Common/Model/ManagerMenuModel.class.php 第 179 行.
NOTIC: [8] Undefined index: side /home/weiphp30/Application/Common/Model/ManagerMenuModel.class.php 第 179 行.
NOTIC: [8] Undefined index: side /home/weiphp30/Application/Common/Model/ManagerMenuModel.class.php 第 179 行.
NOTIC: [8] Undefined index: side /home/weiphp30/Application/Common/Model/ManagerMenuModel.class.php 第 179 行.
NOTIC: [8] Undefined index: side /home/weiphp30/Application/Common/Model/ManagerMenuModel.class.php 第 179 行.
NOTIC: [8] Undefined index: side /home/weiphp30/Application/Common/Model/ManagerMenuModel.class.php 第 179 行.
NOTIC: [8] Undefined index: side /home/weiphp30/Application/Common/Model/ManagerMenuModel.class.php 第 179 行.
NOTIC: [8] Undefined index: side /home/weiphp30/Application/Common/Model/ManagerMenuModel.class.php 第 179 行.
NOTIC: [8] Undefined index: side /home/weiphp30/Application/Common/Model/ManagerMenuModel.class.php 第 179 行.
NOTIC: [8] Undefined index: side /home/weiphp30/Application/Common/Model/ManagerMenuModel.class.php 第 179 行.
NOTIC: [8] Undefined index: side /home/weiphp30/Application/Common/Model/ManagerMenuModel.class.php 第 179 行.
NOTIC: [8] Undefined index: side /home/weiphp30/Application/Common/Model/ManagerMenuModel.class.php 第 179 行.
NOTIC: [8] Undefined index: side /home/weiphp30/Application/Common/Model/ManagerMenuModel.class.php 第 179 行.
NOTIC: [8] Undefined index: side /home/weiphp30/Application/Common/Model/ManagerMenuModel.class.php 第 179 行.
NOTIC: [8] Undefined index: side /home/weiphp30/Application/Common/Model/ManagerMenuModel.class.php 第 179 行.
NOTIC: [8] Undefined offset: 14 /home/weiphp30/Application/Common/Model/ManagerMenuModel.class.php 第 185 行.
SQL: SELECT * FROM `wp_public_link` WHERE `uid` = -2858  [ RunTime:0.0003s ]
NOTIC: [2] Invalid argument supplied for foreach() /home/weiphp30/Application/Common/Model/PublicModel.class.php 第 48 行.
NOTIC: [8] Undefined variable: res /home/weiphp30/Application/Common/Model/PublicModel.class.php 第 52 行.
SQL: SELECT `id`,`qr_code`,`addon`,`aim_id`,`cTime`,`token`,`action_name`,`extra_text`,`extra_int`,`request_count`,`scene_id`,`expire_seconds` FROM `wp_qr_code` WHERE `addon` = 'ScanLogin' AND `extra_text` = '5853ccaf17c5e' LIMIT 1   [ RunTime:0.0003s ]
SQL: SELECT `id`,`token` FROM `wp_public`  [ RunTime:0.0002s ]
NOTIC: [8] Undefined offset: -1 /home/weiphp30/Application/Common/Model/PublicModel.class.php 第 38 行.
NOTIC: [8] Undefined index: appid /home/weiphp30/Application/Home/Model/QrCodeModel.class.php 第 28 行.
NOTIC: [8] Undefined index: secret /home/weiphp30/Application/Home/Model/QrCodeModel.class.php 第 29 行.
SQL: SELECT `id`,`token` FROM `wp_public`  [ RunTime:0.0001s ]
NOTIC: [8] Undefined offset: -1 /home/weiphp30/Application/Common/Model/PublicModel.class.php 第 38 行.
NOTIC: [8] Undefined index: is_bind /home/weiphp30/Application/Common/Common/function.php 第 1568 行.
NOTIC: [8] Undefined index: appid /home/weiphp30/Application/Common/Common/function.php 第 1571 行.
NOTIC: [8] Undefined index: secret /home/weiphp30/Application/Common/Common/function.php 第 1571 行.
SQL: SELECT `id`,`token` FROM `wp_public`  [ RunTime:0.0007s ]
NOTIC: [8] Undefined offset: -1 /home/weiphp30/Application/Common/Model/PublicModel.class.php 第 38 行.
NOTIC: [8] Undefined index: is_bind /home/weiphp30/Application/Common/Common/function.php 第 1568 行.
NOTIC: [8] Undefined index: appid /home/weiphp30/Application/Common/Common/function.php 第 1571 行.
NOTIC: [8] Undefined index: secret /home/weiphp30/Application/Common/Common/function.php 第 1571 行.
INFO: [ view_parse ] --START--
INFO: [ template_filter ] --START--
INFO: Run Behavior\ContentReplaceBehavior [ RunTime:0.000127s ]
INFO: [ template_filter ] --END-- [ RunTime:0.000167s ]
INFO: Run Behavior\ParseTemplateBehavior [ RunTime:0.007609s ]
INFO: [ view_parse ] --END-- [ RunTime:0.007654s ]
INFO: [ view_filter ] --START--
INFO: Run Behavior\WriteHtmlCacheBehavior [ RunTime:0.000137s ]
INFO: [ view_filter ] --END-- [ RunTime:0.000161s ]
INFO: [ app_end ] --START--
INFO: Run Behavior\ShowPageTraceBehavior [ RunTime:0.000316s ]
INFO: Run Behavior\CronRunBehavior [ RunTime:0.000327s ]
INFO: [ app_end ] --END-- [ RunTime:0.000692s ]

[ 2016-12-16T20:42:46+08:00 ] 182.254.86.157 /weiphp30/index.php?s=/home/weixin/index/id/2.html&signature=7986572df1a3e8cc9550abec0eee097d3673b865&timestamp=1481892166&nonce=1519356249&openid=oVYbpwOi0O9KBuHUGv7YLoks8roo
INFO: [ app_init ] --START--
INFO: Run Behavior\BuildLiteBehavior [ RunTime:0.000011s ]
INFO: Run Common\Behavior\InitHookBehavior [ RunTime:0.000927s ]
INFO: [ app_init ] --END-- [ RunTime:0.001183s ]
INFO: [ app_begin ] --START--
INFO: Run Behavior\ReadHtmlCacheBehavior [ RunTime:0.000282s ]
INFO: [ app_begin ] --END-- [ RunTime:0.000318s ]
NOTIC: [8] Undefined index: doNotInit /home/weiphp30/Application/Home/Model/WeixinModel.class.php 第 14 行.
NOTIC: [8] Undefined index: encrypt_type /home/weiphp30/Application/Home/Model/WeixinModel.class.php 第 20 行.
SQL: INSERT INTO `wp_weixin_log` (`cTime`,`cTime_format`,`data`,`data_post`) VALUES ('1481892166','2016-12-16 20:42:46','a:6:{s:10:\"ToUserName\";s:15:\"gh_ca892028da58\";s:12:\"FromUserName\";s:28:\"oVYbpwOi0O9KBuHUGv7YLoks8roo\";s:10:\"CreateTime\";s:10:\"1481892166\";s:7:\"MsgType\";s:5:\"event\";s:5:\"Event\";s:9:\"subscribe\";s:8:\"EventKey\";s:0:\"\";}','<xml><ToUserName><![CDATA[gh_ca892028da58]]></ToUserName>
<FromUserName><![CDATA[oVYbpwOi0O9KBuHUGv7YLoks8roo]]></FromUserName>
<CreateTime>1481892166</CreateTime>
<MsgType><![CDATA[event]]></MsgType>
<Event><![CDATA[subscribe]]></Event>
<EventKey><![CDATA[]]></EventKey>
</xml>') [ RunTime:0.0004s ]
SQL: SELECT `uid` FROM `wp_public_follow` WHERE `token` = 'gh_ca892028da58' AND `openid` = 'oVYbpwOi0O9KBuHUGv7YLoks8roo' LIMIT 1   [ RunTime:0.0003s ]
NOTIC: [8] Undefined index: headimgurl /home/weiphp30/Application/Common/Model/FollowModel.class.php 第 47 行.
SQL: INSERT INTO `wp_user` (`experience`,`score`,`reg_ip`,`reg_time`,`last_login_ip`,`last_login_time`,`status`,`is_init`,`is_audit`,`come_from`,`headimgurl`) VALUES ('100','100','3070121629','1481892166','3070121629','1481892166','1','1','1','1','') [ RunTime:0.0003s ]
SQL: INSERT INTO `wp_public_follow` (`token`,`openid`,`uid`) VALUES ('gh_ca892028da58','oVYbpwOi0O9KBuHUGv7YLoks8roo','799') [ RunTime:0.0002s ]
NOTIC: [8] Undefined variable: user /home/weiphp30/Application/Home/Controller/WeixinController.class.php 第 301 行.
NOTIC: [8] Undefined index: Content /home/weiphp30/Application/Home/Controller/WeixinController.class.php 第 41 行.
NOTIC: [2] Invalid argument supplied for foreach() /home/weiphp30/Application/Home/Controller/WeixinController.class.php 第 46 行.
NOTIC: [8] Undefined variable: addons /home/weiphp30/Application/Common/Common/function.php 第 501 行.
NOTIC: [8] Undefined variable: addons /home/weiphp30/Application/Common/Common/function.php 第 501 行.
NOTIC: [8] Undefined variable: addons /home/weiphp30/Application/Common/Common/function.php 第 501 行.
NOTIC: [8] Undefined variable: addons /home/weiphp30/Application/Common/Common/function.php 第 501 行.
NOTIC: [8] Undefined variable: addons /home/weiphp30/Application/Common/Common/function.php 第 501 行.
NOTIC: [8] Undefined variable: addons /home/weiphp30/Application/Common/Common/function.php 第 501 行.
NOTIC: [8] Undefined variable: addons /home/weiphp30/Application/Common/Common/function.php 第 501 行.
NOTIC: [8] Undefined variable: addons /home/weiphp30/Application/Common/Common/function.php 第 501 行.
NOTIC: [8] Undefined variable: addons /home/weiphp30/Application/Common/Common/function.php 第 501 行.
NOTIC: [8] Undefined variable: addons /home/weiphp30/Application/Common/Common/function.php 第 501 行.
NOTIC: [8] Undefined variable: addons /home/weiphp30/Application/Common/Common/function.php 第 501 行.
NOTIC: [8] Undefined variable: addons /home/weiphp30/Application/Common/Common/function.php 第 501 行.
NOTIC: [8] Undefined variable: addons /home/weiphp30/Application/Common/Common/function.php 第 501 行.
NOTIC: [8] Undefined variable: addons /home/weiphp30/Application/Common/Common/function.php 第 501 行.
NOTIC: [8] Undefined variable: addons /home/weiphp30/Application/Common/Common/function.php 第 501 行.
NOTIC: [8] Undefined variable: addons /home/weiphp30/Application/Common/Common/function.php 第 501 行.
NOTIC: [8] Undefined variable: addons /home/weiphp30/Application/Common/Common/function.php 第 501 行.
NOTIC: [8] Undefined variable: addons /home/weiphp30/Application/Common/Common/function.php 第 501 行.
NOTIC: [8] Undefined variable: addons /home/weiphp30/Application/Common/Common/function.php 第 501 行.
NOTIC: [8] Undefined variable: addons /home/weiphp30/Application/Common/Common/function.php 第 501 行.
NOTIC: [8] Undefined variable: addons /home/weiphp30/Application/Common/Common/function.php 第 501 行.
NOTIC: [8] Undefined variable: addons /home/weiphp30/Application/Common/Common/function.php 第 501 行.
NOTIC: [8] Undefined variable: addons /home/weiphp30/Application/Common/Common/function.php 第 501 行.
NOTIC: [8] Undefined variable: addons /home/weiphp30/Application/Common/Common/function.php 第 501 行.
NOTIC: [8] Undefined variable: addons /home/weiphp30/Application/Common/Common/function.php 第 501 行.
NOTIC: [8] Undefined variable: addons /home/weiphp30/Application/Common/Common/function.php 第 501 行.
NOTIC: [8] Undefined variable: addons /home/weiphp30/Application/Common/Common/function.php 第 501 行.
NOTIC: [8] Undefined variable: addons /home/weiphp30/Application/Common/Common/function.php 第 501 行.
NOTIC: [8] Undefined variable: addons /home/weiphp30/Application/Common/Common/function.php 第 501 行.
NOTIC: [8] Undefined variable: addons /home/weiphp30/Application/Common/Common/function.php 第 501 行.
NOTIC: [8] Undefined variable: addons /home/weiphp30/Application/Common/Common/function.php 第 501 行.
NOTIC: [8] Undefined variable: addons /home/weiphp30/Application/Common/Common/function.php 第 501 行.
NOTIC: [8] Undefined variable: addons /home/weiphp30/Application/Common/Common/function.php 第 501 行.
NOTIC: [8] Undefined variable: addons /home/weiphp30/Application/Common/Common/function.php 第 501 行.
NOTIC: [8] Undefined variable: addons /home/weiphp30/Application/Common/Common/function.php 第 501 行.
NOTIC: [8] Undefined variable: addons /home/weiphp30/Application/Common/Common/function.php 第 501 行.
NOTIC: [8] Undefined variable: addons /home/weiphp30/Application/Common/Common/function.php 第 501 行.
NOTIC: [8] Undefined variable: addons /home/weiphp30/Application/Common/Common/function.php 第 501 行.
NOTIC: [8] Undefined variable: addons /home/weiphp30/Application/Common/Common/function.php 第 501 行.
NOTIC: [8] Undefined variable: addons /home/weiphp30/Application/Common/Common/function.php 第 501 行.
NOTIC: [8] Undefined variable: addons /home/weiphp30/Application/Common/Common/function.php 第 501 行.
NOTIC: [8] Undefined index: appid /home/weiphp30/Application/Home/Controller/WeixinController.class.php 第 73 行.
SQL: SELECT * FROM `wp_custom_menu` WHERE `keyword` = 'subscribe' AND `from_type` <> 9 AND `token` = 'gh_ca892028da58' AND `type` = 'click' ORDER BY id desc LIMIT 1   [ RunTime:0.0004s ]
NOTIC: [8] Undefined index: doNotInit /home/weiphp30/Application/Home/Model/WeixinModel.class.php 第 14 行.
NOTIC: [8] Undefined index: encrypt_type /home/weiphp30/Application/Home/Model/WeixinModel.class.php 第 20 行.
SQL: SELECT `uid` FROM `wp_public_follow` WHERE `token` = 'gh_ca892028da58' AND `openid` = 'oVYbpwOi0O9KBuHUGv7YLoks8roo' LIMIT 1   [ RunTime:0.0004s ]
NOTIC: [8] Undefined variable: token /home/weiphp30/Application/Common/Model/FollowModel.class.php 第 85 行.
NOTIC: [2] Illegal offset type in isset or empty /home/weiphp30/ThinkPHP/Library/Think/Model.class.php 第 542 行.
SQL: UPDATE `wp_public_follow` SET `has_subscribe`='1' WHERE `openid` = 'oVYbpwOi0O9KBuHUGv7YLoks8roo' [ RunTime:0.0003s ]
SQL: INSERT INTO `wp_credit_data` (`credit_name`,`admin_uid`,`uid`,`cTime`,`token`,`experience`,`score`,`credit_title`) VALUES ('subscribe','0','799','1481892166','gh_ca892028da58','100','100','关注公众号') [ RunTime:0.0003s ]
SQL: SELECT * FROM `wp_user` WHERE `uid` = 799 LIMIT 1   [ RunTime:0.0003s ]
SQL: SELECT `uid`,`has_public`,`headface_url`,`GammaAppId`,`GammaSecret`,`copy_right`,`tongji_code`,`website_logo` FROM `wp_manager` WHERE ( uid='799' ) LIMIT 1   [ RunTime:0.0002s ]
SQL: SHOW COLUMNS FROM `wp_auth_group_access` [ RunTime:0.0005s ]
SQL: SELECT a.group_id,g.title,g.type,g.icon FROM wp_auth_group_access a INNER JOIN wp_auth_group g on a.group_id=g.id  WHERE ( a.uid='799' and g.status='1' )  [ RunTime:0.0003s ]
NOTIC: [2] Invalid argument supplied for foreach() /home/weiphp30/Application/Common/Model/UserModel.class.php 第 243 行.
SQL: SELECT `openid`,`token`,`uid`,`has_subscribe`,`syc_status`,`remark` FROM `wp_public_follow` WHERE ( uid='799' )  [ RunTime:0.0004s ]
NOTIC: [8] Undefined index:  /home/weiphp30/Application/Common/Model/UserModel.class.php 第 271 行.
NOTIC: [8] Undefined index:  /home/weiphp30/Application/Common/Model/UserModel.class.php 第 272 行.
SQL: SELECT `tag_id` FROM `wp_user_tag_link` WHERE `uid` = 799  [ RunTime:0.0001s ]
SQL: UPDATE `wp_user` SET `score`='200',`experience`='200' WHERE `uid` = 799 [ RunTime:0.0002s ]
SQL: SELECT * FROM `wp_user` WHERE `uid` = 799 LIMIT 1   [ RunTime:0.0003s ]
SQL: SELECT `uid`,`has_public`,`headface_url`,`GammaAppId`,`GammaSecret`,`copy_right`,`tongji_code`,`website_logo` FROM `wp_manager` WHERE ( uid='799' ) LIMIT 1   [ RunTime:0.0002s ]
SQL: SHOW COLUMNS FROM `wp_auth_group_access` [ RunTime:0.0006s ]
SQL: SELECT a.group_id,g.title,g.type,g.icon FROM wp_auth_group_access a INNER JOIN wp_auth_group g on a.group_id=g.id  WHERE ( a.uid='799' and g.status='1' )  [ RunTime:0.0003s ]
NOTIC: [2] Invalid argument supplied for foreach() /home/weiphp30/Application/Common/Model/UserModel.class.php 第 243 行.
SQL: SELECT `openid`,`token`,`uid`,`has_subscribe`,`syc_status`,`remark` FROM `wp_public_follow` WHERE ( uid='799' )  [ RunTime:0.0004s ]
NOTIC: [8] Undefined index:  /home/weiphp30/Application/Common/Model/UserModel.class.php 第 271 行.
NOTIC: [8] Undefined index:  /home/weiphp30/Application/Common/Model/UserModel.class.php 第 272 行.
SQL: SELECT `tag_id` FROM `wp_user_tag_link` WHERE `uid` = 799  [ RunTime:0.0001s ]
NOTIC: [8] Undefined offset: 0 /home/weiphp30/Application/Home/Model/WeixinModel.class.php 第 246 行.
NOTIC: [8] Undefined offset: 0 /home/weiphp30/Application/Home/Model/WeixinModel.class.php 第 251 行.
NOTIC: [8] Undefined offset: 0 /home/weiphp30/Application/Home/Model/WeixinModel.class.php 第 254 行.
NOTIC: [8] Undefined offset: 0 /home/weiphp30/Application/Home/Model/WeixinModel.class.php 第 257 行.
NOTIC: [8] Undefined offset: 0 /home/weiphp30/Application/Home/Model/WeixinModel.class.php 第 260 行.
NOTIC: [8] Undefined variable: addons /home/weiphp30/Application/Common/Common/function.php 第 501 行.
NOTIC: [8] Undefined variable: addons /home/weiphp30/Application/Common/Common/function.php 第 501 行.
NOTIC: [8] Undefined variable: config /home/weiphp30/Application/Home/Model/WeixinModel.class.php 第 280 行.
NOTIC: [8] Undefined index: type /home/weiphp30/Application/Home/Model/WeixinModel.class.php 第 282 行.

[ 2016-12-16T21:06:29+08:00 ] 182.140.184.88 /weiphp30/index.php?s=/addon/WeiSite/WeiSite/index/publicid/1.html
INFO: [ app_init ] --START--
INFO: Run Behavior\BuildLiteBehavior [ RunTime:0.000009s ]
INFO: Run Common\Behavior\InitHookBehavior [ RunTime:0.000978s ]
INFO: [ app_init ] --END-- [ RunTime:0.001253s ]
INFO: [ app_begin ] --START--
INFO: Run Behavior\ReadHtmlCacheBehavior [ RunTime:0.000341s ]
INFO: [ app_begin ] --END-- [ RunTime:0.000370s ]
NOTIC: [2048] Declaration of Addons\WeiSite\Controller\WeiSiteController::lists() should be compatible with Home\Controller\AddonsController::lists($model = NULL, $page = 0) /home/weiphp30/Addons/WeiSite/Controller/WeiSiteController.class.php 第 7 行.
SQL: SELECT * FROM `wp_user` WHERE `uid` = 1 LIMIT 1   [ RunTime:0.0004s ]
SQL: SELECT `uid`,`has_public`,`headface_url`,`GammaAppId`,`GammaSecret`,`copy_right`,`tongji_code`,`website_logo` FROM `wp_manager` WHERE ( uid='1' ) LIMIT 1   [ RunTime:0.0002s ]
SQL: SHOW COLUMNS FROM `wp_auth_group_access` [ RunTime:0.0005s ]
SQL: SELECT a.group_id,g.title,g.type,g.icon FROM wp_auth_group_access a INNER JOIN wp_auth_group g on a.group_id=g.id  WHERE ( a.uid='1' and g.status='1' )  [ RunTime:0.0003s ]
SQL: SELECT `openid`,`token`,`uid`,`has_subscribe`,`syc_status`,`remark` FROM `wp_public_follow` WHERE ( uid='1' )  [ RunTime:0.0004s ]
NOTIC: [2] Invalid argument supplied for foreach() /home/weiphp30/Application/Common/Model/UserModel.class.php 第 251 行.
NOTIC: [8] Undefined index:  /home/weiphp30/Application/Common/Model/UserModel.class.php 第 271 行.
NOTIC: [8] Undefined index:  /home/weiphp30/Application/Common/Model/UserModel.class.php 第 272 行.
NOTIC: [8192] preg_replace(): The /e modifier is deprecated, use preg_replace_callback instead /home/weiphp30/Application/Common/Common/function.php 第 3299 行.
NOTIC: [8] Undefined variable: txt /home/weiphp30/Application/Common/Common/function.php 第 3308 行.
SQL: SELECT `tag_id` FROM `wp_user_tag_link` WHERE `uid` = 1  [ RunTime:0.0001s ]
SQL: SELECT `name`,type_3 as val FROM `wp_public_auth`  [ RunTime:0.0002s ]
NOTIC: [8] Undefined index: openid /home/weiphp30/Application/Common/Common/function.php 第 1459 行.
NOTIC: [8] Undefined index: state /home/weiphp30/Application/Common/Common/function.php 第 1658 行.

[ 2016-12-16T21:06:30+08:00 ] 182.140.184.88 /weiphp30/index.php?s=/addon/WeiSite/WeiSite/index/publicid/1.html&&code=031os0ya22QjaR0Ru2ya2fDUxa2os0yh&state=weiphp
INFO: [ app_init ] --START--
INFO: Run Behavior\BuildLiteBehavior [ RunTime:0.000010s ]
INFO: Run Common\Behavior\InitHookBehavior [ RunTime:0.000862s ]
INFO: [ app_init ] --END-- [ RunTime:0.001152s ]
INFO: [ app_begin ] --START--
INFO: Run Behavior\ReadHtmlCacheBehavior [ RunTime:0.000301s ]
INFO: [ app_begin ] --END-- [ RunTime:0.000342s ]
NOTIC: [2048] Declaration of Addons\WeiSite\Controller\WeiSiteController::lists() should be compatible with Home\Controller\AddonsController::lists($model = NULL, $page = 0) /home/weiphp30/Addons/WeiSite/Controller/WeiSiteController.class.php 第 7 行.
NOTIC: [8] Undefined index: openid /home/weiphp30/Application/Common/Common/function.php 第 1459 行.
SQL: SELECT `uid` FROM `wp_public_follow` WHERE `openid` = 'oUEOOjodr7HzBzDWsX5L-xVJq8aQ' AND `token` = 'gh_2837e31e28ed' LIMIT 1   [ RunTime:0.0003s ]
NOTIC: [8] Undefined index: uid /home/weiphp30/ThinkPHP/Library/Think/Controller.class.php 第 526 行.
SQL: SHOW COLUMNS FROM `wp_auth_group_access` [ RunTime:0.0006s ]
SQL: SELECT a.uid,a.group_id,g.title,g.rules FROM wp_auth_group_access a INNER JOIN wp_auth_group g on a.group_id=g.id  WHERE ( a.uid='668' and g.status='1' )  [ RunTime:0.0003s ]
SQL: SHOW COLUMNS FROM `wp_auth_rule` [ RunTime:0.0004s ]
SQL: SELECT `condition`,`name` FROM `wp_auth_rule` WHERE `id` NOT IN ('') AND `status` = 1  [ RunTime:0.0002s ]
SQL: SELECT * FROM `wp_picture` WHERE `status` = 1 AND `id` = 2 LIMIT 1   [ RunTime:0.0003s ]
NOTIC: [8] Undefined variable: thumb /home/weiphp30/Application/Common/Common/function.php 第 1081 行.
SQL: SELECT * FROM `wp_weisite_category` WHERE `token` = 'gh_2837e31e28ed' AND `is_show` = 1 AND `pid` = 0 ORDER BY sort asc, id desc  [ RunTime:0.0002s ]
SQL: SELECT * FROM `wp_picture` WHERE `status` = 1 AND `id` = 316 LIMIT 1   [ RunTime:0.0002s ]
NOTIC: [8] Undefined variable: thumb /home/weiphp30/Application/Common/Common/function.php 第 1081 行.
NOTIC: [8] Undefined variable: addons /home/weiphp30/Application/Common/Common/function.php 第 501 行.
SQL: SELECT * FROM `wp_picture` WHERE `status` = 1 AND `id` = 57 LIMIT 1   [ RunTime:0.0002s ]
NOTIC: [8] Undefined variable: thumb /home/weiphp30/Application/Common/Common/function.php 第 1081 行.
NOTIC: [8] Undefined variable: addons /home/weiphp30/Application/Common/Common/function.php 第 501 行.
SQL: SELECT * FROM `wp_picture` WHERE `status` = 1 AND `id` = 96 LIMIT 1   [ RunTime:0.0002s ]
NOTIC: [8] Undefined variable: thumb /home/weiphp30/Application/Common/Common/function.php 第 1081 行.
NOTIC: [8] Undefined variable: addons /home/weiphp30/Application/Common/Common/function.php 第 501 行.
SQL: SELECT * FROM `wp_picture` WHERE `status` = 1 AND `id` = 807 LIMIT 1   [ RunTime:0.0002s ]
NOTIC: [8] Undefined variable: thumb /home/weiphp30/Application/Common/Common/function.php 第 1081 行.
NOTIC: [8] Undefined variable: addons /home/weiphp30/Application/Common/Common/function.php 第 501 行.
SQL: SELECT * FROM `wp_picture` WHERE `status` = 1 AND `id` = 787 LIMIT 1   [ RunTime:0.0002s ]
NOTIC: [8] Undefined variable: thumb /home/weiphp30/Application/Common/Common/function.php 第 1081 行.
NOTIC: [8] Undefined variable: addons /home/weiphp30/Application/Common/Common/function.php 第 501 行.
SQL: SELECT * FROM `wp_picture` WHERE `status` = 1 AND `id` = 58 LIMIT 1   [ RunTime:0.0002s ]
NOTIC: [8] Undefined variable: thumb /home/weiphp30/Application/Common/Common/function.php 第 1081 行.
NOTIC: [8] Undefined variable: addons /home/weiphp30/Application/Common/Common/function.php 第 501 行.
SQL: SELECT * FROM `wp_picture` WHERE `status` = 1 AND `id` = 23 LIMIT 1   [ RunTime:0.0002s ]
NOTIC: [8] Undefined variable: thumb /home/weiphp30/Application/Common/Common/function.php 第 1081 行.
SQL: SELECT * FROM `wp_picture` WHERE `status` = 1 AND `id` = 214 LIMIT 1   [ RunTime:0.0002s ]
NOTIC: [8] Undefined variable: thumb /home/weiphp30/Application/Common/Common/function.php 第 1081 行.
SQL: SELECT * FROM `wp_picture` WHERE `status` = 1 AND `id` = 25 LIMIT 1   [ RunTime:0.0002s ]
NOTIC: [8] Undefined variable: thumb /home/weiphp30/Application/Common/Common/function.php 第 1081 行.
SQL: SELECT * FROM `wp_weisite_slideshow` WHERE `token` = 'gh_2837e31e28ed' AND `is_show` = 1 ORDER BY sort asc, id desc  [ RunTime:0.0002s ]
SQL: SELECT * FROM `wp_picture` WHERE `status` = 1 AND `id` = 873 LIMIT 1   [ RunTime:0.0002s ]
NOTIC: [8] Undefined variable: thumb /home/weiphp30/Application/Common/Common/function.php 第 1081 行.
SQL: SELECT * FROM `wp_picture` WHERE `status` = 1 AND `id` = 876 LIMIT 1   [ RunTime:0.0002s ]
NOTIC: [8] Undefined variable: thumb /home/weiphp30/Application/Common/Common/function.php 第 1081 行.
SQL: SELECT * FROM `wp_picture` WHERE `status` = 1 AND `id` = 875 LIMIT 1   [ RunTime:0.0002s ]
NOTIC: [8] Undefined variable: thumb /home/weiphp30/Application/Common/Common/function.php 第 1081 行.
NOTIC: [2] Missing argument 1 for Addons\WeiSite\Model\FooterModel::get_list(), called in /home/weiphp30/Addons/WeiSite/Controller/WeiSiteController.class.php on line 249 and defined /home/weiphp30/Addons/WeiSite/Model/FooterModel.class.php 第 12 行.
SQL: SELECT * FROM `wp_weisite_footer` WHERE `token` = 'gh_2837e31e28ed' ORDER BY pid asc, sort asc  [ RunTime:0.0003s ]
SQL: SELECT * FROM `wp_picture` WHERE `status` = 1 AND `id` = 782 LIMIT 1   [ RunTime:0.0002s ]
NOTIC: [8] Undefined variable: thumb /home/weiphp30/Application/Common/Common/function.php 第 1081 行.
SQL: SELECT * FROM `wp_picture` WHERE `status` = 1 AND `id` = 815 LIMIT 1   [ RunTime:0.0002s ]
NOTIC: [8] Undefined variable: thumb /home/weiphp30/Application/Common/Common/function.php 第 1081 行.
SQL: SELECT * FROM `wp_picture` WHERE `status` = 1 AND `id` = 10 LIMIT 1   [ RunTime:0.0002s ]
NOTIC: [8] Undefined variable: thumb /home/weiphp30/Application/Common/Common/function.php 第 1081 行.
NOTIC: [8] Undefined variable: thumb /home/weiphp30/Application/Common/Common/function.php 第 1081 行.
INFO: [ view_parse ] --START--
INFO: [ template_filter ] --START--
INFO: Run Behavior\ContentReplaceBehavior [ RunTime:0.000062s ]
INFO: [ template_filter ] --END-- [ RunTime:0.000110s ]
INFO: Run Behavior\ParseTemplateBehavior [ RunTime:0.005615s ]
INFO: [ view_parse ] --END-- [ RunTime:0.005660s ]
INFO: [ view_filter ] --START--
INFO: Run Behavior\WriteHtmlCacheBehavior [ RunTime:0.000115s ]
INFO: [ view_filter ] --END-- [ RunTime:0.000142s ]
INFO: [ view_parse ] --START--
INFO: [ template_filter ] --START--
INFO: Run Behavior\ContentReplaceBehavior [ RunTime:0.000046s ]
INFO: [ template_filter ] --END-- [ RunTime:-0.004015s ]
INFO: Run Behavior\ParseTemplateBehavior [ RunTime:0.004158s ]
INFO: [ view_parse ] --END-- [ RunTime:-0.000199s ]
INFO: [ view_filter ] --START--
INFO: Run Behavior\WriteHtmlCacheBehavior [ RunTime:0.000005s ]
INFO: [ view_filter ] --END-- [ RunTime:-0.004238s ]
INFO: [ app_end ] --START--
INFO: Run Behavior\ShowPageTraceBehavior [ RunTime:0.000314s ]
INFO: Run Behavior\CronRunBehavior [ RunTime:0.000282s ]
INFO: [ app_end ] --END-- [ RunTime:0.000646s ]

[ 2016-12-16T21:06:31+08:00 ] 110.184.149.100 /weiphp30/index.php?s=/addon/WeiSite/WeiSite/index/publicid/1.html&&code=031os0ya22QjaR0Ru2ya2fDUxa2os0yh&state=weiphp
INFO: [ app_init ] --START--
INFO: Run Behavior\BuildLiteBehavior [ RunTime:0.000010s ]
INFO: Run Common\Behavior\InitHookBehavior [ RunTime:0.000883s ]
INFO: [ app_init ] --END-- [ RunTime:0.001171s ]
INFO: [ app_begin ] --START--
INFO: Run Behavior\ReadHtmlCacheBehavior [ RunTime:0.000313s ]
INFO: [ app_begin ] --END-- [ RunTime:0.000340s ]
NOTIC: [2048] Declaration of Addons\WeiSite\Controller\WeiSiteController::lists() should be compatible with Home\Controller\AddonsController::lists($model = NULL, $page = 0) /home/weiphp30/Addons/WeiSite/Controller/WeiSiteController.class.php 第 7 行.
NOTIC: [8] Undefined index: uid /home/weiphp30/ThinkPHP/Library/Think/Controller.class.php 第 526 行.
SQL: SHOW COLUMNS FROM `wp_auth_group_access` [ RunTime:0.0009s ]
SQL: SELECT a.uid,a.group_id,g.title,g.rules FROM wp_auth_group_access a INNER JOIN wp_auth_group g on a.group_id=g.id  WHERE ( a.uid='668' and g.status='1' )  [ RunTime:0.0004s ]
SQL: SHOW COLUMNS FROM `wp_auth_rule` [ RunTime:0.0007s ]
SQL: SELECT `condition`,`name` FROM `wp_auth_rule` WHERE `id` NOT IN ('') AND `status` = 1  [ RunTime:0.0003s ]
NOTIC: [8] Undefined variable: thumb /home/weiphp30/Application/Common/Common/function.php 第 1081 行.
SQL: SELECT * FROM `wp_weisite_category` WHERE `token` = 'gh_2837e31e28ed' AND `is_show` = 1 AND `pid` = 0 ORDER BY sort asc, id desc  [ RunTime:0.0003s ]
NOTIC: [8] Undefined variable: thumb /home/weiphp30/Application/Common/Common/function.php 第 1081 行.
NOTIC: [8] Undefined variable: addons /home/weiphp30/Application/Common/Common/function.php 第 501 行.
NOTIC: [8] Undefined variable: thumb /home/weiphp30/Application/Common/Common/function.php 第 1081 行.
NOTIC: [8] Undefined variable: addons /home/weiphp30/Application/Common/Common/function.php 第 501 行.
NOTIC: [8] Undefined variable: thumb /home/weiphp30/Application/Common/Common/function.php 第 1081 行.
NOTIC: [8] Undefined variable: addons /home/weiphp30/Application/Common/Common/function.php 第 501 行.
NOTIC: [8] Undefined variable: thumb /home/weiphp30/Application/Common/Common/function.php 第 1081 行.
NOTIC: [8] Undefined variable: addons /home/weiphp30/Application/Common/Common/function.php 第 501 行.
NOTIC: [8] Undefined variable: thumb /home/weiphp30/Application/Common/Common/function.php 第 1081 行.
NOTIC: [8] Undefined variable: addons /home/weiphp30/Application/Common/Common/function.php 第 501 行.
NOTIC: [8] Undefined variable: thumb /home/weiphp30/Application/Common/Common/function.php 第 1081 行.
NOTIC: [8] Undefined variable: addons /home/weiphp30/Application/Common/Common/function.php 第 501 行.
NOTIC: [8] Undefined variable: thumb /home/weiphp30/Application/Common/Common/function.php 第 1081 行.
NOTIC: [8] Undefined variable: thumb /home/weiphp30/Application/Common/Common/function.php 第 1081 行.
NOTIC: [8] Undefined variable: thumb /home/weiphp30/Application/Common/Common/function.php 第 1081 行.
SQL: SELECT * FROM `wp_weisite_slideshow` WHERE `token` = 'gh_2837e31e28ed' AND `is_show` = 1 ORDER BY sort asc, id desc  [ RunTime:0.0004s ]
NOTIC: [8] Undefined variable: thumb /home/weiphp30/Application/Common/Common/function.php 第 1081 行.
NOTIC: [8] Undefined variable: thumb /home/weiphp30/Application/Common/Common/function.php 第 1081 行.
NOTIC: [8] Undefined variable: thumb /home/weiphp30/Application/Common/Common/function.php 第 1081 行.
NOTIC: [2] Missing argument 1 for Addons\WeiSite\Model\FooterModel::get_list(), called in /home/weiphp30/Addons/WeiSite/Controller/WeiSiteController.class.php on line 249 and defined /home/weiphp30/Addons/WeiSite/Model/FooterModel.class.php 第 12 行.
SQL: SELECT * FROM `wp_weisite_footer` WHERE `token` = 'gh_2837e31e28ed' ORDER BY pid asc, sort asc  [ RunTime:0.0004s ]
NOTIC: [8] Undefined variable: thumb /home/weiphp30/Application/Common/Common/function.php 第 1081 行.
NOTIC: [8] Undefined variable: thumb /home/weiphp30/Application/Common/Common/function.php 第 1081 行.
NOTIC: [8] Undefined variable: thumb /home/weiphp30/Application/Common/Common/function.php 第 1081 行.
NOTIC: [8] Undefined variable: thumb /home/weiphp30/Application/Common/Common/function.php 第 1081 行.
INFO: [ view_parse ] --START--
INFO: [ template_filter ] --START--
INFO: Run Behavior\ContentReplaceBehavior [ RunTime:0.000062s ]
INFO: [ template_filter ] --END-- [ RunTime:0.000109s ]
INFO: Run Behavior\ParseTemplateBehavior [ RunTime:0.005783s ]
INFO: [ view_parse ] --END-- [ RunTime:0.005831s ]
INFO: [ view_filter ] --START--
INFO: Run Behavior\WriteHtmlCacheBehavior [ RunTime:0.000128s ]
INFO: [ view_filter ] --END-- [ RunTime:0.000162s ]
INFO: [ view_parse ] --START--
INFO: [ template_filter ] --START--
INFO: Run Behavior\ContentReplaceBehavior [ RunTime:0.000098s ]
INFO: [ template_filter ] --END-- [ RunTime:-0.006021s ]
INFO: Run Behavior\ParseTemplateBehavior [ RunTime:0.006483s ]
INFO: [ view_parse ] --END-- [ RunTime:-0.000270s ]
INFO: [ view_filter ] --START--
INFO: Run Behavior\WriteHtmlCacheBehavior [ RunTime:0.000007s ]
INFO: [ view_filter ] --END-- [ RunTime:-0.006627s ]
INFO: [ app_end ] --START--
INFO: Run Behavior\ShowPageTraceBehavior [ RunTime:0.000377s ]
INFO: Run Behavior\CronRunBehavior [ RunTime:0.000352s ]
INFO: [ app_end ] --END-- [ RunTime:0.000799s ]

[ 2016-12-16T21:06:34+08:00 ] 110.184.149.100 /weiphp30/index.php?s=/addon/WeiSite/WeiSite/index/publicid/1.html&&code=031os0ya22QjaR0Ru2ya2fDUxa2os0yh&state=weiphp
INFO: [ app_init ] --START--
INFO: Run Behavior\BuildLiteBehavior [ RunTime:0.000011s ]
INFO: Run Common\Behavior\InitHookBehavior [ RunTime:0.000967s ]
INFO: [ app_init ] --END-- [ RunTime:0.001228s ]
INFO: [ app_begin ] --START--
INFO: Run Behavior\ReadHtmlCacheBehavior [ RunTime:0.000257s ]
INFO: [ app_begin ] --END-- [ RunTime:0.000317s ]
NOTIC: [2048] Declaration of Addons\WeiSite\Controller\WeiSiteController::lists() should be compatible with Home\Controller\AddonsController::lists($model = NULL, $page = 0) /home/weiphp30/Addons/WeiSite/Controller/WeiSiteController.class.php 第 7 行.
NOTIC: [8] Undefined index: uid /home/weiphp30/ThinkPHP/Library/Think/Controller.class.php 第 526 行.
SQL: SHOW COLUMNS FROM `wp_auth_group_access` [ RunTime:0.0007s ]
SQL: SELECT a.uid,a.group_id,g.title,g.rules FROM wp_auth_group_access a INNER JOIN wp_auth_group g on a.group_id=g.id  WHERE ( a.uid='668' and g.status='1' )  [ RunTime:0.0003s ]
SQL: SHOW COLUMNS FROM `wp_auth_rule` [ RunTime:0.0005s ]
SQL: SELECT `condition`,`name` FROM `wp_auth_rule` WHERE `id` NOT IN ('') AND `status` = 1  [ RunTime:0.0003s ]
NOTIC: [8] Undefined variable: thumb /home/weiphp30/Application/Common/Common/function.php 第 1081 行.
SQL: SELECT * FROM `wp_weisite_category` WHERE `token` = 'gh_2837e31e28ed' AND `is_show` = 1 AND `pid` = 0 ORDER BY sort asc, id desc  [ RunTime:0.0003s ]
NOTIC: [8] Undefined variable: thumb /home/weiphp30/Application/Common/Common/function.php 第 1081 行.
NOTIC: [8] Undefined variable: addons /home/weiphp30/Application/Common/Common/function.php 第 501 行.
NOTIC: [8] Undefined variable: thumb /home/weiphp30/Application/Common/Common/function.php 第 1081 行.
NOTIC: [8] Undefined variable: addons /home/weiphp30/Application/Common/Common/function.php 第 501 行.
NOTIC: [8] Undefined variable: thumb /home/weiphp30/Application/Common/Common/function.php 第 1081 行.
NOTIC: [8] Undefined variable: addons /home/weiphp30/Application/Common/Common/function.php 第 501 行.
NOTIC: [8] Undefined variable: thumb /home/weiphp30/Application/Common/Common/function.php 第 1081 行.
NOTIC: [8] Undefined variable: addons /home/weiphp30/Application/Common/Common/function.php 第 501 行.
NOTIC: [8] Undefined variable: thumb /home/weiphp30/Application/Common/Common/function.php 第 1081 行.
NOTIC: [8] Undefined variable: addons /home/weiphp30/Application/Common/Common/function.php 第 501 行.
NOTIC: [8] Undefined variable: thumb /home/weiphp30/Application/Common/Common/function.php 第 1081 行.
NOTIC: [8] Undefined variable: addons /home/weiphp30/Application/Common/Common/function.php 第 501 行.
NOTIC: [8] Undefined variable: thumb /home/weiphp30/Application/Common/Common/function.php 第 1081 行.
NOTIC: [8] Undefined variable: thumb /home/weiphp30/Application/Common/Common/function.php 第 1081 行.
NOTIC: [8] Undefined variable: thumb /home/weiphp30/Application/Common/Common/function.php 第 1081 行.
SQL: SELECT * FROM `wp_weisite_slideshow` WHERE `token` = 'gh_2837e31e28ed' AND `is_show` = 1 ORDER BY sort asc, id desc  [ RunTime:0.0003s ]
NOTIC: [8] Undefined variable: thumb /home/weiphp30/Application/Common/Common/function.php 第 1081 行.
NOTIC: [8] Undefined variable: thumb /home/weiphp30/Application/Common/Common/function.php 第 1081 行.
NOTIC: [8] Undefined variable: thumb /home/weiphp30/Application/Common/Common/function.php 第 1081 行.
NOTIC: [2] Missing argument 1 for Addons\WeiSite\Model\FooterModel::get_list(), called in /home/weiphp30/Addons/WeiSite/Controller/WeiSiteController.class.php on line 249 and defined /home/weiphp30/Addons/WeiSite/Model/FooterModel.class.php 第 12 行.
SQL: SELECT * FROM `wp_weisite_footer` WHERE `token` = 'gh_2837e31e28ed' ORDER BY pid asc, sort asc  [ RunTime:0.0003s ]
NOTIC: [8] Undefined variable: thumb /home/weiphp30/Application/Common/Common/function.php 第 1081 行.
NOTIC: [8] Undefined variable: thumb /home/weiphp30/Application/Common/Common/function.php 第 1081 行.
NOTIC: [8] Undefined variable: thumb /home/weiphp30/Application/Common/Common/function.php 第 1081 行.
NOTIC: [8] Undefined variable: thumb /home/weiphp30/Application/Common/Common/function.php 第 1081 行.
INFO: [ view_parse ] --START--
INFO: [ template_filter ] --START--
INFO: Run Behavior\ContentReplaceBehavior [ RunTime:0.000042s ]
INFO: [ template_filter ] --END-- [ RunTime:0.000084s ]
INFO: Run Behavior\ParseTemplateBehavior [ RunTime:0.006334s ]
INFO: [ view_parse ] --END-- [ RunTime:0.006368s ]
INFO: [ view_filter ] --START--
INFO: Run Behavior\WriteHtmlCacheBehavior [ RunTime:0.000148s ]
INFO: [ view_filter ] --END-- [ RunTime:0.000173s ]
INFO: [ view_parse ] --START--
INFO: [ template_filter ] --START--
INFO: Run Behavior\ContentReplaceBehavior [ RunTime:0.000048s ]
INFO: [ template_filter ] --END-- [ RunTime:-0.004359s ]
INFO: Run Behavior\ParseTemplateBehavior [ RunTime:0.004485s ]
INFO: [ view_parse ] --END-- [ RunTime:-0.000265s ]
INFO: [ view_filter ] --START--
INFO: Run Behavior\WriteHtmlCacheBehavior [ RunTime:0.000006s ]
INFO: [ view_filter ] --END-- [ RunTime:-0.004616s ]
INFO: [ app_end ] --START--
INFO: Run Behavior\ShowPageTraceBehavior [ RunTime:0.000551s ]
INFO: Run Behavior\CronRunBehavior [ RunTime:0.000335s ]
INFO: [ app_end ] --END-- [ RunTime:0.000945s ]

[ 2016-12-16T21:06:37+08:00 ] 182.140.184.88 /weiphp30/index.php?s=/addon/Course/Wap/lists/public_id/1.html
INFO: [ app_init ] --START--
INFO: Run Behavior\BuildLiteBehavior [ RunTime:0.000011s ]
INFO: Run Common\Behavior\InitHookBehavior [ RunTime:0.000960s ]
INFO: [ app_init ] --END-- [ RunTime:0.001251s ]
INFO: [ app_begin ] --START--
INFO: Run Behavior\ReadHtmlCacheBehavior [ RunTime:0.000307s ]
INFO: [ app_begin ] --END-- [ RunTime:0.000335s ]
NOTIC: [2048] Declaration of Addons\Course\Controller\WapController::lists() should be compatible with Home\Controller\AddonsController::lists($model = NULL, $page = 0) /home/weiphp30/Addons/Course/Controller/WapController.class.php 第 13 行.
NOTIC: [8] Undefined index: uid /home/weiphp30/ThinkPHP/Library/Think/Controller.class.php 第 526 行.
SQL: SHOW COLUMNS FROM `wp_auth_group_access` [ RunTime:0.0007s ]
SQL: SELECT a.uid,a.group_id,g.title,g.rules FROM wp_auth_group_access a INNER JOIN wp_auth_group g on a.group_id=g.id  WHERE ( a.uid='668' and g.status='1' )  [ RunTime:0.0003s ]
SQL: SHOW COLUMNS FROM `wp_auth_rule` [ RunTime:0.0005s ]
SQL: SELECT `condition`,`name` FROM `wp_auth_rule` WHERE `id` NOT IN ('') AND `status` = 1  [ RunTime:0.0002s ]
NOTIC: [8] Undefined variable: thumb /home/weiphp30/Application/Common/Common/function.php 第 1081 行.
SQL: SELECT * FROM `wp_model` WHERE `name` = 'wxy_course' LIMIT 1   [ RunTime:0.0003s ]
SQL: SELECT * FROM `wp_wxy_course` WHERE `token` = 'gh_2837e31e28ed' ORDER BY id DESC LIMIT 0,15   [ RunTime:0.0003s ]
SQL: SELECT COUNT(*) AS tp_count FROM `wp_wxy_course` WHERE `token` = 'gh_2837e31e28ed' LIMIT 1   [ RunTime:0.0002s ]
NOTIC: [8] Undefined index: query /home/weiphp30/ThinkPHP/Common/functions.php 第 1002 行.
NOTIC: [8] Undefined index: jump_url /home/weiphp30/Addons/Course/Controller/WapController.class.php 第 157 行.
NOTIC: [8] Undefined index: query /home/weiphp30/ThinkPHP/Common/functions.php 第 1002 行.
SQL: SELECT * FROM `wp_picture` WHERE `status` = 1 AND `id` = 43 LIMIT 1   [ RunTime:0.0003s ]
NOTIC: [8] Undefined index: jump_url /home/weiphp30/Addons/Course/Controller/WapController.class.php 第 157 行.
NOTIC: [8] Undefined index: query /home/weiphp30/ThinkPHP/Common/functions.php 第 1002 行.
SQL: SELECT * FROM `wp_picture` WHERE `status` = 1 AND `id` = 32 LIMIT 1   [ RunTime:0.0002s ]
NOTIC: [8] Undefined index: jump_url /home/weiphp30/Addons/Course/Controller/WapController.class.php 第 157 行.
NOTIC: [8] Undefined index: query /home/weiphp30/ThinkPHP/Common/functions.php 第 1002 行.
SQL: SELECT * FROM `wp_picture` WHERE `status` = 1 AND `id` = 53 LIMIT 1   [ RunTime:0.0002s ]
NOTIC: [8] Undefined index: jump_url /home/weiphp30/Addons/Course/Controller/WapController.class.php 第 157 行.
NOTIC: [8] Undefined index: query /home/weiphp30/ThinkPHP/Common/functions.php 第 1002 行.
SQL: SELECT * FROM `wp_picture` WHERE `status` = 1 AND `id` = 74 LIMIT 1   [ RunTime:0.0002s ]
NOTIC: [8] Undefined index: jump_url /home/weiphp30/Addons/Course/Controller/WapController.class.php 第 157 行.
NOTIC: [8] Undefined index: query /home/weiphp30/ThinkPHP/Common/functions.php 第 1002 行.
SQL: SELECT * FROM `wp_picture` WHERE `status` = 1 AND `id` = 20 LIMIT 1   [ RunTime:0.0002s ]
NOTIC: [8] Undefined index: jump_url /home/weiphp30/Addons/Course/Controller/WapController.class.php 第 157 行.
NOTIC: [8] Undefined index: query /home/weiphp30/ThinkPHP/Common/functions.php 第 1002 行.
SQL: SELECT * FROM `wp_picture` WHERE `status` = 1 AND `id` = 18 LIMIT 1   [ RunTime:0.0002s ]
NOTIC: [8] Undefined index: jump_url /home/weiphp30/Addons/Course/Controller/WapController.class.php 第 157 行.
NOTIC: [8] Undefined index: query /home/weiphp30/ThinkPHP/Common/functions.php 第 1002 行.
SQL: SELECT * FROM `wp_picture` WHERE `status` = 1 AND `id` = 80 LIMIT 1   [ RunTime:0.0002s ]
NOTIC: [8] Undefined index: jump_url /home/weiphp30/Addons/Course/Controller/WapController.class.php 第 157 行.
NOTIC: [8] Undefined index: query /home/weiphp30/ThinkPHP/Common/functions.php 第 1002 行.
SQL: SELECT * FROM `wp_picture` WHERE `status` = 1 AND `id` = 65 LIMIT 1   [ RunTime:0.0002s ]
NOTIC: [8] Undefined index: jump_url /home/weiphp30/Addons/Course/Controller/WapController.class.php 第 157 行.
NOTIC: [8] Undefined index: query /home/weiphp30/ThinkPHP/Common/functions.php 第 1002 行.
SQL: SELECT * FROM `wp_picture` WHERE `status` = 1 AND `id` = 27 LIMIT 1   [ RunTime:0.0002s ]
NOTIC: [8] Undefined index: jump_url /home/weiphp30/Addons/Course/Controller/WapController.class.php 第 157 行.
NOTIC: [8] Undefined index: query /home/weiphp30/ThinkPHP/Common/functions.php 第 1002 行.
SQL: SELECT * FROM `wp_picture` WHERE `status` = 1 AND `id` = 22 LIMIT 1   [ RunTime:0.0002s ]
NOTIC: [8] Undefined index: jump_url /home/weiphp30/Addons/Course/Controller/WapController.class.php 第 157 行.
NOTIC: [8] Undefined index: query /home/weiphp30/ThinkPHP/Common/functions.php 第 1002 行.
NOTIC: [8] Undefined index: jump_url /home/weiphp30/Addons/Course/Controller/WapController.class.php 第 157 行.
NOTIC: [8] Undefined index: query /home/weiphp30/ThinkPHP/Common/functions.php 第 1002 行.
SQL: SELECT * FROM `wp_picture` WHERE `status` = 1 AND `id` = 105 LIMIT 1   [ RunTime:0.0002s ]
NOTIC: [8] Undefined index: jump_url /home/weiphp30/Addons/Course/Controller/WapController.class.php 第 157 行.
NOTIC: [8] Undefined index: query /home/weiphp30/ThinkPHP/Common/functions.php 第 1002 行.
SQL: SELECT * FROM `wp_picture` WHERE `status` = 1 AND `id` = 91 LIMIT 1   [ RunTime:0.0002s ]
NOTIC: [8] Undefined index: jump_url /home/weiphp30/Addons/Course/Controller/WapController.class.php 第 157 行.
NOTIC: [8] Undefined index: query /home/weiphp30/ThinkPHP/Common/functions.php 第 1002 行.
SQL: SELECT * FROM `wp_picture` WHERE `status` = 1 AND `id` = 902 LIMIT 1   [ RunTime:0.0002s ]
NOTIC: [8] Undefined index: jump_url /home/weiphp30/Addons/Course/Controller/WapController.class.php 第 157 行.
NOTIC: [8] Undefined index: query /home/weiphp30/ThinkPHP/Common/functions.php 第 1002 行.
SQL: SELECT * FROM `wp_picture` WHERE `status` = 1 AND `id` = 877 LIMIT 1   [ RunTime:0.0002s ]
NOTIC: [2] Missing argument 1 for Addons\WeiSite\Model\FooterModel::get_list(), called in /home/weiphp30/Addons/Course/Controller/WapController.class.php on line 212 and defined /home/weiphp30/Addons/WeiSite/Model/FooterModel.class.php 第 12 行.
SQL: SELECT * FROM `wp_weisite_footer` WHERE `token` = 'gh_2837e31e28ed' ORDER BY pid asc, sort asc  [ RunTime:0.0003s ]
NOTIC: [8] Undefined variable: thumb /home/weiphp30/Application/Common/Common/function.php 第 1081 行.
NOTIC: [8] Undefined variable: thumb /home/weiphp30/Application/Common/Common/function.php 第 1081 行.
NOTIC: [8] Undefined variable: thumb /home/weiphp30/Application/Common/Common/function.php 第 1081 行.
NOTIC: [8] Undefined variable: thumb /home/weiphp30/Application/Common/Common/function.php 第 1081 行.
INFO: [ view_parse ] --START--
INFO: [ template_filter ] --START--
INFO: Run Behavior\ContentReplaceBehavior [ RunTime:0.000038s ]
INFO: [ template_filter ] --END-- [ RunTime:0.000080s ]
INFO: Run Behavior\ParseTemplateBehavior [ RunTime:0.006733s ]
INFO: [ view_parse ] --END-- [ RunTime:0.006779s ]
INFO: [ view_filter ] --START--
INFO: Run Behavior\WriteHtmlCacheBehavior [ RunTime:0.000097s ]
INFO: [ view_filter ] --END-- [ RunTime:0.000134s ]
INFO: [ view_parse ] --START--
INFO: [ template_filter ] --START--
INFO: Run Behavior\ContentReplaceBehavior [ RunTime:0.000048s ]
INFO: [ template_filter ] --END-- [ RunTime:-0.003236s ]
INFO: Run Behavior\ParseTemplateBehavior [ RunTime:0.002991s ]
INFO: [ view_parse ] --END-- [ RunTime:-0.000215s ]
INFO: [ view_filter ] --START--
INFO: Run Behavior\WriteHtmlCacheBehavior [ RunTime:0.000006s ]
INFO: [ view_filter ] --END-- [ RunTime:-0.003110s ]
INFO: [ app_end ] --START--
INFO: Run Behavior\ShowPageTraceBehavior [ RunTime:0.000378s ]
INFO: Run Behavior\CronRunBehavior [ RunTime:0.000386s ]
INFO: [ app_end ] --END-- [ RunTime:0.000818s ]

[ 2016-12-16T21:06:44+08:00 ] 182.140.184.88 /weiphp30/index.php?s=/addon/Course/Wap/lists/public_id/1.html
INFO: [ app_init ] --START--
INFO: Run Behavior\BuildLiteBehavior [ RunTime:0.000010s ]
INFO: Run Common\Behavior\InitHookBehavior [ RunTime:0.000870s ]
INFO: [ app_init ] --END-- [ RunTime:0.001158s ]
INFO: [ app_begin ] --START--
INFO: Run Behavior\ReadHtmlCacheBehavior [ RunTime:0.000328s ]
INFO: [ app_begin ] --END-- [ RunTime:0.000352s ]
NOTIC: [2048] Declaration of Addons\Course\Controller\WapController::lists() should be compatible with Home\Controller\AddonsController::lists($model = NULL, $page = 0) /home/weiphp30/Addons/Course/Controller/WapController.class.php 第 13 行.
NOTIC: [8] Undefined index: uid /home/weiphp30/ThinkPHP/Library/Think/Controller.class.php 第 526 行.
SQL: SHOW COLUMNS FROM `wp_auth_group_access` [ RunTime:0.0007s ]
SQL: SELECT a.uid,a.group_id,g.title,g.rules FROM wp_auth_group_access a INNER JOIN wp_auth_group g on a.group_id=g.id  WHERE ( a.uid='668' and g.status='1' )  [ RunTime:0.0003s ]
SQL: SHOW COLUMNS FROM `wp_auth_rule` [ RunTime:0.0005s ]
SQL: SELECT `condition`,`name` FROM `wp_auth_rule` WHERE `id` NOT IN ('') AND `status` = 1  [ RunTime:0.0002s ]
NOTIC: [8] Undefined variable: thumb /home/weiphp30/Application/Common/Common/function.php 第 1081 行.
SQL: SELECT * FROM `wp_wxy_course` WHERE `token` = 'gh_2837e31e28ed' ORDER BY id DESC LIMIT 15,15   [ RunTime:0.0003s ]
SQL: SELECT COUNT(*) AS tp_count FROM `wp_wxy_course` WHERE `token` = 'gh_2837e31e28ed' LIMIT 1   [ RunTime:0.0002s ]
NOTIC: [8] Undefined index: query /home/weiphp30/ThinkPHP/Common/functions.php 第 1002 行.
NOTIC: [8] Undefined index: jump_url /home/weiphp30/Addons/Course/Controller/WapController.class.php 第 157 行.
NOTIC: [8] Undefined index: query /home/weiphp30/ThinkPHP/Common/functions.php 第 1002 行.
SQL: SELECT * FROM `wp_picture` WHERE `status` = 1 AND `id` = 874 LIMIT 1   [ RunTime:0.0003s ]
NOTIC: [8] Undefined index: jump_url /home/weiphp30/Addons/Course/Controller/WapController.class.php 第 157 行.
NOTIC: [8] Undefined index: query /home/weiphp30/ThinkPHP/Common/functions.php 第 1002 行.
SQL: SELECT * FROM `wp_picture` WHERE `status` = 1 AND `id` = 861 LIMIT 1   [ RunTime:0.0002s ]
NOTIC: [2] Missing argument 1 for Addons\WeiSite\Model\FooterModel::get_list(), called in /home/weiphp30/Addons/Course/Controller/WapController.class.php on line 212 and defined /home/weiphp30/Addons/WeiSite/Model/FooterModel.class.php 第 12 行.
SQL: SELECT * FROM `wp_weisite_footer` WHERE `token` = 'gh_2837e31e28ed' ORDER BY pid asc, sort asc  [ RunTime:0.0003s ]
NOTIC: [8] Undefined variable: thumb /home/weiphp30/Application/Common/Common/function.php 第 1081 行.
NOTIC: [8] Undefined variable: thumb /home/weiphp30/Application/Common/Common/function.php 第 1081 行.
NOTIC: [8] Undefined variable: thumb /home/weiphp30/Application/Common/Common/function.php 第 1081 行.
NOTIC: [8] Undefined variable: thumb /home/weiphp30/Application/Common/Common/function.php 第 1081 行.
INFO: [ view_parse ] --START--
INFO: [ template_filter ] --START--
INFO: Run Behavior\ContentReplaceBehavior [ RunTime:0.000031s ]
INFO: [ template_filter ] --END-- [ RunTime:0.000059s ]
INFO: Run Behavior\ParseTemplateBehavior [ RunTime:0.005559s ]
INFO: [ view_parse ] --END-- [ RunTime:0.005589s ]
INFO: [ view_filter ] --START--
INFO: Run Behavior\WriteHtmlCacheBehavior [ RunTime:0.000093s ]
INFO: [ view_filter ] --END-- [ RunTime:0.000117s ]

[ 2016-12-16T21:06:45+08:00 ] 182.140.184.88 /weiphp30/index.php?s=/addon/Course/Wap/lists/public_id/1.html
INFO: [ app_init ] --START--
INFO: Run Behavior\BuildLiteBehavior [ RunTime:0.000010s ]
INFO: Run Common\Behavior\InitHookBehavior [ RunTime:0.000973s ]
INFO: [ app_init ] --END-- [ RunTime:0.001240s ]
INFO: [ app_begin ] --START--
INFO: Run Behavior\ReadHtmlCacheBehavior [ RunTime:0.000298s ]
INFO: [ app_begin ] --END-- [ RunTime:0.000332s ]
NOTIC: [2048] Declaration of Addons\Course\Controller\WapController::lists() should be compatible with Home\Controller\AddonsController::lists($model = NULL, $page = 0) /home/weiphp30/Addons/Course/Controller/WapController.class.php 第 13 行.
NOTIC: [8] Undefined index: uid /home/weiphp30/ThinkPHP/Library/Think/Controller.class.php 第 526 行.
SQL: SHOW COLUMNS FROM `wp_auth_group_access` [ RunTime:0.0006s ]
SQL: SELECT a.uid,a.group_id,g.title,g.rules FROM wp_auth_group_access a INNER JOIN wp_auth_group g on a.group_id=g.id  WHERE ( a.uid='668' and g.status='1' )  [ RunTime:0.0003s ]
SQL: SHOW COLUMNS FROM `wp_auth_rule` [ RunTime:0.0004s ]
SQL: SELECT `condition`,`name` FROM `wp_auth_rule` WHERE `id` NOT IN ('') AND `status` = 1  [ RunTime:0.0002s ]
NOTIC: [8] Undefined variable: thumb /home/weiphp30/Application/Common/Common/function.php 第 1081 行.
SQL: SELECT * FROM `wp_wxy_course` WHERE `token` = 'gh_2837e31e28ed' ORDER BY id DESC LIMIT 30,15   [ RunTime:0.0002s ]
SQL: SELECT COUNT(*) AS tp_count FROM `wp_wxy_course` WHERE `token` = 'gh_2837e31e28ed' LIMIT 1   [ RunTime:0.0002s ]
NOTIC: [8] Undefined index: query /home/weiphp30/ThinkPHP/Common/functions.php 第 1002 行.
NOTIC: [2] Invalid argument supplied for foreach() /home/weiphp30/Addons/Course/Controller/WapController.class.php 第 156 行.
NOTIC: [8] Undefined variable: lists /home/weiphp30/Addons/Course/Controller/WapController.class.php 第 182 行.
NOTIC: [2] Missing argument 1 for Addons\WeiSite\Model\FooterModel::get_list(), called in /home/weiphp30/Addons/Course/Controller/WapController.class.php on line 212 and defined /home/weiphp30/Addons/WeiSite/Model/FooterModel.class.php 第 12 行.
SQL: SELECT * FROM `wp_weisite_footer` WHERE `token` = 'gh_2837e31e28ed' ORDER BY pid asc, sort asc  [ RunTime:0.0005s ]
NOTIC: [8] Undefined variable: thumb /home/weiphp30/Application/Common/Common/function.php 第 1081 行.
NOTIC: [8] Undefined variable: thumb /home/weiphp30/Application/Common/Common/function.php 第 1081 行.
NOTIC: [8] Undefined variable: thumb /home/weiphp30/Application/Common/Common/function.php 第 1081 行.
NOTIC: [8] Undefined variable: thumb /home/weiphp30/Application/Common/Common/function.php 第 1081 行.
INFO: [ view_parse ] --START--
INFO: [ template_filter ] --START--
INFO: Run Behavior\ContentReplaceBehavior [ RunTime:0.000037s ]
INFO: [ template_filter ] --END-- [ RunTime:0.000070s ]
INFO: Run Behavior\ParseTemplateBehavior [ RunTime:0.006045s ]
INFO: [ view_parse ] --END-- [ RunTime:0.006073s ]
INFO: [ view_filter ] --START--
INFO: Run Behavior\WriteHtmlCacheBehavior [ RunTime:0.000146s ]
INFO: [ view_filter ] --END-- [ RunTime:0.000171s ]
NOTIC: [8] Undefined variable: lists /home/weiphp30/Addons/Course/Controller/WapController.class.php 第 187 行.

[ 2016-12-16T21:06:46+08:00 ] 182.140.184.88 /weiphp30/index.php?s=/addon/Course/Wap/lists/public_id/1.html
INFO: [ app_init ] --START--
INFO: Run Behavior\BuildLiteBehavior [ RunTime:0.000008s ]
INFO: Run Common\Behavior\InitHookBehavior [ RunTime:0.000845s ]
INFO: [ app_init ] --END-- [ RunTime:0.001091s ]
INFO: [ app_begin ] --START--
INFO: Run Behavior\ReadHtmlCacheBehavior [ RunTime:0.000333s ]
INFO: [ app_begin ] --END-- [ RunTime:0.000359s ]
NOTIC: [2048] Declaration of Addons\Course\Controller\WapController::lists() should be compatible with Home\Controller\AddonsController::lists($model = NULL, $page = 0) /home/weiphp30/Addons/Course/Controller/WapController.class.php 第 13 行.
NOTIC: [8] Undefined index: uid /home/weiphp30/ThinkPHP/Library/Think/Controller.class.php 第 526 行.
SQL: SHOW COLUMNS FROM `wp_auth_group_access` [ RunTime:0.0005s ]
SQL: SELECT a.uid,a.group_id,g.title,g.rules FROM wp_auth_group_access a INNER JOIN wp_auth_group g on a.group_id=g.id  WHERE ( a.uid='668' and g.status='1' )  [ RunTime:0.0003s ]
SQL: SHOW COLUMNS FROM `wp_auth_rule` [ RunTime:0.0003s ]
SQL: SELECT `condition`,`name` FROM `wp_auth_rule` WHERE `id` NOT IN ('') AND `status` = 1  [ RunTime:0.0002s ]
NOTIC: [8] Undefined variable: thumb /home/weiphp30/Application/Common/Common/function.php 第 1081 行.
SQL: SELECT * FROM `wp_wxy_course` WHERE `token` = 'gh_2837e31e28ed' ORDER BY id DESC LIMIT 45,15   [ RunTime:0.0002s ]
SQL: SELECT COUNT(*) AS tp_count FROM `wp_wxy_course` WHERE `token` = 'gh_2837e31e28ed' LIMIT 1   [ RunTime:0.0002s ]
NOTIC: [8] Undefined index: query /home/weiphp30/ThinkPHP/Common/functions.php 第 1002 行.
NOTIC: [2] Invalid argument supplied for foreach() /home/weiphp30/Addons/Course/Controller/WapController.class.php 第 156 行.
NOTIC: [8] Undefined variable: lists /home/weiphp30/Addons/Course/Controller/WapController.class.php 第 182 行.
NOTIC: [2] Missing argument 1 for Addons\WeiSite\Model\FooterModel::get_list(), called in /home/weiphp30/Addons/Course/Controller/WapController.class.php on line 212 and defined /home/weiphp30/Addons/WeiSite/Model/FooterModel.class.php 第 12 行.
SQL: SELECT * FROM `wp_weisite_footer` WHERE `token` = 'gh_2837e31e28ed' ORDER BY pid asc, sort asc  [ RunTime:0.0003s ]
NOTIC: [8] Undefined variable: thumb /home/weiphp30/Application/Common/Common/function.php 第 1081 行.
NOTIC: [8] Undefined variable: thumb /home/weiphp30/Application/Common/Common/function.php 第 1081 行.
NOTIC: [8] Undefined variable: thumb /home/weiphp30/Application/Common/Common/function.php 第 1081 行.
NOTIC: [8] Undefined variable: thumb /home/weiphp30/Application/Common/Common/function.php 第 1081 行.
INFO: [ view_parse ] --START--
INFO: [ template_filter ] --START--
INFO: Run Behavior\ContentReplaceBehavior [ RunTime:0.000044s ]
INFO: [ template_filter ] --END-- [ RunTime:0.000073s ]
INFO: Run Behavior\ParseTemplateBehavior [ RunTime:0.005524s ]
INFO: [ view_parse ] --END-- [ RunTime:0.005551s ]
INFO: [ view_filter ] --START--
INFO: Run Behavior\WriteHtmlCacheBehavior [ RunTime:0.000124s ]
INFO: [ view_filter ] --END-- [ RunTime:0.000161s ]
NOTIC: [8] Undefined variable: lists /home/weiphp30/Addons/Course/Controller/WapController.class.php 第 187 行.

[ 2016-12-16T21:07:38+08:00 ] 182.140.184.88 /weiphp30/index.php?s=/addon/WeiSite/WeiSite/index/publicid/1.html&&code=031os0ya22QjaR0Ru2ya2fDUxa2os0yh&state=weiphp
INFO: [ app_init ] --START--
INFO: Run Behavior\BuildLiteBehavior [ RunTime:0.000009s ]
INFO: Run Common\Behavior\InitHookBehavior [ RunTime:0.000858s ]
INFO: [ app_init ] --END-- [ RunTime:0.001099s ]
INFO: [ app_begin ] --START--
INFO: Run Behavior\ReadHtmlCacheBehavior [ RunTime:0.000281s ]
INFO: [ app_begin ] --END-- [ RunTime:0.000308s ]
NOTIC: [2048] Declaration of Addons\WeiSite\Controller\WeiSiteController::lists() should be compatible with Home\Controller\AddonsController::lists($model = NULL, $page = 0) /home/weiphp30/Addons/WeiSite/Controller/WeiSiteController.class.php 第 7 行.
NOTIC: [8] Undefined index: uid /home/weiphp30/ThinkPHP/Library/Think/Controller.class.php 第 526 行.
SQL: SHOW COLUMNS FROM `wp_auth_group_access` [ RunTime:0.0006s ]
SQL: SELECT a.uid,a.group_id,g.title,g.rules FROM wp_auth_group_access a INNER JOIN wp_auth_group g on a.group_id=g.id  WHERE ( a.uid='668' and g.status='1' )  [ RunTime:0.0003s ]
SQL: SHOW COLUMNS FROM `wp_auth_rule` [ RunTime:0.0004s ]
SQL: SELECT `condition`,`name` FROM `wp_auth_rule` WHERE `id` NOT IN ('') AND `status` = 1  [ RunTime:0.0002s ]
NOTIC: [8] Undefined variable: thumb /home/weiphp30/Application/Common/Common/function.php 第 1081 行.
SQL: SELECT * FROM `wp_weisite_category` WHERE `token` = 'gh_2837e31e28ed' AND `is_show` = 1 AND `pid` = 0 ORDER BY sort asc, id desc  [ RunTime:0.0003s ]
NOTIC: [8] Undefined variable: thumb /home/weiphp30/Application/Common/Common/function.php 第 1081 行.
NOTIC: [8] Undefined variable: addons /home/weiphp30/Application/Common/Common/function.php 第 501 行.
NOTIC: [8] Undefined variable: thumb /home/weiphp30/Application/Common/Common/function.php 第 1081 行.
NOTIC: [8] Undefined variable: addons /home/weiphp30/Application/Common/Common/function.php 第 501 行.
NOTIC: [8] Undefined variable: thumb /home/weiphp30/Application/Common/Common/function.php 第 1081 行.
NOTIC: [8] Undefined variable: addons /home/weiphp30/Application/Common/Common/function.php 第 501 行.
NOTIC: [8] Undefined variable: thumb /home/weiphp30/Application/Common/Common/function.php 第 1081 行.
NOTIC: [8] Undefined variable: addons /home/weiphp30/Application/Common/Common/function.php 第 501 行.
NOTIC: [8] Undefined variable: thumb /home/weiphp30/Application/Common/Common/function.php 第 1081 行.
NOTIC: [8] Undefined variable: addons /home/weiphp30/Application/Common/Common/function.php 第 501 行.
NOTIC: [8] Undefined variable: thumb /home/weiphp30/Application/Common/Common/function.php 第 1081 行.
NOTIC: [8] Undefined variable: addons /home/weiphp30/Application/Common/Common/function.php 第 501 行.
NOTIC: [8] Undefined variable: thumb /home/weiphp30/Application/Common/Common/function.php 第 1081 行.
NOTIC: [8] Undefined variable: thumb /home/weiphp30/Application/Common/Common/function.php 第 1081 行.
NOTIC: [8] Undefined variable: thumb /home/weiphp30/Application/Common/Common/function.php 第 1081 行.
SQL: SELECT * FROM `wp_weisite_slideshow` WHERE `token` = 'gh_2837e31e28ed' AND `is_show` = 1 ORDER BY sort asc, id desc  [ RunTime:0.0003s ]
NOTIC: [8] Undefined variable: thumb /home/weiphp30/Application/Common/Common/function.php 第 1081 行.
NOTIC: [8] Undefined variable: thumb /home/weiphp30/Application/Common/Common/function.php 第 1081 行.
NOTIC: [8] Undefined variable: thumb /home/weiphp30/Application/Common/Common/function.php 第 1081 行.
NOTIC: [2] Missing argument 1 for Addons\WeiSite\Model\FooterModel::get_list(), called in /home/weiphp30/Addons/WeiSite/Controller/WeiSiteController.class.php on line 249 and defined /home/weiphp30/Addons/WeiSite/Model/FooterModel.class.php 第 12 行.
SQL: SELECT * FROM `wp_weisite_footer` WHERE `token` = 'gh_2837e31e28ed' ORDER BY pid asc, sort asc  [ RunTime:0.0003s ]
NOTIC: [8] Undefined variable: thumb /home/weiphp30/Application/Common/Common/function.php 第 1081 行.
NOTIC: [8] Undefined variable: thumb /home/weiphp30/Application/Common/Common/function.php 第 1081 行.
NOTIC: [8] Undefined variable: thumb /home/weiphp30/Application/Common/Common/function.php 第 1081 行.
NOTIC: [8] Undefined variable: thumb /home/weiphp30/Application/Common/Common/function.php 第 1081 行.
INFO: [ view_parse ] --START--
INFO: [ template_filter ] --START--
INFO: Run Behavior\ContentReplaceBehavior [ RunTime:0.000056s ]
INFO: [ template_filter ] --END-- [ RunTime:0.000092s ]
INFO: Run Behavior\ParseTemplateBehavior [ RunTime:0.005420s ]
INFO: [ view_parse ] --END-- [ RunTime:0.005451s ]
INFO: [ view_filter ] --START--
INFO: Run Behavior\WriteHtmlCacheBehavior [ RunTime:0.000106s ]
INFO: [ view_filter ] --END-- [ RunTime:0.000132s ]
INFO: [ view_parse ] --START--
INFO: [ template_filter ] --START--
INFO: Run Behavior\ContentReplaceBehavior [ RunTime:0.000056s ]
INFO: [ template_filter ] --END-- [ RunTime:-0.004457s ]
INFO: Run Behavior\ParseTemplateBehavior [ RunTime:0.004607s ]
INFO: [ view_parse ] --END-- [ RunTime:-0.000210s ]
INFO: [ view_filter ] --START--
INFO: Run Behavior\WriteHtmlCacheBehavior [ RunTime:0.000007s ]
INFO: [ view_filter ] --END-- [ RunTime:-0.004714s ]
INFO: [ app_end ] --START--
INFO: Run Behavior\ShowPageTraceBehavior [ RunTime:0.000363s ]
INFO: Run Behavior\CronRunBehavior [ RunTime:0.000322s ]
INFO: [ app_end ] --END-- [ RunTime:0.000737s ]

[ 2016-12-16T23:00:56+08:00 ] 182.254.86.157 /weiphp30/index.php?s=/home/weixin/index/id/2.html&signature=4aa8a2bdb27bd52ed643f21e196e0b3dbfe02e16&timestamp=1481900456&nonce=544652621&openid=oVYbpwPH6jcY3cQsp4tsLYOPGeZ4
INFO: [ app_init ] --START--
INFO: Run Behavior\BuildLiteBehavior [ RunTime:0.000009s ]
INFO: Run Common\Behavior\InitHookBehavior [ RunTime:0.000931s ]
INFO: [ app_init ] --END-- [ RunTime:0.001197s ]
INFO: [ app_begin ] --START--
INFO: Run Behavior\ReadHtmlCacheBehavior [ RunTime:0.000259s ]
INFO: [ app_begin ] --END-- [ RunTime:0.000288s ]
NOTIC: [8] Undefined index: doNotInit /home/weiphp30/Application/Home/Model/WeixinModel.class.php 第 14 行.
NOTIC: [8] Undefined index: encrypt_type /home/weiphp30/Application/Home/Model/WeixinModel.class.php 第 20 行.
SQL: INSERT INTO `wp_weixin_log` (`cTime`,`cTime_format`,`data`,`data_post`) VALUES ('1481900456','2016-12-16 23:00:56','a:6:{s:10:\"ToUserName\";s:15:\"gh_ca892028da58\";s:12:\"FromUserName\";s:28:\"oVYbpwPH6jcY3cQsp4tsLYOPGeZ4\";s:10:\"CreateTime\";s:10:\"1481900456\";s:7:\"MsgType\";s:5:\"event\";s:5:\"Event\";s:9:\"subscribe\";s:8:\"EventKey\";s:0:\"\";}','<xml><ToUserName><![CDATA[gh_ca892028da58]]></ToUserName>
<FromUserName><![CDATA[oVYbpwPH6jcY3cQsp4tsLYOPGeZ4]]></FromUserName>
<CreateTime>1481900456</CreateTime>
<MsgType><![CDATA[event]]></MsgType>
<Event><![CDATA[subscribe]]></Event>
<EventKey><![CDATA[]]></EventKey>
</xml>') [ RunTime:0.0003s ]
SQL: SELECT `name`,type_0 as val FROM `wp_public_auth`  [ RunTime:0.0002s ]
SQL: SELECT `uid` FROM `wp_public_follow` WHERE `token` = 'gh_ca892028da58' AND `openid` = 'oVYbpwPH6jcY3cQsp4tsLYOPGeZ4' LIMIT 1   [ RunTime:0.0002s ]
NOTIC: [8] Undefined index: headimgurl /home/weiphp30/Application/Common/Model/FollowModel.class.php 第 47 行.
SQL: INSERT INTO `wp_user` (`experience`,`score`,`reg_ip`,`reg_time`,`last_login_ip`,`last_login_time`,`status`,`is_init`,`is_audit`,`come_from`,`headimgurl`) VALUES ('100','100','3070121629','1481900456','3070121629','1481900456','1','1','1','1','') [ RunTime:0.0002s ]
SQL: INSERT INTO `wp_public_follow` (`token`,`openid`,`uid`) VALUES ('gh_ca892028da58','oVYbpwPH6jcY3cQsp4tsLYOPGeZ4','800') [ RunTime:0.0001s ]
NOTIC: [8] Undefined variable: user /home/weiphp30/Application/Home/Controller/WeixinController.class.php 第 301 行.
NOTIC: [8] Undefined index: Content /home/weiphp30/Application/Home/Controller/WeixinController.class.php 第 41 行.
NOTIC: [2] Invalid argument supplied for foreach() /home/weiphp30/Application/Home/Controller/WeixinController.class.php 第 46 行.
NOTIC: [8] Undefined variable: addons /home/weiphp30/Application/Common/Common/function.php 第 501 行.
NOTIC: [8] Undefined variable: addons /home/weiphp30/Application/Common/Common/function.php 第 501 行.
NOTIC: [8] Undefined variable: addons /home/weiphp30/Application/Common/Common/function.php 第 501 行.
NOTIC: [8] Undefined variable: addons /home/weiphp30/Application/Common/Common/function.php 第 501 行.
NOTIC: [8] Undefined variable: addons /home/weiphp30/Application/Common/Common/function.php 第 501 行.
NOTIC: [8] Undefined variable: addons /home/weiphp30/Application/Common/Common/function.php 第 501 行.
NOTIC: [8] Undefined variable: addons /home/weiphp30/Application/Common/Common/function.php 第 501 行.
NOTIC: [8] Undefined variable: addons /home/weiphp30/Application/Common/Common/function.php 第 501 行.
NOTIC: [8] Undefined variable: addons /home/weiphp30/Application/Common/Common/function.php 第 501 行.
NOTIC: [8] Undefined variable: addons /home/weiphp30/Application/Common/Common/function.php 第 501 行.
NOTIC: [8] Undefined variable: addons /home/weiphp30/Application/Common/Common/function.php 第 501 行.
NOTIC: [8] Undefined variable: addons /home/weiphp30/Application/Common/Common/function.php 第 501 行.
NOTIC: [8] Undefined variable: addons /home/weiphp30/Application/Common/Common/function.php 第 501 行.
NOTIC: [8] Undefined variable: addons /home/weiphp30/Application/Common/Common/function.php 第 501 行.
NOTIC: [8] Undefined variable: addons /home/weiphp30/Application/Common/Common/function.php 第 501 行.
NOTIC: [8] Undefined variable: addons /home/weiphp30/Application/Common/Common/function.php 第 501 行.
NOTIC: [8] Undefined variable: addons /home/weiphp30/Application/Common/Common/function.php 第 501 行.
NOTIC: [8] Undefined variable: addons /home/weiphp30/Application/Common/Common/function.php 第 501 行.
NOTIC: [8] Undefined variable: addons /home/weiphp30/Application/Common/Common/function.php 第 501 行.
NOTIC: [8] Undefined variable: addons /home/weiphp30/Application/Common/Common/function.php 第 501 行.
NOTIC: [8] Undefined variable: addons /home/weiphp30/Application/Common/Common/function.php 第 501 行.
NOTIC: [8] Undefined variable: addons /home/weiphp30/Application/Common/Common/function.php 第 501 行.
NOTIC: [8] Undefined variable: addons /home/weiphp30/Application/Common/Common/function.php 第 501 行.
NOTIC: [8] Undefined variable: addons /home/weiphp30/Application/Common/Common/function.php 第 501 行.
NOTIC: [8] Undefined variable: addons /home/weiphp30/Application/Common/Common/function.php 第 501 行.
NOTIC: [8] Undefined variable: addons /home/weiphp30/Application/Common/Common/function.php 第 501 行.
NOTIC: [8] Undefined variable: addons /home/weiphp30/Application/Common/Common/function.php 第 501 行.
NOTIC: [8] Undefined variable: addons /home/weiphp30/Application/Common/Common/function.php 第 501 行.
NOTIC: [8] Undefined variable: addons /home/weiphp30/Application/Common/Common/function.php 第 501 行.
NOTIC: [8] Undefined variable: addons /home/weiphp30/Application/Common/Common/function.php 第 501 行.
NOTIC: [8] Undefined variable: addons /home/weiphp30/Application/Common/Common/function.php 第 501 行.
NOTIC: [8] Undefined variable: addons /home/weiphp30/Application/Common/Common/function.php 第 501 行.
NOTIC: [8] Undefined variable: addons /home/weiphp30/Application/Common/Common/function.php 第 501 行.
NOTIC: [8] Undefined variable: addons /home/weiphp30/Application/Common/Common/function.php 第 501 行.
NOTIC: [8] Undefined variable: addons /home/weiphp30/Application/Common/Common/function.php 第 501 行.
NOTIC: [8] Undefined variable: addons /home/weiphp30/Application/Common/Common/function.php 第 501 行.
NOTIC: [8] Undefined variable: addons /home/weiphp30/Application/Common/Common/function.php 第 501 行.
NOTIC: [8] Undefined variable: addons /home/weiphp30/Application/Common/Common/function.php 第 501 行.
NOTIC: [8] Undefined variable: addons /home/weiphp30/Application/Common/Common/function.php 第 501 行.
NOTIC: [8] Undefined variable: addons /home/weiphp30/Application/Common/Common/function.php 第 501 行.
NOTIC: [8] Undefined variable: addons /home/weiphp30/Application/Common/Common/function.php 第 501 行.
NOTIC: [8] Undefined index: appid /home/weiphp30/Application/Home/Controller/WeixinController.class.php 第 73 行.
SQL: SELECT * FROM `wp_custom_menu` WHERE `keyword` = 'subscribe' AND `from_type` <> 9 AND `token` = 'gh_ca892028da58' AND `type` = 'click' ORDER BY id desc LIMIT 1   [ RunTime:0.0002s ]
NOTIC: [8] Undefined index: doNotInit /home/weiphp30/Application/Home/Model/WeixinModel.class.php 第 14 行.
NOTIC: [8] Undefined index: encrypt_type /home/weiphp30/Application/Home/Model/WeixinModel.class.php 第 20 行.
SQL: SELECT `uid` FROM `wp_public_follow` WHERE `token` = 'gh_ca892028da58' AND `openid` = 'oVYbpwPH6jcY3cQsp4tsLYOPGeZ4' LIMIT 1   [ RunTime:0.0002s ]
NOTIC: [8] Undefined variable: token /home/weiphp30/Application/Common/Model/FollowModel.class.php 第 85 行.
NOTIC: [2] Illegal offset type in isset or empty /home/weiphp30/ThinkPHP/Library/Think/Model.class.php 第 542 行.
SQL: UPDATE `wp_public_follow` SET `has_subscribe`='1' WHERE `openid` = 'oVYbpwPH6jcY3cQsp4tsLYOPGeZ4' [ RunTime:0.0002s ]
SQL: INSERT INTO `wp_credit_data` (`credit_name`,`admin_uid`,`uid`,`cTime`,`token`,`experience`,`score`,`credit_title`) VALUES ('subscribe','0','800','1481900456','gh_ca892028da58','100','100','关注公众号') [ RunTime:0.0002s ]
SQL: SELECT * FROM `wp_user` WHERE `uid` = 800 LIMIT 1   [ RunTime:0.0003s ]
SQL: SELECT `uid`,`has_public`,`headface_url`,`GammaAppId`,`GammaSecret`,`copy_right`,`tongji_code`,`website_logo` FROM `wp_manager` WHERE ( uid='800' ) LIMIT 1   [ RunTime:0.0002s ]
SQL: SHOW COLUMNS FROM `wp_auth_group_access` [ RunTime:0.0004s ]
SQL: SELECT a.group_id,g.title,g.type,g.icon FROM wp_auth_group_access a INNER JOIN wp_auth_group g on a.group_id=g.id  WHERE ( a.uid='800' and g.status='1' )  [ RunTime:0.0002s ]
NOTIC: [2] Invalid argument supplied for foreach() /home/weiphp30/Application/Common/Model/UserModel.class.php 第 243 行.
SQL: SELECT `openid`,`token`,`uid`,`has_subscribe`,`syc_status`,`remark` FROM `wp_public_follow` WHERE ( uid='800' )  [ RunTime:0.0003s ]
NOTIC: [8] Undefined index:  /home/weiphp30/Application/Common/Model/UserModel.class.php 第 271 行.
NOTIC: [8] Undefined index:  /home/weiphp30/Application/Common/Model/UserModel.class.php 第 272 行.
SQL: SELECT `tag_id` FROM `wp_user_tag_link` WHERE `uid` = 800  [ RunTime:0.0001s ]
SQL: UPDATE `wp_user` SET `score`='200',`experience`='200' WHERE `uid` = 800 [ RunTime:0.0002s ]
SQL: SELECT * FROM `wp_user` WHERE `uid` = 800 LIMIT 1   [ RunTime:0.0002s ]
SQL: SELECT `uid`,`has_public`,`headface_url`,`GammaAppId`,`GammaSecret`,`copy_right`,`tongji_code`,`website_logo` FROM `wp_manager` WHERE ( uid='800' ) LIMIT 1   [ RunTime:0.0001s ]
SQL: SHOW COLUMNS FROM `wp_auth_group_access` [ RunTime:0.0004s ]
SQL: SELECT a.group_id,g.title,g.type,g.icon FROM wp_auth_group_access a INNER JOIN wp_auth_group g on a.group_id=g.id  WHERE ( a.uid='800' and g.status='1' )  [ RunTime:0.0002s ]
NOTIC: [2] Invalid argument supplied for foreach() /home/weiphp30/Application/Common/Model/UserModel.class.php 第 243 行.
SQL: SELECT `openid`,`token`,`uid`,`has_subscribe`,`syc_status`,`remark` FROM `wp_public_follow` WHERE ( uid='800' )  [ RunTime:0.0004s ]
NOTIC: [8] Undefined index:  /home/weiphp30/Application/Common/Model/UserModel.class.php 第 271 行.
NOTIC: [8] Undefined index:  /home/weiphp30/Application/Common/Model/UserModel.class.php 第 272 行.
SQL: SELECT `tag_id` FROM `wp_user_tag_link` WHERE `uid` = 800  [ RunTime:0.0001s ]
NOTIC: [8] Undefined offset: 0 /home/weiphp30/Application/Home/Model/WeixinModel.class.php 第 246 行.
NOTIC: [8] Undefined offset: 0 /home/weiphp30/Application/Home/Model/WeixinModel.class.php 第 251 行.
NOTIC: [8] Undefined offset: 0 /home/weiphp30/Application/Home/Model/WeixinModel.class.php 第 254 行.
NOTIC: [8] Undefined offset: 0 /home/weiphp30/Application/Home/Model/WeixinModel.class.php 第 257 行.
NOTIC: [8] Undefined offset: 0 /home/weiphp30/Application/Home/Model/WeixinModel.class.php 第 260 行.
NOTIC: [8] Undefined variable: addons /home/weiphp30/Application/Common/Common/function.php 第 501 行.
NOTIC: [8] Undefined variable: addons /home/weiphp30/Application/Common/Common/function.php 第 501 行.
NOTIC: [8] Undefined variable: config /home/weiphp30/Application/Home/Model/WeixinModel.class.php 第 280 行.
NOTIC: [8] Undefined index: type /home/weiphp30/Application/Home/Model/WeixinModel.class.php 第 282 行.

