[ 2016-12-21T00:26:33+08:00 ] 180.153.201.79 /weiphp30/index.php?s%3D/addon/Student/Wap/show_attendance/publicid/1/studentno/1621000132.html
INFO: [ app_init ] --START--
INFO: Run Behavior\BuildLiteBehavior [ RunTime:0.000012s ]
INFO: Run Common\Behavior\InitHookBehavior [ RunTime:0.001001s ]
INFO: [ app_init ] --END-- [ RunTime:0.001307s ]
INFO: [ app_begin ] --START--
INFO: Run Behavior\ReadHtmlCacheBehavior [ RunTime:0.000332s ]
INFO: [ app_begin ] --END-- [ RunTime:0.000361s ]
SQL: SELECT `value` FROM `wp_config` WHERE ( name="FOLLOW_YOUKE_UID" ) LIMIT 1   [ RunTime:0.0003s ]
SQL: UPDATE `wp_config` SET `value`='-3108' WHERE ( name="FOLLOW_YOUKE_UID" ) [ RunTime:0.0002s ]
NOTIC: [8] Undefined index: uid /home/weiphp30/ThinkPHP/Library/Think/Controller.class.php 第 526 行.
SQL: SHOW COLUMNS FROM `wp_auth_group_access` [ RunTime:0.0005s ]
SQL: SELECT a.uid,a.group_id,g.title,g.rules FROM wp_auth_group_access a INNER JOIN wp_auth_group g on a.group_id=g.id  WHERE ( a.uid='-3108' and g.status='1' )  [ RunTime:0.0002s ]
SQL: SELECT `id`,`token` FROM `wp_public`  [ RunTime:0.0002s ]
NOTIC: [8] Undefined offset: -1 /home/weiphp30/Application/Common/Model/PublicModel.class.php 第 38 行.
NOTIC: [8] Undefined index: addon_status /home/weiphp30/Application/Common/Model/AddonStatusModel.class.php 第 47 行.
NOTIC: [8] Undefined index: group_id /home/weiphp30/Application/Common/Model/AddonStatusModel.class.php 第 50 行.
NOTIC: [8] Undefined variable: addons /home/weiphp30/Application/Common/Common/function.php 第 501 行.
NOTIC: [8] Undefined variable: addons /home/weiphp30/Application/Common/Common/function.php 第 501 行.
NOTIC: [8] Undefined variable: addons /home/weiphp30/Application/Common/Common/function.php 第 501 行.
NOTIC: [8] Undefined variable: addons /home/weiphp30/Application/Common/Common/function.php 第 501 行.
NOTIC: [8] Undefined variable: addons /home/weiphp30/Application/Common/Common/function.php 第 501 行.
NOTIC: [8] Undefined variable: addons /home/weiphp30/Application/Common/Common/function.php 第 501 行.
NOTIC: [8] Undefined variable: addons /home/weiphp30/Application/Common/Common/function.php 第 501 行.
NOTIC: [8] Undefined variable: addons /home/weiphp30/Application/Common/Common/function.php 第 501 行.
NOTIC: [8] Undefined variable: addons /home/weiphp30/Application/Common/Common/function.php 第 501 行.
NOTIC: [8] Undefined variable: addons /home/weiphp30/Application/Common/Common/function.php 第 501 行.
NOTIC: [8] Undefined variable: addons /home/weiphp30/Application/Common/Common/function.php 第 501 行.
NOTIC: [8] Undefined variable: addons /home/weiphp30/Application/Common/Common/function.php 第 501 行.
NOTIC: [8] Undefined variable: addons /home/weiphp30/Application/Common/Common/function.php 第 501 行.
NOTIC: [8] Undefined variable: addons /home/weiphp30/Application/Common/Common/function.php 第 501 行.
NOTIC: [8] Undefined variable: addons /home/weiphp30/Application/Common/Common/function.php 第 501 行.
NOTIC: [8] Undefined variable: addons /home/weiphp30/Application/Common/Common/function.php 第 501 行.
NOTIC: [8] Undefined variable: addons /home/weiphp30/Application/Common/Common/function.php 第 501 行.
NOTIC: [8] Undefined variable: addons /home/weiphp30/Application/Common/Common/function.php 第 501 行.
NOTIC: [8] Undefined variable: addons /home/weiphp30/Application/Common/Common/function.php 第 501 行.
NOTIC: [8] Undefined variable: addons /home/weiphp30/Application/Common/Common/function.php 第 501 行.
NOTIC: [8] Undefined variable: addons /home/weiphp30/Application/Common/Common/function.php 第 501 行.
NOTIC: [8] Undefined variable: addons /home/weiphp30/Application/Common/Common/function.php 第 501 行.
NOTIC: [8] Undefined variable: addons /home/weiphp30/Application/Common/Common/function.php 第 501 行.
NOTIC: [8] Undefined variable: addons /home/weiphp30/Application/Common/Common/function.php 第 501 行.
NOTIC: [8] Undefined variable: addons /home/weiphp30/Application/Common/Common/function.php 第 501 行.
NOTIC: [8] Undefined variable: addons /home/weiphp30/Application/Common/Common/function.php 第 501 行.
NOTIC: [8] Undefined variable: addons /home/weiphp30/Application/Common/Common/function.php 第 501 行.
NOTIC: [8] Undefined variable: addons /home/weiphp30/Application/Common/Common/function.php 第 501 行.
NOTIC: [8] Undefined variable: addons /home/weiphp30/Application/Common/Common/function.php 第 501 行.
NOTIC: [8] Undefined variable: addons /home/weiphp30/Application/Common/Common/function.php 第 501 行.
NOTIC: [8] Undefined variable: addons /home/weiphp30/Application/Common/Common/function.php 第 501 行.
NOTIC: [8] Undefined variable: addons /home/weiphp30/Application/Common/Common/function.php 第 501 行.
NOTIC: [8] Undefined variable: addons /home/weiphp30/Application/Common/Common/function.php 第 501 行.
NOTIC: [8] Undefined variable: addons /home/weiphp30/Application/Common/Common/function.php 第 501 行.
NOTIC: [8] Undefined variable: addons /home/weiphp30/Application/Common/Common/function.php 第 501 行.
NOTIC: [8] Undefined variable: addons /home/weiphp30/Application/Common/Common/function.php 第 501 行.
NOTIC: [8] Undefined variable: addons /home/weiphp30/Application/Common/Common/function.php 第 501 行.
NOTIC: [8] Undefined variable: addons /home/weiphp30/Application/Common/Common/function.php 第 501 行.
NOTIC: [8] Undefined variable: addons /home/weiphp30/Application/Common/Common/function.php 第 501 行.
NOTIC: [8] Undefined variable: addons /home/weiphp30/Application/Common/Common/function.php 第 501 行.
NOTIC: [8] Undefined variable: addons /home/weiphp30/Application/Common/Common/function.php 第 501 行.
SQL: SELECT * FROM `wp_manager_menu` WHERE `uid` = 0 AND `is_hide` = 0 ORDER BY sort asc, id asc  [ RunTime:0.0002s ]
SQL: SELECT * FROM `wp_manager_menu` WHERE `uid` = 1 AND `is_hide` = 0 ORDER BY sort asc, id asc  [ RunTime:0.0004s ]
NOTIC: [8] Undefined variable: addons /home/weiphp30/Application/Common/Common/function.php 第 501 行.
NOTIC: [8] Undefined variable: addons /home/weiphp30/Application/Common/Common/function.php 第 501 行.
NOTIC: [8] Undefined variable: addons /home/weiphp30/Application/Common/Common/function.php 第 501 行.
NOTIC: [8] Undefined variable: addons /home/weiphp30/Application/Common/Common/function.php 第 501 行.
NOTIC: [8] Undefined variable: addons /home/weiphp30/Application/Common/Common/function.php 第 501 行.
NOTIC: [8] Undefined variable: addons /home/weiphp30/Application/Common/Common/function.php 第 501 行.
NOTIC: [8] Undefined variable: addons /home/weiphp30/Application/Common/Common/function.php 第 501 行.
NOTIC: [8] Undefined variable: addons /home/weiphp30/Application/Common/Common/function.php 第 501 行.
NOTIC: [8] Undefined variable: addons /home/weiphp30/Application/Common/Common/function.php 第 501 行.
NOTIC: [8] Undefined variable: addons /home/weiphp30/Application/Common/Common/function.php 第 501 行.
NOTIC: [8] Undefined offset: 14 /home/weiphp30/Application/Common/Model/ManagerMenuModel.class.php 第 106 行.
NOTIC: [8] Undefined offset: 14 /home/weiphp30/Application/Common/Model/ManagerMenuModel.class.php 第 116 行.
NOTIC: [8] Undefined offset: 60 /home/weiphp30/Application/Common/Model/ManagerMenuModel.class.php 第 106 行.
NOTIC: [8] Undefined offset: 60 /home/weiphp30/Application/Common/Model/ManagerMenuModel.class.php 第 116 行.
NOTIC: [8] Undefined index: HTTP_REFERER /home/weiphp30/Application/Common/Model/ManagerMenuModel.class.php 第 139 行.
NOTIC: [8] Undefined index: side /home/weiphp30/Application/Common/Model/ManagerMenuModel.class.php 第 179 行.
NOTIC: [8] Undefined index: side /home/weiphp30/Application/Common/Model/ManagerMenuModel.class.php 第 179 行.
NOTIC: [8] Undefined index: side /home/weiphp30/Application/Common/Model/ManagerMenuModel.class.php 第 179 行.
NOTIC: [8] Undefined index: side /home/weiphp30/Application/Common/Model/ManagerMenuModel.class.php 第 179 行.
NOTIC: [8] Undefined index: side /home/weiphp30/Application/Common/Model/ManagerMenuModel.class.php 第 179 行.
NOTIC: [8] Undefined index: side /home/weiphp30/Application/Common/Model/ManagerMenuModel.class.php 第 179 行.
NOTIC: [8] Undefined index: side /home/weiphp30/Application/Common/Model/ManagerMenuModel.class.php 第 179 行.
NOTIC: [8] Undefined index: side /home/weiphp30/Application/Common/Model/ManagerMenuModel.class.php 第 179 行.
NOTIC: [8] Undefined index: side /home/weiphp30/Application/Common/Model/ManagerMenuModel.class.php 第 179 行.
NOTIC: [8] Undefined index: side /home/weiphp30/Application/Common/Model/ManagerMenuModel.class.php 第 179 行.
NOTIC: [8] Undefined index: side /home/weiphp30/Application/Common/Model/ManagerMenuModel.class.php 第 179 行.
NOTIC: [8] Undefined index: side /home/weiphp30/Application/Common/Model/ManagerMenuModel.class.php 第 179 行.
NOTIC: [8] Undefined index: side /home/weiphp30/Application/Common/Model/ManagerMenuModel.class.php 第 179 行.
NOTIC: [8] Undefined index: side /home/weiphp30/Application/Common/Model/ManagerMenuModel.class.php 第 179 行.
NOTIC: [8] Undefined index: side /home/weiphp30/Application/Common/Model/ManagerMenuModel.class.php 第 179 行.
NOTIC: [8] Undefined index: side /home/weiphp30/Application/Common/Model/ManagerMenuModel.class.php 第 179 行.
NOTIC: [8] Undefined index: side /home/weiphp30/Application/Common/Model/ManagerMenuModel.class.php 第 179 行.
NOTIC: [8] Undefined index: side /home/weiphp30/Application/Common/Model/ManagerMenuModel.class.php 第 179 行.
NOTIC: [8] Undefined index: side /home/weiphp30/Application/Common/Model/ManagerMenuModel.class.php 第 179 行.
NOTIC: [8] Undefined index: side /home/weiphp30/Application/Common/Model/ManagerMenuModel.class.php 第 179 行.
NOTIC: [8] Undefined index: side /home/weiphp30/Application/Common/Model/ManagerMenuModel.class.php 第 179 行.
NOTIC: [8] Undefined index: side /home/weiphp30/Application/Common/Model/ManagerMenuModel.class.php 第 179 行.
NOTIC: [8] Undefined index: side /home/weiphp30/Application/Common/Model/ManagerMenuModel.class.php 第 179 行.
NOTIC: [8] Undefined index: side /home/weiphp30/Application/Common/Model/ManagerMenuModel.class.php 第 179 行.
NOTIC: [8] Undefined index: side /home/weiphp30/Application/Common/Model/ManagerMenuModel.class.php 第 179 行.
NOTIC: [8] Undefined index: side /home/weiphp30/Application/Common/Model/ManagerMenuModel.class.php 第 179 行.
NOTIC: [8] Undefined index: side /home/weiphp30/Application/Common/Model/ManagerMenuModel.class.php 第 179 行.
NOTIC: [8] Undefined index: side /home/weiphp30/Application/Common/Model/ManagerMenuModel.class.php 第 179 行.
NOTIC: [8] Undefined index: side /home/weiphp30/Application/Common/Model/ManagerMenuModel.class.php 第 179 行.
NOTIC: [8] Undefined index: side /home/weiphp30/Application/Common/Model/ManagerMenuModel.class.php 第 179 行.
NOTIC: [8] Undefined index: side /home/weiphp30/Application/Common/Model/ManagerMenuModel.class.php 第 179 行.
NOTIC: [8] Undefined index: side /home/weiphp30/Application/Common/Model/ManagerMenuModel.class.php 第 179 行.
NOTIC: [8] Undefined index: side /home/weiphp30/Application/Common/Model/ManagerMenuModel.class.php 第 179 行.
NOTIC: [8] Undefined index: side /home/weiphp30/Application/Common/Model/ManagerMenuModel.class.php 第 179 行.
NOTIC: [8] Undefined index: side /home/weiphp30/Application/Common/Model/ManagerMenuModel.class.php 第 179 行.
NOTIC: [8] Undefined index: side /home/weiphp30/Application/Common/Model/ManagerMenuModel.class.php 第 179 行.
NOTIC: [8] Undefined index: side /home/weiphp30/Application/Common/Model/ManagerMenuModel.class.php 第 179 行.
NOTIC: [8] Undefined index: side /home/weiphp30/Application/Common/Model/ManagerMenuModel.class.php 第 179 行.
NOTIC: [8] Undefined index: side /home/weiphp30/Application/Common/Model/ManagerMenuModel.class.php 第 179 行.
NOTIC: [8] Undefined index: side /home/weiphp30/Application/Common/Model/ManagerMenuModel.class.php 第 179 行.
NOTIC: [8] Undefined index: side /home/weiphp30/Application/Common/Model/ManagerMenuModel.class.php 第 179 行.
NOTIC: [8] Undefined index: side /home/weiphp30/Application/Common/Model/ManagerMenuModel.class.php 第 179 行.
NOTIC: [8] Undefined index: side /home/weiphp30/Application/Common/Model/ManagerMenuModel.class.php 第 179 行.
NOTIC: [8] Undefined index: side /home/weiphp30/Application/Common/Model/ManagerMenuModel.class.php 第 179 行.
NOTIC: [8] Undefined index: side /home/weiphp30/Application/Common/Model/ManagerMenuModel.class.php 第 179 行.
NOTIC: [8] Undefined index: side /home/weiphp30/Application/Common/Model/ManagerMenuModel.class.php 第 179 行.
NOTIC: [8] Undefined index: side /home/weiphp30/Application/Common/Model/ManagerMenuModel.class.php 第 179 行.
NOTIC: [8] Undefined offset: 14 /home/weiphp30/Application/Common/Model/ManagerMenuModel.class.php 第 185 行.
SQL: SELECT * FROM `wp_public_link` WHERE `uid` = 0  [ RunTime:0.0002s ]
NOTIC: [2] Invalid argument supplied for foreach() /home/weiphp30/Application/Common/Model/PublicModel.class.php 第 48 行.
NOTIC: [8] Undefined variable: res /home/weiphp30/Application/Common/Model/PublicModel.class.php 第 52 行.

[ 2016-12-21T00:26:33+08:00 ] 180.153.201.79 /weiphp30/index.php?s=/Home/Public/User/login/from/1.html
INFO: [ app_init ] --START--
INFO: Run Behavior\BuildLiteBehavior [ RunTime:0.000011s ]
INFO: Run Common\Behavior\InitHookBehavior [ RunTime:0.000928s ]
INFO: [ app_init ] --END-- [ RunTime:0.001219s ]
INFO: [ app_begin ] --START--
INFO: Run Behavior\ReadHtmlCacheBehavior [ RunTime:0.000300s ]
INFO: [ app_begin ] --END-- [ RunTime:0.000341s ]
NOTIC: [8] Undefined index: uid /home/weiphp30/ThinkPHP/Library/Think/Controller.class.php 第 526 行.
SQL: SHOW COLUMNS FROM `wp_auth_group_access` [ RunTime:0.0007s ]
SQL: SELECT a.uid,a.group_id,g.title,g.rules FROM wp_auth_group_access a INNER JOIN wp_auth_group g on a.group_id=g.id  WHERE ( a.uid='-3108' and g.status='1' )  [ RunTime:0.0003s ]

[ 2016-12-21T00:26:33+08:00 ] 180.153.201.79 /weiphp30/index.php?s=/home/user/login/from/6.html
INFO: [ app_init ] --START--
INFO: Run Behavior\BuildLiteBehavior [ RunTime:0.000014s ]
INFO: Run Common\Behavior\InitHookBehavior [ RunTime:0.000883s ]
INFO: [ app_init ] --END-- [ RunTime:0.001144s ]
INFO: [ app_begin ] --START--
INFO: Run Behavior\ReadHtmlCacheBehavior [ RunTime:0.000332s ]
INFO: [ app_begin ] --END-- [ RunTime:0.000359s ]
NOTIC: [8] Undefined index: uid /home/weiphp30/ThinkPHP/Library/Think/Controller.class.php 第 526 行.
SQL: SHOW COLUMNS FROM `wp_auth_group_access` [ RunTime:0.0006s ]
SQL: SELECT a.uid,a.group_id,g.title,g.rules FROM wp_auth_group_access a INNER JOIN wp_auth_group g on a.group_id=g.id  WHERE ( a.uid='-3108' and g.status='1' )  [ RunTime:0.0003s ]
SQL: SELECT `id`,`token` FROM `wp_public`  [ RunTime:0.0002s ]
NOTIC: [8] Undefined offset: -1 /home/weiphp30/Application/Common/Model/PublicModel.class.php 第 38 行.
NOTIC: [8] Undefined index: addon_status /home/weiphp30/Application/Common/Model/AddonStatusModel.class.php 第 47 行.
NOTIC: [8] Undefined index: group_id /home/weiphp30/Application/Common/Model/AddonStatusModel.class.php 第 50 行.
NOTIC: [8] Undefined variable: addons /home/weiphp30/Application/Common/Common/function.php 第 501 行.
NOTIC: [8] Undefined variable: addons /home/weiphp30/Application/Common/Common/function.php 第 501 行.
NOTIC: [8] Undefined variable: addons /home/weiphp30/Application/Common/Common/function.php 第 501 行.
NOTIC: [8] Undefined variable: addons /home/weiphp30/Application/Common/Common/function.php 第 501 行.
NOTIC: [8] Undefined variable: addons /home/weiphp30/Application/Common/Common/function.php 第 501 行.
NOTIC: [8] Undefined variable: addons /home/weiphp30/Application/Common/Common/function.php 第 501 行.
NOTIC: [8] Undefined variable: addons /home/weiphp30/Application/Common/Common/function.php 第 501 行.
NOTIC: [8] Undefined variable: addons /home/weiphp30/Application/Common/Common/function.php 第 501 行.
NOTIC: [8] Undefined variable: addons /home/weiphp30/Application/Common/Common/function.php 第 501 行.
NOTIC: [8] Undefined variable: addons /home/weiphp30/Application/Common/Common/function.php 第 501 行.
NOTIC: [8] Undefined variable: addons /home/weiphp30/Application/Common/Common/function.php 第 501 行.
NOTIC: [8] Undefined variable: addons /home/weiphp30/Application/Common/Common/function.php 第 501 行.
NOTIC: [8] Undefined variable: addons /home/weiphp30/Application/Common/Common/function.php 第 501 行.
NOTIC: [8] Undefined variable: addons /home/weiphp30/Application/Common/Common/function.php 第 501 行.
NOTIC: [8] Undefined variable: addons /home/weiphp30/Application/Common/Common/function.php 第 501 行.
NOTIC: [8] Undefined variable: addons /home/weiphp30/Application/Common/Common/function.php 第 501 行.
NOTIC: [8] Undefined variable: addons /home/weiphp30/Application/Common/Common/function.php 第 501 行.
NOTIC: [8] Undefined variable: addons /home/weiphp30/Application/Common/Common/function.php 第 501 行.
NOTIC: [8] Undefined variable: addons /home/weiphp30/Application/Common/Common/function.php 第 501 行.
NOTIC: [8] Undefined variable: addons /home/weiphp30/Application/Common/Common/function.php 第 501 行.
NOTIC: [8] Undefined variable: addons /home/weiphp30/Application/Common/Common/function.php 第 501 行.
NOTIC: [8] Undefined variable: addons /home/weiphp30/Application/Common/Common/function.php 第 501 行.
NOTIC: [8] Undefined variable: addons /home/weiphp30/Application/Common/Common/function.php 第 501 行.
NOTIC: [8] Undefined variable: addons /home/weiphp30/Application/Common/Common/function.php 第 501 行.
NOTIC: [8] Undefined variable: addons /home/weiphp30/Application/Common/Common/function.php 第 501 行.
NOTIC: [8] Undefined variable: addons /home/weiphp30/Application/Common/Common/function.php 第 501 行.
NOTIC: [8] Undefined variable: addons /home/weiphp30/Application/Common/Common/function.php 第 501 行.
NOTIC: [8] Undefined variable: addons /home/weiphp30/Application/Common/Common/function.php 第 501 行.
NOTIC: [8] Undefined variable: addons /home/weiphp30/Application/Common/Common/function.php 第 501 行.
NOTIC: [8] Undefined variable: addons /home/weiphp30/Application/Common/Common/function.php 第 501 行.
NOTIC: [8] Undefined variable: addons /home/weiphp30/Application/Common/Common/function.php 第 501 行.
NOTIC: [8] Undefined variable: addons /home/weiphp30/Application/Common/Common/function.php 第 501 行.
NOTIC: [8] Undefined variable: addons /home/weiphp30/Application/Common/Common/function.php 第 501 行.
NOTIC: [8] Undefined variable: addons /home/weiphp30/Application/Common/Common/function.php 第 501 行.
NOTIC: [8] Undefined variable: addons /home/weiphp30/Application/Common/Common/function.php 第 501 行.
NOTIC: [8] Undefined variable: addons /home/weiphp30/Application/Common/Common/function.php 第 501 行.
NOTIC: [8] Undefined variable: addons /home/weiphp30/Application/Common/Common/function.php 第 501 行.
NOTIC: [8] Undefined variable: addons /home/weiphp30/Application/Common/Common/function.php 第 501 行.
NOTIC: [8] Undefined variable: addons /home/weiphp30/Application/Common/Common/function.php 第 501 行.
NOTIC: [8] Undefined variable: addons /home/weiphp30/Application/Common/Common/function.php 第 501 行.
NOTIC: [8] Undefined variable: addons /home/weiphp30/Application/Common/Common/function.php 第 501 行.
SQL: SELECT * FROM `wp_manager_menu` WHERE `uid` = -3108 AND `is_hide` = 0 ORDER BY sort asc, id asc  [ RunTime:0.0003s ]
SQL: SELECT * FROM `wp_manager_menu` WHERE `uid` = 1 AND `is_hide` = 0 ORDER BY sort asc, id asc  [ RunTime:0.0004s ]
NOTIC: [8] Undefined variable: addons /home/weiphp30/Application/Common/Common/function.php 第 501 行.
NOTIC: [8] Undefined variable: addons /home/weiphp30/Application/Common/Common/function.php 第 501 行.
NOTIC: [8] Undefined variable: addons /home/weiphp30/Application/Common/Common/function.php 第 501 行.
NOTIC: [8] Undefined variable: addons /home/weiphp30/Application/Common/Common/function.php 第 501 行.
NOTIC: [8] Undefined variable: addons /home/weiphp30/Application/Common/Common/function.php 第 501 行.
NOTIC: [8] Undefined variable: addons /home/weiphp30/Application/Common/Common/function.php 第 501 行.
NOTIC: [8] Undefined variable: addons /home/weiphp30/Application/Common/Common/function.php 第 501 行.
NOTIC: [8] Undefined variable: addons /home/weiphp30/Application/Common/Common/function.php 第 501 行.
NOTIC: [8] Undefined variable: addons /home/weiphp30/Application/Common/Common/function.php 第 501 行.
NOTIC: [8] Undefined variable: addons /home/weiphp30/Application/Common/Common/function.php 第 501 行.
NOTIC: [8] Undefined offset: 14 /home/weiphp30/Application/Common/Model/ManagerMenuModel.class.php 第 106 行.
NOTIC: [8] Undefined offset: 14 /home/weiphp30/Application/Common/Model/ManagerMenuModel.class.php 第 116 行.
NOTIC: [8] Undefined offset: 60 /home/weiphp30/Application/Common/Model/ManagerMenuModel.class.php 第 106 行.
NOTIC: [8] Undefined offset: 60 /home/weiphp30/Application/Common/Model/ManagerMenuModel.class.php 第 116 行.
NOTIC: [8] Undefined index: side /home/weiphp30/Application/Common/Model/ManagerMenuModel.class.php 第 179 行.
NOTIC: [8] Undefined index: side /home/weiphp30/Application/Common/Model/ManagerMenuModel.class.php 第 179 行.
NOTIC: [8] Undefined index: side /home/weiphp30/Application/Common/Model/ManagerMenuModel.class.php 第 179 行.
NOTIC: [8] Undefined index: side /home/weiphp30/Application/Common/Model/ManagerMenuModel.class.php 第 179 行.
NOTIC: [8] Undefined index: side /home/weiphp30/Application/Common/Model/ManagerMenuModel.class.php 第 179 行.
NOTIC: [8] Undefined index: side /home/weiphp30/Application/Common/Model/ManagerMenuModel.class.php 第 179 行.
NOTIC: [8] Undefined index: side /home/weiphp30/Application/Common/Model/ManagerMenuModel.class.php 第 179 行.
NOTIC: [8] Undefined index: side /home/weiphp30/Application/Common/Model/ManagerMenuModel.class.php 第 179 行.
NOTIC: [8] Undefined index: side /home/weiphp30/Application/Common/Model/ManagerMenuModel.class.php 第 179 行.
NOTIC: [8] Undefined index: side /home/weiphp30/Application/Common/Model/ManagerMenuModel.class.php 第 179 行.
NOTIC: [8] Undefined index: side /home/weiphp30/Application/Common/Model/ManagerMenuModel.class.php 第 179 行.
NOTIC: [8] Undefined index: side /home/weiphp30/Application/Common/Model/ManagerMenuModel.class.php 第 179 行.
NOTIC: [8] Undefined index: side /home/weiphp30/Application/Common/Model/ManagerMenuModel.class.php 第 179 行.
NOTIC: [8] Undefined index: side /home/weiphp30/Application/Common/Model/ManagerMenuModel.class.php 第 179 行.
NOTIC: [8] Undefined index: side /home/weiphp30/Application/Common/Model/ManagerMenuModel.class.php 第 179 行.
NOTIC: [8] Undefined index: side /home/weiphp30/Application/Common/Model/ManagerMenuModel.class.php 第 179 行.
NOTIC: [8] Undefined index: side /home/weiphp30/Application/Common/Model/ManagerMenuModel.class.php 第 179 行.
NOTIC: [8] Undefined index: side /home/weiphp30/Application/Common/Model/ManagerMenuModel.class.php 第 179 行.
NOTIC: [8] Undefined index: side /home/weiphp30/Application/Common/Model/ManagerMenuModel.class.php 第 179 行.
NOTIC: [8] Undefined index: side /home/weiphp30/Application/Common/Model/ManagerMenuModel.class.php 第 179 行.
NOTIC: [8] Undefined index: side /home/weiphp30/Application/Common/Model/ManagerMenuModel.class.php 第 179 行.
NOTIC: [8] Undefined index: side /home/weiphp30/Application/Common/Model/ManagerMenuModel.class.php 第 179 行.
NOTIC: [8] Undefined index: side /home/weiphp30/Application/Common/Model/ManagerMenuModel.class.php 第 179 行.
NOTIC: [8] Undefined index: side /home/weiphp30/Application/Common/Model/ManagerMenuModel.class.php 第 179 行.
NOTIC: [8] Undefined index: side /home/weiphp30/Application/Common/Model/ManagerMenuModel.class.php 第 179 行.
NOTIC: [8] Undefined index: side /home/weiphp30/Application/Common/Model/ManagerMenuModel.class.php 第 179 行.
NOTIC: [8] Undefined index: side /home/weiphp30/Application/Common/Model/ManagerMenuModel.class.php 第 179 行.
NOTIC: [8] Undefined index: side /home/weiphp30/Application/Common/Model/ManagerMenuModel.class.php 第 179 行.
NOTIC: [8] Undefined index: side /home/weiphp30/Application/Common/Model/ManagerMenuModel.class.php 第 179 行.
NOTIC: [8] Undefined index: side /home/weiphp30/Application/Common/Model/ManagerMenuModel.class.php 第 179 行.
NOTIC: [8] Undefined index: side /home/weiphp30/Application/Common/Model/ManagerMenuModel.class.php 第 179 行.
NOTIC: [8] Undefined index: side /home/weiphp30/Application/Common/Model/ManagerMenuModel.class.php 第 179 行.
NOTIC: [8] Undefined index: side /home/weiphp30/Application/Common/Model/ManagerMenuModel.class.php 第 179 行.
NOTIC: [8] Undefined index: side /home/weiphp30/Application/Common/Model/ManagerMenuModel.class.php 第 179 行.
NOTIC: [8] Undefined index: side /home/weiphp30/Application/Common/Model/ManagerMenuModel.class.php 第 179 行.
NOTIC: [8] Undefined index: side /home/weiphp30/Application/Common/Model/ManagerMenuModel.class.php 第 179 行.
NOTIC: [8] Undefined index: side /home/weiphp30/Application/Common/Model/ManagerMenuModel.class.php 第 179 行.
NOTIC: [8] Undefined index: side /home/weiphp30/Application/Common/Model/ManagerMenuModel.class.php 第 179 行.
NOTIC: [8] Undefined index: side /home/weiphp30/Application/Common/Model/ManagerMenuModel.class.php 第 179 行.
NOTIC: [8] Undefined index: side /home/weiphp30/Application/Common/Model/ManagerMenuModel.class.php 第 179 行.
NOTIC: [8] Undefined index: side /home/weiphp30/Application/Common/Model/ManagerMenuModel.class.php 第 179 行.
NOTIC: [8] Undefined index: side /home/weiphp30/Application/Common/Model/ManagerMenuModel.class.php 第 179 行.
NOTIC: [8] Undefined index: side /home/weiphp30/Application/Common/Model/ManagerMenuModel.class.php 第 179 行.
NOTIC: [8] Undefined index: side /home/weiphp30/Application/Common/Model/ManagerMenuModel.class.php 第 179 行.
NOTIC: [8] Undefined index: side /home/weiphp30/Application/Common/Model/ManagerMenuModel.class.php 第 179 行.
NOTIC: [8] Undefined index: side /home/weiphp30/Application/Common/Model/ManagerMenuModel.class.php 第 179 行.
NOTIC: [8] Undefined index: side /home/weiphp30/Application/Common/Model/ManagerMenuModel.class.php 第 179 行.
NOTIC: [8] Undefined offset: 14 /home/weiphp30/Application/Common/Model/ManagerMenuModel.class.php 第 185 行.
SQL: SELECT * FROM `wp_public_link` WHERE `uid` = -3108  [ RunTime:0.0002s ]
NOTIC: [2] Invalid argument supplied for foreach() /home/weiphp30/Application/Common/Model/PublicModel.class.php 第 48 行.
NOTIC: [8] Undefined variable: res /home/weiphp30/Application/Common/Model/PublicModel.class.php 第 52 行.
SQL: SELECT `id`,`qr_code`,`addon`,`aim_id`,`cTime`,`token`,`action_name`,`extra_text`,`extra_int`,`request_count`,`scene_id`,`expire_seconds` FROM `wp_qr_code` WHERE `addon` = 'ScanLogin' AND `extra_text` = '58595bb9b655e' LIMIT 1   [ RunTime:0.0002s ]
SQL: SELECT `id`,`token` FROM `wp_public`  [ RunTime:0.0002s ]
NOTIC: [8] Undefined offset: -1 /home/weiphp30/Application/Common/Model/PublicModel.class.php 第 38 行.
NOTIC: [8] Undefined index: appid /home/weiphp30/Application/Home/Model/QrCodeModel.class.php 第 28 行.
NOTIC: [8] Undefined index: secret /home/weiphp30/Application/Home/Model/QrCodeModel.class.php 第 29 行.
SQL: SELECT `id`,`token` FROM `wp_public`  [ RunTime:0.0001s ]
NOTIC: [8] Undefined offset: -1 /home/weiphp30/Application/Common/Model/PublicModel.class.php 第 38 行.
NOTIC: [8] Undefined index: is_bind /home/weiphp30/Application/Common/Common/function.php 第 1568 行.
NOTIC: [8] Undefined index: appid /home/weiphp30/Application/Common/Common/function.php 第 1571 行.
NOTIC: [8] Undefined index: secret /home/weiphp30/Application/Common/Common/function.php 第 1571 行.
SQL: SELECT `id`,`token` FROM `wp_public`  [ RunTime:0.0004s ]
NOTIC: [8] Undefined offset: -1 /home/weiphp30/Application/Common/Model/PublicModel.class.php 第 38 行.
NOTIC: [8] Undefined index: is_bind /home/weiphp30/Application/Common/Common/function.php 第 1568 行.
NOTIC: [8] Undefined index: appid /home/weiphp30/Application/Common/Common/function.php 第 1571 行.
NOTIC: [8] Undefined index: secret /home/weiphp30/Application/Common/Common/function.php 第 1571 行.
INFO: [ view_parse ] --START--
INFO: [ template_filter ] --START--
INFO: Run Behavior\ContentReplaceBehavior [ RunTime:0.000083s ]
INFO: [ template_filter ] --END-- [ RunTime:0.000113s ]
INFO: Run Behavior\ParseTemplateBehavior [ RunTime:0.006375s ]
INFO: [ view_parse ] --END-- [ RunTime:0.006403s ]
INFO: [ view_filter ] --START--
INFO: Run Behavior\WriteHtmlCacheBehavior [ RunTime:0.000086s ]
INFO: [ view_filter ] --END-- [ RunTime:0.000107s ]
INFO: [ app_end ] --START--
INFO: Run Behavior\ShowPageTraceBehavior [ RunTime:0.000299s ]
INFO: Run Behavior\CronRunBehavior [ RunTime:0.000293s ]
INFO: [ app_end ] --END-- [ RunTime:0.000638s ]

[ 2016-12-21T08:28:26+08:00 ] 112.65.193.15 /weiphp30/index.php?s%253D/addon/WeiSite/WeiSite/lists/cate_id/4.html
INFO: [ app_init ] --START--
INFO: Run Behavior\BuildLiteBehavior [ RunTime:0.000011s ]
INFO: Run Common\Behavior\InitHookBehavior [ RunTime:0.000927s ]
INFO: [ app_init ] --END-- [ RunTime:0.001170s ]
INFO: [ app_begin ] --START--
INFO: Run Behavior\ReadHtmlCacheBehavior [ RunTime:0.000311s ]
INFO: [ app_begin ] --END-- [ RunTime:0.000352s ]
SQL: SELECT `value` FROM `wp_config` WHERE ( name="FOLLOW_YOUKE_UID" ) LIMIT 1   [ RunTime:0.0003s ]
SQL: UPDATE `wp_config` SET `value`='-3109' WHERE ( name="FOLLOW_YOUKE_UID" ) [ RunTime:0.0002s ]
NOTIC: [8] Undefined index: uid /home/weiphp30/ThinkPHP/Library/Think/Controller.class.php 第 526 行.
SQL: SHOW COLUMNS FROM `wp_auth_group_access` [ RunTime:0.0005s ]
SQL: SELECT a.uid,a.group_id,g.title,g.rules FROM wp_auth_group_access a INNER JOIN wp_auth_group g on a.group_id=g.id  WHERE ( a.uid='-3109' and g.status='1' )  [ RunTime:0.0003s ]
SQL: SELECT `id`,`token` FROM `wp_public`  [ RunTime:0.0002s ]
NOTIC: [8] Undefined offset: -1 /home/weiphp30/Application/Common/Model/PublicModel.class.php 第 38 行.
NOTIC: [8] Undefined index: addon_status /home/weiphp30/Application/Common/Model/AddonStatusModel.class.php 第 47 行.
NOTIC: [8] Undefined index: group_id /home/weiphp30/Application/Common/Model/AddonStatusModel.class.php 第 50 行.
NOTIC: [8] Undefined variable: addons /home/weiphp30/Application/Common/Common/function.php 第 501 行.
NOTIC: [8] Undefined variable: addons /home/weiphp30/Application/Common/Common/function.php 第 501 行.
NOTIC: [8] Undefined variable: addons /home/weiphp30/Application/Common/Common/function.php 第 501 行.
NOTIC: [8] Undefined variable: addons /home/weiphp30/Application/Common/Common/function.php 第 501 行.
NOTIC: [8] Undefined variable: addons /home/weiphp30/Application/Common/Common/function.php 第 501 行.
NOTIC: [8] Undefined variable: addons /home/weiphp30/Application/Common/Common/function.php 第 501 行.
NOTIC: [8] Undefined variable: addons /home/weiphp30/Application/Common/Common/function.php 第 501 行.
NOTIC: [8] Undefined variable: addons /home/weiphp30/Application/Common/Common/function.php 第 501 行.
NOTIC: [8] Undefined variable: addons /home/weiphp30/Application/Common/Common/function.php 第 501 行.
NOTIC: [8] Undefined variable: addons /home/weiphp30/Application/Common/Common/function.php 第 501 行.
NOTIC: [8] Undefined variable: addons /home/weiphp30/Application/Common/Common/function.php 第 501 行.
NOTIC: [8] Undefined variable: addons /home/weiphp30/Application/Common/Common/function.php 第 501 行.
NOTIC: [8] Undefined variable: addons /home/weiphp30/Application/Common/Common/function.php 第 501 行.
NOTIC: [8] Undefined variable: addons /home/weiphp30/Application/Common/Common/function.php 第 501 行.
NOTIC: [8] Undefined variable: addons /home/weiphp30/Application/Common/Common/function.php 第 501 行.
NOTIC: [8] Undefined variable: addons /home/weiphp30/Application/Common/Common/function.php 第 501 行.
NOTIC: [8] Undefined variable: addons /home/weiphp30/Application/Common/Common/function.php 第 501 行.
NOTIC: [8] Undefined variable: addons /home/weiphp30/Application/Common/Common/function.php 第 501 行.
NOTIC: [8] Undefined variable: addons /home/weiphp30/Application/Common/Common/function.php 第 501 行.
NOTIC: [8] Undefined variable: addons /home/weiphp30/Application/Common/Common/function.php 第 501 行.
NOTIC: [8] Undefined variable: addons /home/weiphp30/Application/Common/Common/function.php 第 501 行.
NOTIC: [8] Undefined variable: addons /home/weiphp30/Application/Common/Common/function.php 第 501 行.
NOTIC: [8] Undefined variable: addons /home/weiphp30/Application/Common/Common/function.php 第 501 行.
NOTIC: [8] Undefined variable: addons /home/weiphp30/Application/Common/Common/function.php 第 501 行.
NOTIC: [8] Undefined variable: addons /home/weiphp30/Application/Common/Common/function.php 第 501 行.
NOTIC: [8] Undefined variable: addons /home/weiphp30/Application/Common/Common/function.php 第 501 行.
NOTIC: [8] Undefined variable: addons /home/weiphp30/Application/Common/Common/function.php 第 501 行.
NOTIC: [8] Undefined variable: addons /home/weiphp30/Application/Common/Common/function.php 第 501 行.
NOTIC: [8] Undefined variable: addons /home/weiphp30/Application/Common/Common/function.php 第 501 行.
NOTIC: [8] Undefined variable: addons /home/weiphp30/Application/Common/Common/function.php 第 501 行.
NOTIC: [8] Undefined variable: addons /home/weiphp30/Application/Common/Common/function.php 第 501 行.
NOTIC: [8] Undefined variable: addons /home/weiphp30/Application/Common/Common/function.php 第 501 行.
NOTIC: [8] Undefined variable: addons /home/weiphp30/Application/Common/Common/function.php 第 501 行.
NOTIC: [8] Undefined variable: addons /home/weiphp30/Application/Common/Common/function.php 第 501 行.
NOTIC: [8] Undefined variable: addons /home/weiphp30/Application/Common/Common/function.php 第 501 行.
NOTIC: [8] Undefined variable: addons /home/weiphp30/Application/Common/Common/function.php 第 501 行.
NOTIC: [8] Undefined variable: addons /home/weiphp30/Application/Common/Common/function.php 第 501 行.
NOTIC: [8] Undefined variable: addons /home/weiphp30/Application/Common/Common/function.php 第 501 行.
NOTIC: [8] Undefined variable: addons /home/weiphp30/Application/Common/Common/function.php 第 501 行.
NOTIC: [8] Undefined variable: addons /home/weiphp30/Application/Common/Common/function.php 第 501 行.
NOTIC: [8] Undefined variable: addons /home/weiphp30/Application/Common/Common/function.php 第 501 行.
SQL: SELECT * FROM `wp_manager_menu` WHERE `uid` = 0 AND `is_hide` = 0 ORDER BY sort asc, id asc  [ RunTime:0.0002s ]
SQL: SELECT * FROM `wp_manager_menu` WHERE `uid` = 1 AND `is_hide` = 0 ORDER BY sort asc, id asc  [ RunTime:0.0004s ]
NOTIC: [8] Undefined variable: addons /home/weiphp30/Application/Common/Common/function.php 第 501 行.
NOTIC: [8] Undefined variable: addons /home/weiphp30/Application/Common/Common/function.php 第 501 行.
NOTIC: [8] Undefined variable: addons /home/weiphp30/Application/Common/Common/function.php 第 501 行.
NOTIC: [8] Undefined variable: addons /home/weiphp30/Application/Common/Common/function.php 第 501 行.
NOTIC: [8] Undefined variable: addons /home/weiphp30/Application/Common/Common/function.php 第 501 行.
NOTIC: [8] Undefined variable: addons /home/weiphp30/Application/Common/Common/function.php 第 501 行.
NOTIC: [8] Undefined variable: addons /home/weiphp30/Application/Common/Common/function.php 第 501 行.
NOTIC: [8] Undefined variable: addons /home/weiphp30/Application/Common/Common/function.php 第 501 行.
NOTIC: [8] Undefined variable: addons /home/weiphp30/Application/Common/Common/function.php 第 501 行.
NOTIC: [8] Undefined variable: addons /home/weiphp30/Application/Common/Common/function.php 第 501 行.
NOTIC: [8] Undefined offset: 14 /home/weiphp30/Application/Common/Model/ManagerMenuModel.class.php 第 106 行.
NOTIC: [8] Undefined offset: 14 /home/weiphp30/Application/Common/Model/ManagerMenuModel.class.php 第 116 行.
NOTIC: [8] Undefined offset: 60 /home/weiphp30/Application/Common/Model/ManagerMenuModel.class.php 第 106 行.
NOTIC: [8] Undefined offset: 60 /home/weiphp30/Application/Common/Model/ManagerMenuModel.class.php 第 116 行.
NOTIC: [8] Undefined index: HTTP_REFERER /home/weiphp30/Application/Common/Model/ManagerMenuModel.class.php 第 139 行.
NOTIC: [8] Undefined index: side /home/weiphp30/Application/Common/Model/ManagerMenuModel.class.php 第 179 行.
NOTIC: [8] Undefined index: side /home/weiphp30/Application/Common/Model/ManagerMenuModel.class.php 第 179 行.
NOTIC: [8] Undefined index: side /home/weiphp30/Application/Common/Model/ManagerMenuModel.class.php 第 179 行.
NOTIC: [8] Undefined index: side /home/weiphp30/Application/Common/Model/ManagerMenuModel.class.php 第 179 行.
NOTIC: [8] Undefined index: side /home/weiphp30/Application/Common/Model/ManagerMenuModel.class.php 第 179 行.
NOTIC: [8] Undefined index: side /home/weiphp30/Application/Common/Model/ManagerMenuModel.class.php 第 179 行.
NOTIC: [8] Undefined index: side /home/weiphp30/Application/Common/Model/ManagerMenuModel.class.php 第 179 行.
NOTIC: [8] Undefined index: side /home/weiphp30/Application/Common/Model/ManagerMenuModel.class.php 第 179 行.
NOTIC: [8] Undefined index: side /home/weiphp30/Application/Common/Model/ManagerMenuModel.class.php 第 179 行.
NOTIC: [8] Undefined index: side /home/weiphp30/Application/Common/Model/ManagerMenuModel.class.php 第 179 行.
NOTIC: [8] Undefined index: side /home/weiphp30/Application/Common/Model/ManagerMenuModel.class.php 第 179 行.
NOTIC: [8] Undefined index: side /home/weiphp30/Application/Common/Model/ManagerMenuModel.class.php 第 179 行.
NOTIC: [8] Undefined index: side /home/weiphp30/Application/Common/Model/ManagerMenuModel.class.php 第 179 行.
NOTIC: [8] Undefined index: side /home/weiphp30/Application/Common/Model/ManagerMenuModel.class.php 第 179 行.
NOTIC: [8] Undefined index: side /home/weiphp30/Application/Common/Model/ManagerMenuModel.class.php 第 179 行.
NOTIC: [8] Undefined index: side /home/weiphp30/Application/Common/Model/ManagerMenuModel.class.php 第 179 行.
NOTIC: [8] Undefined index: side /home/weiphp30/Application/Common/Model/ManagerMenuModel.class.php 第 179 行.
NOTIC: [8] Undefined index: side /home/weiphp30/Application/Common/Model/ManagerMenuModel.class.php 第 179 行.
NOTIC: [8] Undefined index: side /home/weiphp30/Application/Common/Model/ManagerMenuModel.class.php 第 179 行.
NOTIC: [8] Undefined index: side /home/weiphp30/Application/Common/Model/ManagerMenuModel.class.php 第 179 行.
NOTIC: [8] Undefined index: side /home/weiphp30/Application/Common/Model/ManagerMenuModel.class.php 第 179 行.
NOTIC: [8] Undefined index: side /home/weiphp30/Application/Common/Model/ManagerMenuModel.class.php 第 179 行.
NOTIC: [8] Undefined index: side /home/weiphp30/Application/Common/Model/ManagerMenuModel.class.php 第 179 行.
NOTIC: [8] Undefined index: side /home/weiphp30/Application/Common/Model/ManagerMenuModel.class.php 第 179 行.
NOTIC: [8] Undefined index: side /home/weiphp30/Application/Common/Model/ManagerMenuModel.class.php 第 179 行.
NOTIC: [8] Undefined index: side /home/weiphp30/Application/Common/Model/ManagerMenuModel.class.php 第 179 行.
NOTIC: [8] Undefined index: side /home/weiphp30/Application/Common/Model/ManagerMenuModel.class.php 第 179 行.
NOTIC: [8] Undefined index: side /home/weiphp30/Application/Common/Model/ManagerMenuModel.class.php 第 179 行.
NOTIC: [8] Undefined index: side /home/weiphp30/Application/Common/Model/ManagerMenuModel.class.php 第 179 行.
NOTIC: [8] Undefined index: side /home/weiphp30/Application/Common/Model/ManagerMenuModel.class.php 第 179 行.
NOTIC: [8] Undefined index: side /home/weiphp30/Application/Common/Model/ManagerMenuModel.class.php 第 179 行.
NOTIC: [8] Undefined index: side /home/weiphp30/Application/Common/Model/ManagerMenuModel.class.php 第 179 行.
NOTIC: [8] Undefined index: side /home/weiphp30/Application/Common/Model/ManagerMenuModel.class.php 第 179 行.
NOTIC: [8] Undefined index: side /home/weiphp30/Application/Common/Model/ManagerMenuModel.class.php 第 179 行.
NOTIC: [8] Undefined index: side /home/weiphp30/Application/Common/Model/ManagerMenuModel.class.php 第 179 行.
NOTIC: [8] Undefined index: side /home/weiphp30/Application/Common/Model/ManagerMenuModel.class.php 第 179 行.
NOTIC: [8] Undefined index: side /home/weiphp30/Application/Common/Model/ManagerMenuModel.class.php 第 179 行.
NOTIC: [8] Undefined index: side /home/weiphp30/Application/Common/Model/ManagerMenuModel.class.php 第 179 行.
NOTIC: [8] Undefined index: side /home/weiphp30/Application/Common/Model/ManagerMenuModel.class.php 第 179 行.
NOTIC: [8] Undefined index: side /home/weiphp30/Application/Common/Model/ManagerMenuModel.class.php 第 179 行.
NOTIC: [8] Undefined index: side /home/weiphp30/Application/Common/Model/ManagerMenuModel.class.php 第 179 行.
NOTIC: [8] Undefined index: side /home/weiphp30/Application/Common/Model/ManagerMenuModel.class.php 第 179 行.
NOTIC: [8] Undefined index: side /home/weiphp30/Application/Common/Model/ManagerMenuModel.class.php 第 179 行.
NOTIC: [8] Undefined index: side /home/weiphp30/Application/Common/Model/ManagerMenuModel.class.php 第 179 行.
NOTIC: [8] Undefined index: side /home/weiphp30/Application/Common/Model/ManagerMenuModel.class.php 第 179 行.
NOTIC: [8] Undefined index: side /home/weiphp30/Application/Common/Model/ManagerMenuModel.class.php 第 179 行.
NOTIC: [8] Undefined index: side /home/weiphp30/Application/Common/Model/ManagerMenuModel.class.php 第 179 行.
NOTIC: [8] Undefined offset: 14 /home/weiphp30/Application/Common/Model/ManagerMenuModel.class.php 第 185 行.
SQL: SELECT * FROM `wp_public_link` WHERE `uid` = 0  [ RunTime:0.0002s ]
NOTIC: [2] Invalid argument supplied for foreach() /home/weiphp30/Application/Common/Model/PublicModel.class.php 第 48 行.
NOTIC: [8] Undefined variable: res /home/weiphp30/Application/Common/Model/PublicModel.class.php 第 52 行.

[ 2016-12-21T08:28:26+08:00 ] 112.65.193.15 /weiphp30/index.php?s=/Home/Public/User/login/from/1.html
INFO: [ app_init ] --START--
INFO: Run Behavior\BuildLiteBehavior [ RunTime:0.000010s ]
INFO: Run Common\Behavior\InitHookBehavior [ RunTime:0.000947s ]
INFO: [ app_init ] --END-- [ RunTime:0.001242s ]
INFO: [ app_begin ] --START--
INFO: Run Behavior\ReadHtmlCacheBehavior [ RunTime:0.000262s ]
INFO: [ app_begin ] --END-- [ RunTime:0.000288s ]
NOTIC: [8] Undefined index: uid /home/weiphp30/ThinkPHP/Library/Think/Controller.class.php 第 526 行.
SQL: SHOW COLUMNS FROM `wp_auth_group_access` [ RunTime:0.0006s ]
SQL: SELECT a.uid,a.group_id,g.title,g.rules FROM wp_auth_group_access a INNER JOIN wp_auth_group g on a.group_id=g.id  WHERE ( a.uid='-3109' and g.status='1' )  [ RunTime:0.0003s ]

[ 2016-12-21T08:28:26+08:00 ] 112.65.193.15 /weiphp30/index.php?s=/home/user/login/from/6.html
INFO: [ app_init ] --START--
INFO: Run Behavior\BuildLiteBehavior [ RunTime:0.000009s ]
INFO: Run Common\Behavior\InitHookBehavior [ RunTime:0.000935s ]
INFO: [ app_init ] --END-- [ RunTime:0.001173s ]
INFO: [ app_begin ] --START--
INFO: Run Behavior\ReadHtmlCacheBehavior [ RunTime:0.000340s ]
INFO: [ app_begin ] --END-- [ RunTime:0.000366s ]
NOTIC: [8] Undefined index: uid /home/weiphp30/ThinkPHP/Library/Think/Controller.class.php 第 526 行.
SQL: SHOW COLUMNS FROM `wp_auth_group_access` [ RunTime:0.0006s ]
SQL: SELECT a.uid,a.group_id,g.title,g.rules FROM wp_auth_group_access a INNER JOIN wp_auth_group g on a.group_id=g.id  WHERE ( a.uid='-3109' and g.status='1' )  [ RunTime:0.0003s ]
SQL: SELECT `id`,`token` FROM `wp_public`  [ RunTime:0.0002s ]
NOTIC: [8] Undefined offset: -1 /home/weiphp30/Application/Common/Model/PublicModel.class.php 第 38 行.
NOTIC: [8] Undefined index: addon_status /home/weiphp30/Application/Common/Model/AddonStatusModel.class.php 第 47 行.
NOTIC: [8] Undefined index: group_id /home/weiphp30/Application/Common/Model/AddonStatusModel.class.php 第 50 行.
NOTIC: [8] Undefined variable: addons /home/weiphp30/Application/Common/Common/function.php 第 501 行.
NOTIC: [8] Undefined variable: addons /home/weiphp30/Application/Common/Common/function.php 第 501 行.
NOTIC: [8] Undefined variable: addons /home/weiphp30/Application/Common/Common/function.php 第 501 行.
NOTIC: [8] Undefined variable: addons /home/weiphp30/Application/Common/Common/function.php 第 501 行.
NOTIC: [8] Undefined variable: addons /home/weiphp30/Application/Common/Common/function.php 第 501 行.
NOTIC: [8] Undefined variable: addons /home/weiphp30/Application/Common/Common/function.php 第 501 行.
NOTIC: [8] Undefined variable: addons /home/weiphp30/Application/Common/Common/function.php 第 501 行.
NOTIC: [8] Undefined variable: addons /home/weiphp30/Application/Common/Common/function.php 第 501 行.
NOTIC: [8] Undefined variable: addons /home/weiphp30/Application/Common/Common/function.php 第 501 行.
NOTIC: [8] Undefined variable: addons /home/weiphp30/Application/Common/Common/function.php 第 501 行.
NOTIC: [8] Undefined variable: addons /home/weiphp30/Application/Common/Common/function.php 第 501 行.
NOTIC: [8] Undefined variable: addons /home/weiphp30/Application/Common/Common/function.php 第 501 行.
NOTIC: [8] Undefined variable: addons /home/weiphp30/Application/Common/Common/function.php 第 501 行.
NOTIC: [8] Undefined variable: addons /home/weiphp30/Application/Common/Common/function.php 第 501 行.
NOTIC: [8] Undefined variable: addons /home/weiphp30/Application/Common/Common/function.php 第 501 行.
NOTIC: [8] Undefined variable: addons /home/weiphp30/Application/Common/Common/function.php 第 501 行.
NOTIC: [8] Undefined variable: addons /home/weiphp30/Application/Common/Common/function.php 第 501 行.
NOTIC: [8] Undefined variable: addons /home/weiphp30/Application/Common/Common/function.php 第 501 行.
NOTIC: [8] Undefined variable: addons /home/weiphp30/Application/Common/Common/function.php 第 501 行.
NOTIC: [8] Undefined variable: addons /home/weiphp30/Application/Common/Common/function.php 第 501 行.
NOTIC: [8] Undefined variable: addons /home/weiphp30/Application/Common/Common/function.php 第 501 行.
NOTIC: [8] Undefined variable: addons /home/weiphp30/Application/Common/Common/function.php 第 501 行.
NOTIC: [8] Undefined variable: addons /home/weiphp30/Application/Common/Common/function.php 第 501 行.
NOTIC: [8] Undefined variable: addons /home/weiphp30/Application/Common/Common/function.php 第 501 行.
NOTIC: [8] Undefined variable: addons /home/weiphp30/Application/Common/Common/function.php 第 501 行.
NOTIC: [8] Undefined variable: addons /home/weiphp30/Application/Common/Common/function.php 第 501 行.
NOTIC: [8] Undefined variable: addons /home/weiphp30/Application/Common/Common/function.php 第 501 行.
NOTIC: [8] Undefined variable: addons /home/weiphp30/Application/Common/Common/function.php 第 501 行.
NOTIC: [8] Undefined variable: addons /home/weiphp30/Application/Common/Common/function.php 第 501 行.
NOTIC: [8] Undefined variable: addons /home/weiphp30/Application/Common/Common/function.php 第 501 行.
NOTIC: [8] Undefined variable: addons /home/weiphp30/Application/Common/Common/function.php 第 501 行.
NOTIC: [8] Undefined variable: addons /home/weiphp30/Application/Common/Common/function.php 第 501 行.
NOTIC: [8] Undefined variable: addons /home/weiphp30/Application/Common/Common/function.php 第 501 行.
NOTIC: [8] Undefined variable: addons /home/weiphp30/Application/Common/Common/function.php 第 501 行.
NOTIC: [8] Undefined variable: addons /home/weiphp30/Application/Common/Common/function.php 第 501 行.
NOTIC: [8] Undefined variable: addons /home/weiphp30/Application/Common/Common/function.php 第 501 行.
NOTIC: [8] Undefined variable: addons /home/weiphp30/Application/Common/Common/function.php 第 501 行.
NOTIC: [8] Undefined variable: addons /home/weiphp30/Application/Common/Common/function.php 第 501 行.
NOTIC: [8] Undefined variable: addons /home/weiphp30/Application/Common/Common/function.php 第 501 行.
NOTIC: [8] Undefined variable: addons /home/weiphp30/Application/Common/Common/function.php 第 501 行.
NOTIC: [8] Undefined variable: addons /home/weiphp30/Application/Common/Common/function.php 第 501 行.
SQL: SELECT * FROM `wp_manager_menu` WHERE `uid` = -3109 AND `is_hide` = 0 ORDER BY sort asc, id asc  [ RunTime:0.0003s ]
SQL: SELECT * FROM `wp_manager_menu` WHERE `uid` = 1 AND `is_hide` = 0 ORDER BY sort asc, id asc  [ RunTime:0.0004s ]
NOTIC: [8] Undefined variable: addons /home/weiphp30/Application/Common/Common/function.php 第 501 行.
NOTIC: [8] Undefined variable: addons /home/weiphp30/Application/Common/Common/function.php 第 501 行.
NOTIC: [8] Undefined variable: addons /home/weiphp30/Application/Common/Common/function.php 第 501 行.
NOTIC: [8] Undefined variable: addons /home/weiphp30/Application/Common/Common/function.php 第 501 行.
NOTIC: [8] Undefined variable: addons /home/weiphp30/Application/Common/Common/function.php 第 501 行.
NOTIC: [8] Undefined variable: addons /home/weiphp30/Application/Common/Common/function.php 第 501 行.
NOTIC: [8] Undefined variable: addons /home/weiphp30/Application/Common/Common/function.php 第 501 行.
NOTIC: [8] Undefined variable: addons /home/weiphp30/Application/Common/Common/function.php 第 501 行.
NOTIC: [8] Undefined variable: addons /home/weiphp30/Application/Common/Common/function.php 第 501 行.
NOTIC: [8] Undefined variable: addons /home/weiphp30/Application/Common/Common/function.php 第 501 行.
NOTIC: [8] Undefined offset: 14 /home/weiphp30/Application/Common/Model/ManagerMenuModel.class.php 第 106 行.
NOTIC: [8] Undefined offset: 14 /home/weiphp30/Application/Common/Model/ManagerMenuModel.class.php 第 116 行.
NOTIC: [8] Undefined offset: 60 /home/weiphp30/Application/Common/Model/ManagerMenuModel.class.php 第 106 行.
NOTIC: [8] Undefined offset: 60 /home/weiphp30/Application/Common/Model/ManagerMenuModel.class.php 第 116 行.
NOTIC: [8] Undefined index: side /home/weiphp30/Application/Common/Model/ManagerMenuModel.class.php 第 179 行.
NOTIC: [8] Undefined index: side /home/weiphp30/Application/Common/Model/ManagerMenuModel.class.php 第 179 行.
NOTIC: [8] Undefined index: side /home/weiphp30/Application/Common/Model/ManagerMenuModel.class.php 第 179 行.
NOTIC: [8] Undefined index: side /home/weiphp30/Application/Common/Model/ManagerMenuModel.class.php 第 179 行.
NOTIC: [8] Undefined index: side /home/weiphp30/Application/Common/Model/ManagerMenuModel.class.php 第 179 行.
NOTIC: [8] Undefined index: side /home/weiphp30/Application/Common/Model/ManagerMenuModel.class.php 第 179 行.
NOTIC: [8] Undefined index: side /home/weiphp30/Application/Common/Model/ManagerMenuModel.class.php 第 179 行.
NOTIC: [8] Undefined index: side /home/weiphp30/Application/Common/Model/ManagerMenuModel.class.php 第 179 行.
NOTIC: [8] Undefined index: side /home/weiphp30/Application/Common/Model/ManagerMenuModel.class.php 第 179 行.
NOTIC: [8] Undefined index: side /home/weiphp30/Application/Common/Model/ManagerMenuModel.class.php 第 179 行.
NOTIC: [8] Undefined index: side /home/weiphp30/Application/Common/Model/ManagerMenuModel.class.php 第 179 行.
NOTIC: [8] Undefined index: side /home/weiphp30/Application/Common/Model/ManagerMenuModel.class.php 第 179 行.
NOTIC: [8] Undefined index: side /home/weiphp30/Application/Common/Model/ManagerMenuModel.class.php 第 179 行.
NOTIC: [8] Undefined index: side /home/weiphp30/Application/Common/Model/ManagerMenuModel.class.php 第 179 行.
NOTIC: [8] Undefined index: side /home/weiphp30/Application/Common/Model/ManagerMenuModel.class.php 第 179 行.
NOTIC: [8] Undefined index: side /home/weiphp30/Application/Common/Model/ManagerMenuModel.class.php 第 179 行.
NOTIC: [8] Undefined index: side /home/weiphp30/Application/Common/Model/ManagerMenuModel.class.php 第 179 行.
NOTIC: [8] Undefined index: side /home/weiphp30/Application/Common/Model/ManagerMenuModel.class.php 第 179 行.
NOTIC: [8] Undefined index: side /home/weiphp30/Application/Common/Model/ManagerMenuModel.class.php 第 179 行.
NOTIC: [8] Undefined index: side /home/weiphp30/Application/Common/Model/ManagerMenuModel.class.php 第 179 行.
NOTIC: [8] Undefined index: side /home/weiphp30/Application/Common/Model/ManagerMenuModel.class.php 第 179 行.
NOTIC: [8] Undefined index: side /home/weiphp30/Application/Common/Model/ManagerMenuModel.class.php 第 179 行.
NOTIC: [8] Undefined index: side /home/weiphp30/Application/Common/Model/ManagerMenuModel.class.php 第 179 行.
NOTIC: [8] Undefined index: side /home/weiphp30/Application/Common/Model/ManagerMenuModel.class.php 第 179 行.
NOTIC: [8] Undefined index: side /home/weiphp30/Application/Common/Model/ManagerMenuModel.class.php 第 179 行.
NOTIC: [8] Undefined index: side /home/weiphp30/Application/Common/Model/ManagerMenuModel.class.php 第 179 行.
NOTIC: [8] Undefined index: side /home/weiphp30/Application/Common/Model/ManagerMenuModel.class.php 第 179 行.
NOTIC: [8] Undefined index: side /home/weiphp30/Application/Common/Model/ManagerMenuModel.class.php 第 179 行.
NOTIC: [8] Undefined index: side /home/weiphp30/Application/Common/Model/ManagerMenuModel.class.php 第 179 行.
NOTIC: [8] Undefined index: side /home/weiphp30/Application/Common/Model/ManagerMenuModel.class.php 第 179 行.
NOTIC: [8] Undefined index: side /home/weiphp30/Application/Common/Model/ManagerMenuModel.class.php 第 179 行.
NOTIC: [8] Undefined index: side /home/weiphp30/Application/Common/Model/ManagerMenuModel.class.php 第 179 行.
NOTIC: [8] Undefined index: side /home/weiphp30/Application/Common/Model/ManagerMenuModel.class.php 第 179 行.
NOTIC: [8] Undefined index: side /home/weiphp30/Application/Common/Model/ManagerMenuModel.class.php 第 179 行.
NOTIC: [8] Undefined index: side /home/weiphp30/Application/Common/Model/ManagerMenuModel.class.php 第 179 行.
NOTIC: [8] Undefined index: side /home/weiphp30/Application/Common/Model/ManagerMenuModel.class.php 第 179 行.
NOTIC: [8] Undefined index: side /home/weiphp30/Application/Common/Model/ManagerMenuModel.class.php 第 179 行.
NOTIC: [8] Undefined index: side /home/weiphp30/Application/Common/Model/ManagerMenuModel.class.php 第 179 行.
NOTIC: [8] Undefined index: side /home/weiphp30/Application/Common/Model/ManagerMenuModel.class.php 第 179 行.
NOTIC: [8] Undefined index: side /home/weiphp30/Application/Common/Model/ManagerMenuModel.class.php 第 179 行.
NOTIC: [8] Undefined index: side /home/weiphp30/Application/Common/Model/ManagerMenuModel.class.php 第 179 行.
NOTIC: [8] Undefined index: side /home/weiphp30/Application/Common/Model/ManagerMenuModel.class.php 第 179 行.
NOTIC: [8] Undefined index: side /home/weiphp30/Application/Common/Model/ManagerMenuModel.class.php 第 179 行.
NOTIC: [8] Undefined index: side /home/weiphp30/Application/Common/Model/ManagerMenuModel.class.php 第 179 行.
NOTIC: [8] Undefined index: side /home/weiphp30/Application/Common/Model/ManagerMenuModel.class.php 第 179 行.
NOTIC: [8] Undefined index: side /home/weiphp30/Application/Common/Model/ManagerMenuModel.class.php 第 179 行.
NOTIC: [8] Undefined index: side /home/weiphp30/Application/Common/Model/ManagerMenuModel.class.php 第 179 行.
NOTIC: [8] Undefined offset: 14 /home/weiphp30/Application/Common/Model/ManagerMenuModel.class.php 第 185 行.
SQL: SELECT * FROM `wp_public_link` WHERE `uid` = -3109  [ RunTime:0.0002s ]
NOTIC: [2] Invalid argument supplied for foreach() /home/weiphp30/Application/Common/Model/PublicModel.class.php 第 48 行.
NOTIC: [8] Undefined variable: res /home/weiphp30/Application/Common/Model/PublicModel.class.php 第 52 行.
SQL: SELECT `id`,`qr_code`,`addon`,`aim_id`,`cTime`,`token`,`action_name`,`extra_text`,`extra_int`,`request_count`,`scene_id`,`expire_seconds` FROM `wp_qr_code` WHERE `addon` = 'ScanLogin' AND `extra_text` = '5859ccaa699d9' LIMIT 1   [ RunTime:0.0002s ]
SQL: SELECT `id`,`token` FROM `wp_public`  [ RunTime:0.0002s ]
NOTIC: [8] Undefined offset: -1 /home/weiphp30/Application/Common/Model/PublicModel.class.php 第 38 行.
NOTIC: [8] Undefined index: appid /home/weiphp30/Application/Home/Model/QrCodeModel.class.php 第 28 行.
NOTIC: [8] Undefined index: secret /home/weiphp30/Application/Home/Model/QrCodeModel.class.php 第 29 行.
SQL: SELECT `id`,`token` FROM `wp_public`  [ RunTime:0.0001s ]
NOTIC: [8] Undefined offset: -1 /home/weiphp30/Application/Common/Model/PublicModel.class.php 第 38 行.
NOTIC: [8] Undefined index: is_bind /home/weiphp30/Application/Common/Common/function.php 第 1568 行.
NOTIC: [8] Undefined index: appid /home/weiphp30/Application/Common/Common/function.php 第 1571 行.
NOTIC: [8] Undefined index: secret /home/weiphp30/Application/Common/Common/function.php 第 1571 行.
SQL: SELECT `id`,`token` FROM `wp_public`  [ RunTime:0.0004s ]
NOTIC: [8] Undefined offset: -1 /home/weiphp30/Application/Common/Model/PublicModel.class.php 第 38 行.
NOTIC: [8] Undefined index: is_bind /home/weiphp30/Application/Common/Common/function.php 第 1568 行.
NOTIC: [8] Undefined index: appid /home/weiphp30/Application/Common/Common/function.php 第 1571 行.
NOTIC: [8] Undefined index: secret /home/weiphp30/Application/Common/Common/function.php 第 1571 行.
INFO: [ view_parse ] --START--
INFO: [ template_filter ] --START--
INFO: Run Behavior\ContentReplaceBehavior [ RunTime:0.000104s ]
INFO: [ template_filter ] --END-- [ RunTime:0.000149s ]
INFO: Run Behavior\ParseTemplateBehavior [ RunTime:0.007365s ]
INFO: [ view_parse ] --END-- [ RunTime:0.007397s ]
INFO: [ view_filter ] --START--
INFO: Run Behavior\WriteHtmlCacheBehavior [ RunTime:0.000115s ]
INFO: [ view_filter ] --END-- [ RunTime:0.000140s ]
INFO: [ app_end ] --START--
INFO: Run Behavior\ShowPageTraceBehavior [ RunTime:0.000422s ]
INFO: Run Behavior\CronRunBehavior [ RunTime:0.000327s ]
INFO: [ app_end ] --END-- [ RunTime:0.000801s ]

[ 2016-12-21T10:57:15+08:00 ] 182.254.86.147 /weiphp30/index.php?s=/home/weixin/index/id/2.html&signature=5cf7e1a95366fccab590f7b4c9911b14792c6bca&timestamp=1482289035&nonce=1070586262&openid=oVYbpwCFAxcPbE7_rf_BES50w8Yw
INFO: [ app_init ] --START--
INFO: Run Behavior\BuildLiteBehavior [ RunTime:0.000010s ]
INFO: Run Common\Behavior\InitHookBehavior [ RunTime:0.001224s ]
INFO: [ app_init ] --END-- [ RunTime:0.001526s ]
INFO: [ app_begin ] --START--
INFO: Run Behavior\ReadHtmlCacheBehavior [ RunTime:0.000303s ]
INFO: [ app_begin ] --END-- [ RunTime:0.000332s ]
NOTIC: [8] Undefined index: doNotInit /home/weiphp30/Application/Home/Model/WeixinModel.class.php 第 14 行.
NOTIC: [8] Undefined index: encrypt_type /home/weiphp30/Application/Home/Model/WeixinModel.class.php 第 20 行.
SQL: INSERT INTO `wp_weixin_log` (`cTime`,`cTime_format`,`data`,`data_post`) VALUES ('1482289035','2016-12-21 10:57:15','a:12:{s:10:\"ToUserName\";s:15:\"gh_ca892028da58\";s:12:\"FromUserName\";s:28:\"oVYbpwCFAxcPbE7_rf_BES50w8Yw\";s:10:\"CreateTime\";s:10:\"1482289035\";s:7:\"MsgType\";s:5:\"event\";s:5:\"Event\";s:17:\"MASSSENDJOBFINISH\";s:5:\"MsgID\";s:10:\"1000000091\";s:6:\"Status\";s:12:\"send success\";s:10:\"TotalCount\";s:3:\"214\";s:11:\"FilterCount\";s:3:\"214\";s:9:\"SentCount\";s:3:\"214\";s:10:\"ErrorCount\";s:1:\"0\";s:20:\"CopyrightCheckResult\";s:3:\"


\";}','<xml><ToUserName><![CDATA[gh_ca892028da58]]></ToUserName>
<FromUserName><![CDATA[oVYbpwCFAxcPbE7_rf_BES50w8Yw]]></FromUserName>
<CreateTime>1482289035</CreateTime>
<MsgType><![CDATA[event]]></MsgType>
<Event><![CDATA[MASSSENDJOBFINISH]]></Event>
<MsgID>1000000091</MsgID>
<Status><![CDATA[send success]]></Status>
<TotalCount>214</TotalCount>
<FilterCount>214</FilterCount>
<SentCount>214</SentCount>
<ErrorCount>0</ErrorCount>
<CopyrightCheckResult><Count>0</Count>
<ResultList></ResultList>
<CheckState>0</CheckState>
</CopyrightCheckResult>
</xml>') [ RunTime:0.0003s ]
SQL: SELECT `name`,type_0 as val FROM `wp_public_auth`  [ RunTime:0.0003s ]
SQL: SELECT `uid` FROM `wp_public_follow` WHERE `token` = 'gh_ca892028da58' AND `openid` = 'oVYbpwCFAxcPbE7_rf_BES50w8Yw' LIMIT 1   [ RunTime:0.0002s ]
NOTIC: [8] Undefined variable: user /home/weiphp30/Application/Home/Controller/WeixinController.class.php 第 301 行.
NOTIC: [8] Undefined index: Content /home/weiphp30/Application/Home/Controller/WeixinController.class.php 第 41 行.
NOTIC: [2] Invalid argument supplied for foreach() /home/weiphp30/Application/Home/Controller/WeixinController.class.php 第 46 行.
NOTIC: [8] Undefined variable: addons /home/weiphp30/Application/Common/Common/function.php 第 501 行.
NOTIC: [8] Undefined variable: addons /home/weiphp30/Application/Common/Common/function.php 第 501 行.
NOTIC: [8] Undefined variable: addons /home/weiphp30/Application/Common/Common/function.php 第 501 行.
NOTIC: [8] Undefined variable: addons /home/weiphp30/Application/Common/Common/function.php 第 501 行.
NOTIC: [8] Undefined variable: addons /home/weiphp30/Application/Common/Common/function.php 第 501 行.
NOTIC: [8] Undefined variable: addons /home/weiphp30/Application/Common/Common/function.php 第 501 行.
NOTIC: [8] Undefined variable: addons /home/weiphp30/Application/Common/Common/function.php 第 501 行.
NOTIC: [8] Undefined variable: addons /home/weiphp30/Application/Common/Common/function.php 第 501 行.
NOTIC: [8] Undefined variable: addons /home/weiphp30/Application/Common/Common/function.php 第 501 行.
NOTIC: [8] Undefined variable: addons /home/weiphp30/Application/Common/Common/function.php 第 501 行.
NOTIC: [8] Undefined variable: addons /home/weiphp30/Application/Common/Common/function.php 第 501 行.
NOTIC: [8] Undefined variable: addons /home/weiphp30/Application/Common/Common/function.php 第 501 行.
NOTIC: [8] Undefined variable: addons /home/weiphp30/Application/Common/Common/function.php 第 501 行.
NOTIC: [8] Undefined variable: addons /home/weiphp30/Application/Common/Common/function.php 第 501 行.
NOTIC: [8] Undefined variable: addons /home/weiphp30/Application/Common/Common/function.php 第 501 行.
NOTIC: [8] Undefined variable: addons /home/weiphp30/Application/Common/Common/function.php 第 501 行.
NOTIC: [8] Undefined variable: addons /home/weiphp30/Application/Common/Common/function.php 第 501 行.
NOTIC: [8] Undefined variable: addons /home/weiphp30/Application/Common/Common/function.php 第 501 行.
NOTIC: [8] Undefined variable: addons /home/weiphp30/Application/Common/Common/function.php 第 501 行.
NOTIC: [8] Undefined variable: addons /home/weiphp30/Application/Common/Common/function.php 第 501 行.
NOTIC: [8] Undefined variable: addons /home/weiphp30/Application/Common/Common/function.php 第 501 行.
NOTIC: [8] Undefined variable: addons /home/weiphp30/Application/Common/Common/function.php 第 501 行.
NOTIC: [8] Undefined variable: addons /home/weiphp30/Application/Common/Common/function.php 第 501 行.
NOTIC: [8] Undefined variable: addons /home/weiphp30/Application/Common/Common/function.php 第 501 行.
NOTIC: [8] Undefined variable: addons /home/weiphp30/Application/Common/Common/function.php 第 501 行.
NOTIC: [8] Undefined variable: addons /home/weiphp30/Application/Common/Common/function.php 第 501 行.
NOTIC: [8] Undefined variable: addons /home/weiphp30/Application/Common/Common/function.php 第 501 行.
NOTIC: [8] Undefined variable: addons /home/weiphp30/Application/Common/Common/function.php 第 501 行.
NOTIC: [8] Undefined variable: addons /home/weiphp30/Application/Common/Common/function.php 第 501 行.
NOTIC: [8] Undefined variable: addons /home/weiphp30/Application/Common/Common/function.php 第 501 行.
NOTIC: [8] Undefined variable: addons /home/weiphp30/Application/Common/Common/function.php 第 501 行.
NOTIC: [8] Undefined variable: addons /home/weiphp30/Application/Common/Common/function.php 第 501 行.
NOTIC: [8] Undefined variable: addons /home/weiphp30/Application/Common/Common/function.php 第 501 行.
NOTIC: [8] Undefined variable: addons /home/weiphp30/Application/Common/Common/function.php 第 501 行.
NOTIC: [8] Undefined variable: addons /home/weiphp30/Application/Common/Common/function.php 第 501 行.
NOTIC: [8] Undefined variable: addons /home/weiphp30/Application/Common/Common/function.php 第 501 行.
NOTIC: [8] Undefined variable: addons /home/weiphp30/Application/Common/Common/function.php 第 501 行.
NOTIC: [8] Undefined variable: addons /home/weiphp30/Application/Common/Common/function.php 第 501 行.
NOTIC: [8] Undefined variable: addons /home/weiphp30/Application/Common/Common/function.php 第 501 行.
NOTIC: [8] Undefined variable: addons /home/weiphp30/Application/Common/Common/function.php 第 501 行.
NOTIC: [8] Undefined variable: addons /home/weiphp30/Application/Common/Common/function.php 第 501 行.
NOTIC: [8] Undefined index: appid /home/weiphp30/Application/Home/Controller/WeixinController.class.php 第 73 行.
SQL: SELECT * FROM `wp_custom_menu` WHERE `keyword` = 'masssendjobfinish' AND `from_type` <> 9 AND `token` = 'gh_ca892028da58' AND `type` = 'click' ORDER BY id desc LIMIT 1   [ RunTime:0.0002s ]
SQL: SELECT * FROM `wp_keyword` WHERE ( token='0' OR token='gh_ca892028da58' ) AND `keyword` = 'masssendjobfinish' AND `keyword_type` = 0 ORDER BY id desc LIMIT 1   [ RunTime:0.0002s ]
SQL: SELECT * FROM `wp_keyword` WHERE ( token='0' OR token='gh_ca892028da58' ) AND `keyword` = 'masssendjobfinish' AND `keyword_type` = 5 ORDER BY RAND() LIMIT 1   [ RunTime:0.0006s ]
SQL: SELECT * FROM `wp_keyword` WHERE ( token='0' OR token='gh_ca892028da58' ) AND `keyword_type` in (1,2,3,4) ORDER BY keyword_length desc, id desc  [ RunTime:0.0003s ]
SQL: SELECT * FROM `wp_keyword` WHERE ( token='0' OR token='gh_ca892028da58' ) AND `keyword` = '*' ORDER BY id desc LIMIT 1   [ RunTime:0.0002s ]
NOTIC: [8] Undefined index: doNotInit /home/weiphp30/Application/Home/Model/WeixinModel.class.php 第 14 行.
NOTIC: [8] Undefined index: encrypt_type /home/weiphp30/Application/Home/Model/WeixinModel.class.php 第 20 行.
NOTIC: [8] Undefined index: stype /home/weiphp30/Addons/NoAnswer/Model/WeixinAddonModel.class.php 第 14 行.
NOTIC: [8] Undefined offset: 0 /home/weiphp30/Application/Home/Model/WeixinModel.class.php 第 246 行.
NOTIC: [8] Undefined offset: 0 /home/weiphp30/Application/Home/Model/WeixinModel.class.php 第 251 行.
NOTIC: [8] Undefined offset: 0 /home/weiphp30/Application/Home/Model/WeixinModel.class.php 第 254 行.
NOTIC: [8] Undefined offset: 0 /home/weiphp30/Application/Home/Model/WeixinModel.class.php 第 257 行.
NOTIC: [8] Undefined offset: 0 /home/weiphp30/Application/Home/Model/WeixinModel.class.php 第 260 行.
NOTIC: [8] Undefined variable: addons /home/weiphp30/Application/Common/Common/function.php 第 501 行.
NOTIC: [8] Undefined variable: addons /home/weiphp30/Application/Common/Common/function.php 第 501 行.
NOTIC: [8] Undefined variable: config /home/weiphp30/Application/Home/Model/WeixinModel.class.php 第 280 行.
NOTIC: [8] Undefined index: type /home/weiphp30/Application/Home/Model/WeixinModel.class.php 第 282 行.

