[ 2016-12-14T16:25:44+08:00 ] 101.204.247.218 /weiphp30/index.php?s=/Admin/Update/delcache.html
INFO: [ app_init ] --START--
INFO: Run Behavior\BuildLiteBehavior [ RunTime:0.000010s ]
INFO: Run Common\Behavior\InitHookBehavior [ RunTime:0.000933s ]
INFO: [ app_init ] --END-- [ RunTime:0.001196s ]
INFO: [ app_begin ] --START--
INFO: Run Behavior\ReadHtmlCacheBehavior [ RunTime:0.000341s ]
INFO: [ app_begin ] --END-- [ RunTime:0.000376s ]
NOTIC: [8] Undefined index: uid /home/weiphp30/ThinkPHP/Library/Think/Controller.class.php 第 526 行.
SQL: SELECT `id`,`token` FROM `wp_public`  [ RunTime:0.0005s ]
NOTIC: [8] Undefined offset: -1 /home/weiphp30/Application/Common/Model/PublicModel.class.php 第 38 行.
NOTIC: [8] Undefined index: addon_status /home/weiphp30/Application/Common/Model/AddonStatusModel.class.php 第 47 行.
NOTIC: [8] Undefined index: group_id /home/weiphp30/Application/Common/Model/AddonStatusModel.class.php 第 50 行.
NOTIC: [8] Undefined variable: addons /home/weiphp30/Application/Common/Common/function.php 第 501 行.
NOTIC: [8] Undefined variable: addons /home/weiphp30/Application/Common/Common/function.php 第 501 行.
NOTIC: [8] Undefined variable: addons /home/weiphp30/Application/Common/Common/function.php 第 501 行.
NOTIC: [8] Undefined variable: addons /home/weiphp30/Application/Common/Common/function.php 第 501 行.
NOTIC: [8] Undefined variable: addons /home/weiphp30/Application/Common/Common/function.php 第 501 行.
NOTIC: [8] Undefined variable: addons /home/weiphp30/Application/Common/Common/function.php 第 501 行.
NOTIC: [8] Undefined variable: addons /home/weiphp30/Application/Common/Common/function.php 第 501 行.
NOTIC: [8] Undefined variable: addons /home/weiphp30/Application/Common/Common/function.php 第 501 行.
NOTIC: [8] Undefined variable: addons /home/weiphp30/Application/Common/Common/function.php 第 501 行.
NOTIC: [8] Undefined variable: addons /home/weiphp30/Application/Common/Common/function.php 第 501 行.
NOTIC: [8] Undefined variable: addons /home/weiphp30/Application/Common/Common/function.php 第 501 行.
NOTIC: [8] Undefined variable: addons /home/weiphp30/Application/Common/Common/function.php 第 501 行.
NOTIC: [8] Undefined variable: addons /home/weiphp30/Application/Common/Common/function.php 第 501 行.
NOTIC: [8] Undefined variable: addons /home/weiphp30/Application/Common/Common/function.php 第 501 行.
NOTIC: [8] Undefined variable: addons /home/weiphp30/Application/Common/Common/function.php 第 501 行.
NOTIC: [8] Undefined variable: addons /home/weiphp30/Application/Common/Common/function.php 第 501 行.
NOTIC: [8] Undefined variable: addons /home/weiphp30/Application/Common/Common/function.php 第 501 行.
NOTIC: [8] Undefined variable: addons /home/weiphp30/Application/Common/Common/function.php 第 501 行.
NOTIC: [8] Undefined variable: addons /home/weiphp30/Application/Common/Common/function.php 第 501 行.
NOTIC: [8] Undefined variable: addons /home/weiphp30/Application/Common/Common/function.php 第 501 行.
NOTIC: [8] Undefined variable: addons /home/weiphp30/Application/Common/Common/function.php 第 501 行.
NOTIC: [8] Undefined variable: addons /home/weiphp30/Application/Common/Common/function.php 第 501 行.
NOTIC: [8] Undefined variable: addons /home/weiphp30/Application/Common/Common/function.php 第 501 行.
NOTIC: [8] Undefined variable: addons /home/weiphp30/Application/Common/Common/function.php 第 501 行.
NOTIC: [8] Undefined variable: addons /home/weiphp30/Application/Common/Common/function.php 第 501 行.
NOTIC: [8] Undefined variable: addons /home/weiphp30/Application/Common/Common/function.php 第 501 行.
NOTIC: [8] Undefined variable: addons /home/weiphp30/Application/Common/Common/function.php 第 501 行.
NOTIC: [8] Undefined variable: addons /home/weiphp30/Application/Common/Common/function.php 第 501 行.
NOTIC: [8] Undefined variable: addons /home/weiphp30/Application/Common/Common/function.php 第 501 行.
NOTIC: [8] Undefined variable: addons /home/weiphp30/Application/Common/Common/function.php 第 501 行.
NOTIC: [8] Undefined variable: addons /home/weiphp30/Application/Common/Common/function.php 第 501 行.
NOTIC: [8] Undefined variable: addons /home/weiphp30/Application/Common/Common/function.php 第 501 行.
NOTIC: [8] Undefined variable: addons /home/weiphp30/Application/Common/Common/function.php 第 501 行.
NOTIC: [8] Undefined variable: addons /home/weiphp30/Application/Common/Common/function.php 第 501 行.
NOTIC: [8] Undefined variable: addons /home/weiphp30/Application/Common/Common/function.php 第 501 行.
NOTIC: [8] Undefined variable: addons /home/weiphp30/Application/Common/Common/function.php 第 501 行.
NOTIC: [8] Undefined variable: addons /home/weiphp30/Application/Common/Common/function.php 第 501 行.
NOTIC: [8] Undefined variable: addons /home/weiphp30/Application/Common/Common/function.php 第 501 行.
NOTIC: [8] Undefined variable: addons /home/weiphp30/Application/Common/Common/function.php 第 501 行.
NOTIC: [8] Undefined variable: addons /home/weiphp30/Application/Common/Common/function.php 第 501 行.
NOTIC: [8] Undefined variable: addons /home/weiphp30/Application/Common/Common/function.php 第 501 行.
SQL: SELECT * FROM `wp_manager_menu` WHERE `uid` = 1 AND `is_hide` = 0 ORDER BY sort asc, id asc  [ RunTime:0.0005s ]
NOTIC: [8] Undefined variable: addons /home/weiphp30/Application/Common/Common/function.php 第 501 行.
NOTIC: [8] Undefined variable: addons /home/weiphp30/Application/Common/Common/function.php 第 501 行.
NOTIC: [8] Undefined variable: addons /home/weiphp30/Application/Common/Common/function.php 第 501 行.
NOTIC: [8] Undefined variable: addons /home/weiphp30/Application/Common/Common/function.php 第 501 行.
NOTIC: [8] Undefined variable: addons /home/weiphp30/Application/Common/Common/function.php 第 501 行.
NOTIC: [8] Undefined variable: addons /home/weiphp30/Application/Common/Common/function.php 第 501 行.
NOTIC: [8] Undefined variable: addons /home/weiphp30/Application/Common/Common/function.php 第 501 行.
NOTIC: [8] Undefined variable: addons /home/weiphp30/Application/Common/Common/function.php 第 501 行.
NOTIC: [8] Undefined variable: addons /home/weiphp30/Application/Common/Common/function.php 第 501 行.
NOTIC: [8] Undefined variable: addons /home/weiphp30/Application/Common/Common/function.php 第 501 行.
NOTIC: [8] Undefined offset: 14 /home/weiphp30/Application/Common/Model/ManagerMenuModel.class.php 第 106 行.
NOTIC: [8] Undefined offset: 14 /home/weiphp30/Application/Common/Model/ManagerMenuModel.class.php 第 116 行.
NOTIC: [8] Undefined offset: 60 /home/weiphp30/Application/Common/Model/ManagerMenuModel.class.php 第 106 行.
NOTIC: [8] Undefined offset: 60 /home/weiphp30/Application/Common/Model/ManagerMenuModel.class.php 第 116 行.
NOTIC: [8] Undefined index: side /home/weiphp30/Application/Common/Model/ManagerMenuModel.class.php 第 179 行.
NOTIC: [8] Undefined index: side /home/weiphp30/Application/Common/Model/ManagerMenuModel.class.php 第 179 行.
NOTIC: [8] Undefined index: side /home/weiphp30/Application/Common/Model/ManagerMenuModel.class.php 第 179 行.
NOTIC: [8] Undefined index: side /home/weiphp30/Application/Common/Model/ManagerMenuModel.class.php 第 179 行.
NOTIC: [8] Undefined index: side /home/weiphp30/Application/Common/Model/ManagerMenuModel.class.php 第 179 行.
NOTIC: [8] Undefined index: side /home/weiphp30/Application/Common/Model/ManagerMenuModel.class.php 第 179 行.
NOTIC: [8] Undefined index: side /home/weiphp30/Application/Common/Model/ManagerMenuModel.class.php 第 179 行.
NOTIC: [8] Undefined index: side /home/weiphp30/Application/Common/Model/ManagerMenuModel.class.php 第 179 行.
NOTIC: [8] Undefined index: side /home/weiphp30/Application/Common/Model/ManagerMenuModel.class.php 第 179 行.
NOTIC: [8] Undefined index: side /home/weiphp30/Application/Common/Model/ManagerMenuModel.class.php 第 179 行.
NOTIC: [8] Undefined index: side /home/weiphp30/Application/Common/Model/ManagerMenuModel.class.php 第 179 行.
NOTIC: [8] Undefined index: side /home/weiphp30/Application/Common/Model/ManagerMenuModel.class.php 第 179 行.
NOTIC: [8] Undefined index: side /home/weiphp30/Application/Common/Model/ManagerMenuModel.class.php 第 179 行.
NOTIC: [8] Undefined index: side /home/weiphp30/Application/Common/Model/ManagerMenuModel.class.php 第 179 行.
NOTIC: [8] Undefined index: side /home/weiphp30/Application/Common/Model/ManagerMenuModel.class.php 第 179 行.
NOTIC: [8] Undefined index: side /home/weiphp30/Application/Common/Model/ManagerMenuModel.class.php 第 179 行.
NOTIC: [8] Undefined index: side /home/weiphp30/Application/Common/Model/ManagerMenuModel.class.php 第 179 行.
NOTIC: [8] Undefined index: side /home/weiphp30/Application/Common/Model/ManagerMenuModel.class.php 第 179 行.
NOTIC: [8] Undefined index: side /home/weiphp30/Application/Common/Model/ManagerMenuModel.class.php 第 179 行.
NOTIC: [8] Undefined index: side /home/weiphp30/Application/Common/Model/ManagerMenuModel.class.php 第 179 行.
NOTIC: [8] Undefined index: side /home/weiphp30/Application/Common/Model/ManagerMenuModel.class.php 第 179 行.
NOTIC: [8] Undefined index: side /home/weiphp30/Application/Common/Model/ManagerMenuModel.class.php 第 179 行.
NOTIC: [8] Undefined index: side /home/weiphp30/Application/Common/Model/ManagerMenuModel.class.php 第 179 行.
NOTIC: [8] Undefined index: side /home/weiphp30/Application/Common/Model/ManagerMenuModel.class.php 第 179 行.
NOTIC: [8] Undefined index: side /home/weiphp30/Application/Common/Model/ManagerMenuModel.class.php 第 179 行.
NOTIC: [8] Undefined index: side /home/weiphp30/Application/Common/Model/ManagerMenuModel.class.php 第 179 行.
NOTIC: [8] Undefined index: side /home/weiphp30/Application/Common/Model/ManagerMenuModel.class.php 第 179 行.
NOTIC: [8] Undefined index: side /home/weiphp30/Application/Common/Model/ManagerMenuModel.class.php 第 179 行.
NOTIC: [8] Undefined index: side /home/weiphp30/Application/Common/Model/ManagerMenuModel.class.php 第 179 行.
NOTIC: [8] Undefined index: side /home/weiphp30/Application/Common/Model/ManagerMenuModel.class.php 第 179 行.
NOTIC: [8] Undefined index: side /home/weiphp30/Application/Common/Model/ManagerMenuModel.class.php 第 179 行.
NOTIC: [8] Undefined index: side /home/weiphp30/Application/Common/Model/ManagerMenuModel.class.php 第 179 行.
NOTIC: [8] Undefined index: side /home/weiphp30/Application/Common/Model/ManagerMenuModel.class.php 第 179 行.
NOTIC: [8] Undefined index: side /home/weiphp30/Application/Common/Model/ManagerMenuModel.class.php 第 179 行.
NOTIC: [8] Undefined index: side /home/weiphp30/Application/Common/Model/ManagerMenuModel.class.php 第 179 行.
NOTIC: [8] Undefined index: side /home/weiphp30/Application/Common/Model/ManagerMenuModel.class.php 第 179 行.
NOTIC: [8] Undefined index: side /home/weiphp30/Application/Common/Model/ManagerMenuModel.class.php 第 179 行.
NOTIC: [8] Undefined index: side /home/weiphp30/Application/Common/Model/ManagerMenuModel.class.php 第 179 行.
NOTIC: [8] Undefined index: side /home/weiphp30/Application/Common/Model/ManagerMenuModel.class.php 第 179 行.
NOTIC: [8] Undefined index: side /home/weiphp30/Application/Common/Model/ManagerMenuModel.class.php 第 179 行.
NOTIC: [8] Undefined index: side /home/weiphp30/Application/Common/Model/ManagerMenuModel.class.php 第 179 行.
NOTIC: [8] Undefined index: side /home/weiphp30/Application/Common/Model/ManagerMenuModel.class.php 第 179 行.
NOTIC: [8] Undefined index: side /home/weiphp30/Application/Common/Model/ManagerMenuModel.class.php 第 179 行.
NOTIC: [8] Undefined index: side /home/weiphp30/Application/Common/Model/ManagerMenuModel.class.php 第 179 行.
NOTIC: [8] Undefined index: side /home/weiphp30/Application/Common/Model/ManagerMenuModel.class.php 第 179 行.
NOTIC: [8] Undefined index: side /home/weiphp30/Application/Common/Model/ManagerMenuModel.class.php 第 179 行.
NOTIC: [8] Undefined index: side /home/weiphp30/Application/Common/Model/ManagerMenuModel.class.php 第 179 行.
NOTIC: [8] Undefined offset: 14 /home/weiphp30/Application/Common/Model/ManagerMenuModel.class.php 第 185 行.
SQL: SELECT * FROM `wp_public_link` WHERE `uid` = 1  [ RunTime:0.0003s ]
SQL: SELECT `id`,`title` FROM `wp_addons` WHERE `status` = 1  [ RunTime:0.0002s ]
SQL: UPDATE `wp_attribute` SET `extra`='18:欢迎语
19:微信用户中心
56:自定义菜单
111:帐号配置
101:微信卡券
39:微官网
42:微信宣传页
48:自定义回复
50:微调研
91:微邀约
93:互动游戏
97:微抢答
100:通用表单
106:微信红包
107:竞猜
108:微贺卡
110:实物奖励
126:开发者工具箱
128:微名片
130:自动回复
133:支付通
134:投票
137:评论互动
140:没回答的回复
141:工作授权
142:优惠券
143:帮拆礼包
144:会员卡
145:签到
146:微预约
151:短信服务
152:微考试
153:微测试
162:微社区
163:扫码管理
156:比赛抽奖
164:一键绑定公众号
165:学生中心
166:学员考勤
167:学习资料
168:课程展示
' WHERE `name` = 'addon_status' [ RunTime:0.0022s ]
SQL: SELECT `id`,`title`,`url` FROM `wp_menu` WHERE `pid` = 0 AND `hide` = 0 AND `is_dev` = 0 ORDER BY sort asc  [ RunTime:0.0003s ]
SQL: SELECT `pid` FROM `wp_menu` WHERE ( pid !=0 AND url like '%Update/delcache%' ) LIMIT 1   [ RunTime:0.0002s ]
SQL: SELECT * FROM `wp_menu` WHERE `id` = 68 LIMIT 1   [ RunTime:0.0002s ]
SQL: SELECT DISTINCT  `group` FROM `wp_menu` WHERE `group` <> '' AND `pid` = 68  [ RunTime:0.0003s ]
SQL: SELECT `id`,`url` FROM `wp_menu` WHERE `pid` = 68 AND `hide` = 0 AND `is_dev` = 0  [ RunTime:0.0002s ]
SQL: SELECT `id`,`pid`,`title`,`url`,`tip` FROM `wp_menu` WHERE `group` = '系统设置' AND `pid` = 68 AND `hide` = 0 AND `is_dev` = 0 ORDER BY sort asc  [ RunTime:0.0002s ]
SQL: SELECT `id`,`pid`,`title`,`url`,`tip` FROM `wp_menu` WHERE `group` = '数据备份' AND `pid` = 68 AND `hide` = 0 AND `is_dev` = 0 ORDER BY sort asc  [ RunTime:0.0002s ]
INFO: [ view_parse ] --START--
INFO: [ template_filter ] --START--
INFO: Run Behavior\ContentReplaceBehavior [ RunTime:0.000108s ]
INFO: [ template_filter ] --END-- [ RunTime:0.000168s ]
NOTIC: [8] Undefined variable: meta_title /home/weiphp30/Runtime/Cache/Admin/7448bc5b6c7ede42a8f022f98e8cc17b.php 第 5 行.
SQL: SELECT * FROM `wp_user` WHERE `uid` = 1 LIMIT 1   [ RunTime:0.0005s ]
SQL: SHOW COLUMNS FROM `wp_manager` [ RunTime:0.0005s ]
SQL: SELECT `uid`,`has_public`,`headface_url`,`GammaAppId`,`GammaSecret`,`copy_right`,`tongji_code`,`website_logo` FROM `wp_manager` WHERE ( uid='1' ) LIMIT 1   [ RunTime:0.0002s ]
SQL: SHOW COLUMNS FROM `wp_auth_group_access` [ RunTime:0.0004s ]
SQL: SELECT a.group_id,g.title,g.type,g.icon FROM wp_auth_group_access a INNER JOIN wp_auth_group g on a.group_id=g.id  WHERE ( a.uid='1' and g.status='1' )  [ RunTime:0.0003s ]
SQL: SHOW COLUMNS FROM `wp_public_follow` [ RunTime:0.0003s ]
SQL: SELECT `openid`,`token`,`uid`,`has_subscribe`,`syc_status`,`remark` FROM `wp_public_follow` WHERE ( uid='1' )  [ RunTime:0.0003s ]
NOTIC: [2] Invalid argument supplied for foreach() /home/weiphp30/Application/Common/Model/UserModel.class.php 第 251 行.
NOTIC: [8] Undefined index:  /home/weiphp30/Application/Common/Model/UserModel.class.php 第 271 行.
NOTIC: [8] Undefined index:  /home/weiphp30/Application/Common/Model/UserModel.class.php 第 272 行.
NOTIC: [8192] preg_replace(): The /e modifier is deprecated, use preg_replace_callback instead /home/weiphp30/Application/Common/Common/function.php 第 3299 行.
NOTIC: [8] Undefined variable: txt /home/weiphp30/Application/Common/Common/function.php 第 3308 行.
SQL: SHOW COLUMNS FROM `wp_user_tag_link` [ RunTime:0.0004s ]
SQL: SELECT `tag_id` FROM `wp_user_tag_link` WHERE `uid` = 1  [ RunTime:0.0001s ]
NOTIC: [2] file_put_contents(./Runtime/Temp/weiphp30_931b5b3cad55d64c859ac8fe37543b59.php): failed to open stream: No such file or directory /home/weiphp30/ThinkPHP/Library/Think/Cache/Driver/File.class.php 第 137 行.
SQL: SELECT * FROM `wp_user` WHERE `uid` = 1 LIMIT 1   [ RunTime:0.0002s ]
SQL: SELECT `uid`,`has_public`,`headface_url`,`GammaAppId`,`GammaSecret`,`copy_right`,`tongji_code`,`website_logo` FROM `wp_manager` WHERE ( uid='1' ) LIMIT 1   [ RunTime:0.0002s ]
SQL: SHOW COLUMNS FROM `wp_auth_group_access` [ RunTime:0.0004s ]
SQL: SELECT a.group_id,g.title,g.type,g.icon FROM wp_auth_group_access a INNER JOIN wp_auth_group g on a.group_id=g.id  WHERE ( a.uid='1' and g.status='1' )  [ RunTime:0.0002s ]
SQL: SELECT `openid`,`token`,`uid`,`has_subscribe`,`syc_status`,`remark` FROM `wp_public_follow` WHERE ( uid='1' )  [ RunTime:0.0004s ]
NOTIC: [2] Invalid argument supplied for foreach() /home/weiphp30/Application/Common/Model/UserModel.class.php 第 251 行.
NOTIC: [8] Undefined index:  /home/weiphp30/Application/Common/Model/UserModel.class.php 第 271 行.
NOTIC: [8] Undefined index:  /home/weiphp30/Application/Common/Model/UserModel.class.php 第 272 行.
NOTIC: [8192] preg_replace(): The /e modifier is deprecated, use preg_replace_callback instead /home/weiphp30/Application/Common/Common/function.php 第 3299 行.
NOTIC: [8] Undefined variable: txt /home/weiphp30/Application/Common/Common/function.php 第 3308 行.
SQL: SELECT `tag_id` FROM `wp_user_tag_link` WHERE `uid` = 1  [ RunTime:0.0001s ]
NOTIC: [2] file_put_contents(./Runtime/Temp/weiphp30_931b5b3cad55d64c859ac8fe37543b59.php): failed to open stream: No such file or directory /home/weiphp30/ThinkPHP/Library/Think/Cache/Driver/File.class.php 第 137 行.
INFO: Run Behavior\ParseTemplateBehavior [ RunTime:0.016948s ]
INFO: [ view_parse ] --END-- [ RunTime:0.016992s ]
INFO: [ view_filter ] --START--
INFO: Run Behavior\WriteHtmlCacheBehavior [ RunTime:0.000117s ]
INFO: [ view_filter ] --END-- [ RunTime:0.000143s ]
INFO: [ app_end ] --START--
INFO: Run Behavior\ShowPageTraceBehavior [ RunTime:0.000370s ]
INFO: Run Behavior\CronRunBehavior [ RunTime:0.000269s ]
INFO: [ app_end ] --END-- [ RunTime:0.000691s ]

